[ 2015-06-25T20:15:17+08:00 ] 127.0.0.1 /
INFO: [ app_begin ] --START--
INFO: ReadHtmlCache Behavior ::run [ RunTime:0.017277s ]
INFO: [ app_begin ] --END-- [ RunTime:0.056143s ]
SQL: SHOW COLUMNS FROM `it_category` [ RunTime:0.283158s ]
SQL: SELECT * FROM `it_category` WHERE ( parent_id=0 )  [ RunTime:0.087809s ]
SQL: SELECT * FROM `it_category`  [ RunTime:0.000765s ]
NOTIC: [8] Undefined index: user_id D:\server\wamp\www\itshop\App\Lib\Action\Home\HomeAction.class.php 第 55 行.
NOTIC: [8] Undefined variable: cartdata D:\server\wamp\www\itshop\App\Lib\Action\Home\HomeAction.class.php 第 60 行.
NOTIC: [8] Undefined variable: cartdata D:\server\wamp\www\itshop\App\Lib\Action\Home\HomeAction.class.php 第 62 行.
NOTIC: [2] Invalid argument supplied for foreach() D:\server\wamp\www\itshop\App\Lib\Action\Home\HomeAction.class.php 第 62 行.
NOTIC: [8] Undefined index: user_id D:\server\wamp\www\itshop\App\Lib\Action\Home\HomeAction.class.php 第 18 行.
SQL: SHOW COLUMNS FROM `it_advert` [ RunTime:0.047664s ]
SQL: SELECT * FROM `it_advert` ORDER BY add_time  desc LIMIT 10   [ RunTime:0.022658s ]
SQL: SHOW COLUMNS FROM `it_goods` [ RunTime:0.055186s ]
SQL: select * from it_goods where is_hot = 1 and is_sale = 1 and  is_delete=0 order by sort desc limit 3 [ RunTime:0.034442s ]
SQL: select * from it_goods where is_new = 1 and is_sale = 1 and  is_delete=0 order by sort desc limit 3 [ RunTime:0.001588s ]
SQL: select * from it_goods where is_best = 1 and is_sale = 1 and  is_delete=0 order by sort desc limit 3 [ RunTime:0.001243s ]
SQL: SELECT * FROM `it_goods` WHERE ( is_hot=1 and is_delete=0 and is_sale=1 ) ORDER BY sort asc LIMIT 3   [ RunTime:0.001227s ]
SQL: SELECT * FROM `it_goods` WHERE ( is_sale=1 and  is_delete=0 ) LIMIT 5   [ RunTime:0.001060s ]
INFO: [ view_parse ] --START--
NOTIC: [2] Invalid argument supplied for foreach() D:\server\wamp\www\itshop\App\Runtime\Cache\Home\5af3b772512f93bbed89b40e875139eb.php 第 327 行.
INFO: ParseTemplate Behavior ::run [ RunTime:0.248986s ]
INFO: [ view_parse ] --END-- [ RunTime:0.249174s ]
INFO: [ view_filter ] --START--
INFO: ContentReplace Behavior ::run [ RunTime:0.012449s ]
INFO: TokenBuild Behavior ::run [ RunTime:0.001621s ]
INFO: WriteHtmlCache Behavior ::run [ RunTime:0.001175s ]
INFO: ShowRuntime Behavior ::run [ RunTime:0.001687s ]
INFO: [ view_filter ] --END-- [ RunTime:0.017397s ]
INFO: [ view_end ] --START--
INFO: ShowPageTrace Behavior ::run [ RunTime:0.019531s ]
INFO: [ view_end ] --END-- [ RunTime:0.019689s ]

