[ 2015-04-16T00:53:43+08:00 ] 127.0.0.1 /index.php/admin/index/Js/global.js
ERR: 非法操作:js

[ 2015-04-16T00:53:43+08:00 ] 127.0.0.1 /index.php/admin/index/Js/utils.js
ERR: 非法操作:js

[ 2015-04-16T00:53:43+08:00 ] 127.0.0.1 /index.php/admin/index/Js/transport.js
ERR: 非法操作:js

[ 2015-04-16T00:53:46+08:00 ] 127.0.0.1 /index.php/admin/index/goodsTrash.html
ERR: 非法操作:goodstrash

[ 2015-04-16T00:53:47+08:00 ] 127.0.0.1 /index.php/admin/index/brandList.html
ERR: 非法操作:brandlist

[ 2015-04-16T00:54:00+08:00 ] 127.0.0.1 /index.php/admin/attribute/ajaxGetAttrs/id/2
INFO: [ app_begin ] --START--
INFO: ReadHtmlCache Behavior ::run [ RunTime:0.000880s ]
INFO: [ app_begin ] --END-- [ RunTime:0.000958s ]
SQL: SHOW COLUMNS FROM `it_attribute` [ RunTime:0.004244s ]
SQL: SELECT it_attribute.*,b.type_name FROM `it_attribute` LEFT JOIN it_goods_type b on it_attribute.type_id=b.id WHERE ( type_id=2 )  [ RunTime:0.000700s ]
INFO: [ view_parse ] --START--
NOTIC: [8] Undefined variable: k D:\server\apache\htdocs\itshop\App\Runtime\Cache\Admin\aa822fe642dbb703ba20758a563ef244.php 第 12 行.
NOTIC: [8] Undefined variable: val D:\server\apache\htdocs\itshop\App\Runtime\Cache\Admin\aa822fe642dbb703ba20758a563ef244.php 第 19 行.
NOTIC: [8] Undefined variable: val D:\server\apache\htdocs\itshop\App\Runtime\Cache\Admin\aa822fe642dbb703ba20758a563ef244.php 第 20 行.
NOTIC: [8] Undefined variable: k D:\server\apache\htdocs\itshop\App\Runtime\Cache\Admin\aa822fe642dbb703ba20758a563ef244.php 第 12 行.
NOTIC: [8] Undefined variable: val D:\server\apache\htdocs\itshop\App\Runtime\Cache\Admin\aa822fe642dbb703ba20758a563ef244.php 第 19 行.
NOTIC: [8] Undefined variable: val D:\server\apache\htdocs\itshop\App\Runtime\Cache\Admin\aa822fe642dbb703ba20758a563ef244.php 第 20 行.
NOTIC: [8] Undefined variable: k D:\server\apache\htdocs\itshop\App\Runtime\Cache\Admin\aa822fe642dbb703ba20758a563ef244.php 第 12 行.
NOTIC: [8] Undefined variable: val D:\server\apache\htdocs\itshop\App\Runtime\Cache\Admin\aa822fe642dbb703ba20758a563ef244.php 第 19 行.
NOTIC: [8] Undefined variable: val D:\server\apache\htdocs\itshop\App\Runtime\Cache\Admin\aa822fe642dbb703ba20758a563ef244.php 第 20 行.
INFO: ParseTemplate Behavior ::run [ RunTime:0.047709s ]
INFO: [ view_parse ] --END-- [ RunTime:0.047934s ]
INFO: [ view_filter ] --START--
INFO: ContentReplace Behavior ::run [ RunTime:0.000615s ]
INFO: TokenBuild Behavior ::run [ RunTime:0.000448s ]
INFO: WriteHtmlCache Behavior ::run [ RunTime:0.000343s ]
INFO: ShowRuntime Behavior ::run [ RunTime:0.000769s ]
INFO: [ view_filter ] --END-- [ RunTime:0.002433s ]
INFO: [ view_end ] --START--
INFO: ShowPageTrace Behavior ::run [ RunTime:0.000778s ]
INFO: [ view_end ] --END-- [ RunTime:0.000830s ]

[ 2015-04-16T00:54:01+08:00 ] 127.0.0.1 /index.php/admin/attribute/ajaxGetAttrs/id/4
INFO: [ app_begin ] --START--
INFO: ReadHtmlCache Behavior ::run [ RunTime:0.000919s ]
INFO: [ app_begin ] --END-- [ RunTime:0.001009s ]
SQL: SHOW COLUMNS FROM `it_attribute` [ RunTime:0.004326s ]
SQL: SELECT it_attribute.*,b.type_name FROM `it_attribute` LEFT JOIN it_goods_type b on it_attribute.type_id=b.id WHERE ( type_id=4 )  [ RunTime:0.000528s ]
INFO: [ view_parse ] --START--
NOTIC: [2] Invalid argument supplied for foreach() D:\server\apache\htdocs\itshop\App\Runtime\Cache\Admin\aa822fe642dbb703ba20758a563ef244.php 第 10 行.
INFO: ParseTemplate Behavior ::run [ RunTime:0.007594s ]
INFO: [ view_parse ] --END-- [ RunTime:0.007658s ]
INFO: [ view_filter ] --START--
INFO: ContentReplace Behavior ::run [ RunTime:0.000361s ]
INFO: TokenBuild Behavior ::run [ RunTime:0.000352s ]
INFO: WriteHtmlCache Behavior ::run [ RunTime:0.000247s ]
INFO: ShowRuntime Behavior ::run [ RunTime:0.000417s ]
INFO: [ view_filter ] --END-- [ RunTime:0.001503s ]
INFO: [ view_end ] --START--
INFO: ShowPageTrace Behavior ::run [ RunTime:0.000543s ]
INFO: [ view_end ] --END-- [ RunTime:0.000594s ]

[ 2015-04-16T00:54:05+08:00 ] 127.0.0.1 /index.php/admin/attribute/ajaxGetAttrs/id/6
INFO: [ app_begin ] --START--
INFO: ReadHtmlCache Behavior ::run [ RunTime:0.000755s ]
INFO: [ app_begin ] --END-- [ RunTime:0.000845s ]
SQL: SHOW COLUMNS FROM `it_attribute` [ RunTime:0.006905s ]
SQL: SELECT it_attribute.*,b.type_name FROM `it_attribute` LEFT JOIN it_goods_type b on it_attribute.type_id=b.id WHERE ( type_id=6 )  [ RunTime:0.001015s ]
INFO: [ view_parse ] --START--
NOTIC: [2] Invalid argument supplied for foreach() D:\server\apache\htdocs\itshop\App\Runtime\Cache\Admin\aa822fe642dbb703ba20758a563ef244.php 第 10 行.
INFO: ParseTemplate Behavior ::run [ RunTime:0.007685s ]
INFO: [ view_parse ] --END-- [ RunTime:0.007744s ]
INFO: [ view_filter ] --START--
INFO: ContentReplace Behavior ::run [ RunTime:0.000351s ]
INFO: TokenBuild Behavior ::run [ RunTime:0.000358s ]
INFO: WriteHtmlCache Behavior ::run [ RunTime:0.000246s ]
INFO: ShowRuntime Behavior ::run [ RunTime:0.000392s ]
INFO: [ view_filter ] --END-- [ RunTime:0.001466s ]
INFO: [ view_end ] --START--
INFO: ShowPageTrace Behavior ::run [ RunTime:0.000762s ]
INFO: [ view_end ] --END-- [ RunTime:0.000904s ]

[ 2015-04-16T00:54:06+08:00 ] 127.0.0.1 /index.php/admin/attribute/ajaxGetAttrs/id/0
INFO: [ app_begin ] --START--
INFO: ReadHtmlCache Behavior ::run [ RunTime:0.001161s ]
INFO: [ app_begin ] --END-- [ RunTime:0.001258s ]
SQL: SHOW COLUMNS FROM `it_attribute` [ RunTime:0.007075s ]
SQL: SELECT it_attribute.*,b.type_name FROM `it_attribute` LEFT JOIN it_goods_type b on it_attribute.type_id=b.id WHERE (  1 )  [ RunTime:0.001046s ]
INFO: [ view_parse ] --START--
NOTIC: [8] Undefined variable: k D:\server\apache\htdocs\itshop\App\Runtime\Cache\Admin\aa822fe642dbb703ba20758a563ef244.php 第 12 行.
NOTIC: [8] Undefined variable: val D:\server\apache\htdocs\itshop\App\Runtime\Cache\Admin\aa822fe642dbb703ba20758a563ef244.php 第 19 行.
NOTIC: [8] Undefined variable: val D:\server\apache\htdocs\itshop\App\Runtime\Cache\Admin\aa822fe642dbb703ba20758a563ef244.php 第 20 行.
NOTIC: [8] Undefined variable: k D:\server\apache\htdocs\itshop\App\Runtime\Cache\Admin\aa822fe642dbb703ba20758a563ef244.php 第 12 行.
NOTIC: [8] Undefined variable: val D:\server\apache\htdocs\itshop\App\Runtime\Cache\Admin\aa822fe642dbb703ba20758a563ef244.php 第 19 行.
NOTIC: [8] Undefined variable: val D:\server\apache\htdocs\itshop\App\Runtime\Cache\Admin\aa822fe642dbb703ba20758a563ef244.php 第 20 行.
NOTIC: [8] Undefined variable: k D:\server\apache\htdocs\itshop\App\Runtime\Cache\Admin\aa822fe642dbb703ba20758a563ef244.php 第 12 行.
NOTIC: [8] Undefined variable: val D:\server\apache\htdocs\itshop\App\Runtime\Cache\Admin\aa822fe642dbb703ba20758a563ef244.php 第 19 行.
NOTIC: [8] Undefined variable: val D:\server\apache\htdocs\itshop\App\Runtime\Cache\Admin\aa822fe642dbb703ba20758a563ef244.php 第 20 行.
NOTIC: [8] Undefined variable: k D:\server\apache\htdocs\itshop\App\Runtime\Cache\Admin\aa822fe642dbb703ba20758a563ef244.php 第 12 行.
NOTIC: [8] Undefined variable: val D:\server\apache\htdocs\itshop\App\Runtime\Cache\Admin\aa822fe642dbb703ba20758a563ef244.php 第 19 行.
NOTIC: [8] Undefined variable: val D:\server\apache\htdocs\itshop\App\Runtime\Cache\Admin\aa822fe642dbb703ba20758a563ef244.php 第 20 行.
NOTIC: [8] Undefined variable: k D:\server\apache\htdocs\itshop\App\Runtime\Cache\Admin\aa822fe642dbb703ba20758a563ef244.php 第 12 行.
NOTIC: [8] Undefined variable: val D:\server\apache\htdocs\itshop\App\Runtime\Cache\Admin\aa822fe642dbb703ba20758a563ef244.php 第 19 行.
NOTIC: [8] Undefined variable: val D:\server\apache\htdocs\itshop\App\Runtime\Cache\Admin\aa822fe642dbb703ba20758a563ef244.php 第 20 行.
NOTIC: [8] Undefined variable: k D:\server\apache\htdocs\itshop\App\Runtime\Cache\Admin\aa822fe642dbb703ba20758a563ef244.php 第 12 行.
NOTIC: [8] Undefined variable: val D:\server\apache\htdocs\itshop\App\Runtime\Cache\Admin\aa822fe642dbb703ba20758a563ef244.php 第 19 行.
NOTIC: [8] Undefined variable: val D:\server\apache\htdocs\itshop\App\Runtime\Cache\Admin\aa822fe642dbb703ba20758a563ef244.php 第 20 行.
INFO: ParseTemplate Behavior ::run [ RunTime:0.008261s ]
INFO: [ view_parse ] --END-- [ RunTime:0.008327s ]
INFO: [ view_filter ] --START--
INFO: ContentReplace Behavior ::run [ RunTime:0.000525s ]
INFO: TokenBuild Behavior ::run [ RunTime:0.000347s ]
INFO: WriteHtmlCache Behavior ::run [ RunTime:0.000242s ]
INFO: ShowRuntime Behavior ::run [ RunTime:0.000426s ]
INFO: [ view_filter ] --END-- [ RunTime:0.001669s ]
INFO: [ view_end ] --START--
INFO: ShowPageTrace Behavior ::run [ RunTime:0.000539s ]
INFO: [ view_end ] --END-- [ RunTime:0.000594s ]

[ 2015-04-16T00:55:24+08:00 ] 127.0.0.1 /index.php/admin/attribute/ajaxGetAttrs/id/2
INFO: [ app_begin ] --START--
INFO: ReadHtmlCache Behavior ::run [ RunTime:0.000747s ]
INFO: [ app_begin ] --END-- [ RunTime:0.000845s ]
SQL: SHOW COLUMNS FROM `it_attribute` [ RunTime:0.013544s ]
SQL: SELECT it_attribute.*,b.type_name FROM `it_attribute` LEFT JOIN it_goods_type b on it_attribute.type_id=b.id WHERE ( type_id=2 )  [ RunTime:0.000855s ]
INFO: [ view_parse ] --START--
NOTIC: [8] Undefined variable: k D:\server\apache\htdocs\itshop\App\Runtime\Cache\Admin\aa822fe642dbb703ba20758a563ef244.php 第 12 行.
NOTIC: [8] Undefined variable: val D:\server\apache\htdocs\itshop\App\Runtime\Cache\Admin\aa822fe642dbb703ba20758a563ef244.php 第 19 行.
NOTIC: [8] Undefined variable: val D:\server\apache\htdocs\itshop\App\Runtime\Cache\Admin\aa822fe642dbb703ba20758a563ef244.php 第 20 行.
NOTIC: [8] Undefined variable: k D:\server\apache\htdocs\itshop\App\Runtime\Cache\Admin\aa822fe642dbb703ba20758a563ef244.php 第 12 行.
NOTIC: [8] Undefined variable: val D:\server\apache\htdocs\itshop\App\Runtime\Cache\Admin\aa822fe642dbb703ba20758a563ef244.php 第 19 行.
NOTIC: [8] Undefined variable: val D:\server\apache\htdocs\itshop\App\Runtime\Cache\Admin\aa822fe642dbb703ba20758a563ef244.php 第 20 行.
NOTIC: [8] Undefined variable: k D:\server\apache\htdocs\itshop\App\Runtime\Cache\Admin\aa822fe642dbb703ba20758a563ef244.php 第 12 行.
NOTIC: [8] Undefined variable: val D:\server\apache\htdocs\itshop\App\Runtime\Cache\Admin\aa822fe642dbb703ba20758a563ef244.php 第 19 行.
NOTIC: [8] Undefined variable: val D:\server\apache\htdocs\itshop\App\Runtime\Cache\Admin\aa822fe642dbb703ba20758a563ef244.php 第 20 行.
INFO: ParseTemplate Behavior ::run [ RunTime:0.007903s ]
INFO: [ view_parse ] --END-- [ RunTime:0.007966s ]
INFO: [ view_filter ] --START--
INFO: ContentReplace Behavior ::run [ RunTime:0.000435s ]
INFO: TokenBuild Behavior ::run [ RunTime:0.000341s ]
INFO: WriteHtmlCache Behavior ::run [ RunTime:0.000243s ]
INFO: ShowRuntime Behavior ::run [ RunTime:0.000425s ]
INFO: [ view_filter ] --END-- [ RunTime:0.001571s ]
INFO: [ view_end ] --START--
INFO: ShowPageTrace Behavior ::run [ RunTime:0.000537s ]
INFO: [ view_end ] --END-- [ RunTime:0.000604s ]

[ 2015-04-16T00:55:26+08:00 ] 127.0.0.1 /index.php/admin/attribute/ajaxGetAttrs/id/3
INFO: [ app_begin ] --START--
INFO: ReadHtmlCache Behavior ::run [ RunTime:0.000790s ]
INFO: [ app_begin ] --END-- [ RunTime:0.000874s ]
SQL: SHOW COLUMNS FROM `it_attribute` [ RunTime:0.004071s ]
SQL: SELECT it_attribute.*,b.type_name FROM `it_attribute` LEFT JOIN it_goods_type b on it_attribute.type_id=b.id WHERE ( type_id=3 )  [ RunTime:0.000979s ]
INFO: [ view_parse ] --START--
NOTIC: [2] Invalid argument supplied for foreach() D:\server\apache\htdocs\itshop\App\Runtime\Cache\Admin\aa822fe642dbb703ba20758a563ef244.php 第 10 行.
INFO: ParseTemplate Behavior ::run [ RunTime:0.007753s ]
INFO: [ view_parse ] --END-- [ RunTime:0.007811s ]
INFO: [ view_filter ] --START--
INFO: ContentReplace Behavior ::run [ RunTime:0.000369s ]
INFO: TokenBuild Behavior ::run [ RunTime:0.000344s ]
INFO: WriteHtmlCache Behavior ::run [ RunTime:0.000244s ]
INFO: ShowRuntime Behavior ::run [ RunTime:0.000417s ]
INFO: [ view_filter ] --END-- [ RunTime:0.001497s ]
INFO: [ view_end ] --START--
INFO: ShowPageTrace Behavior ::run [ RunTime:0.000534s ]
INFO: [ view_end ] --END-- [ RunTime:0.000582s ]

[ 2015-04-16T00:55:28+08:00 ] 127.0.0.1 /index.php/admin/attribute/ajaxGetAttrs/id/5
INFO: [ app_begin ] --START--
INFO: ReadHtmlCache Behavior ::run [ RunTime:0.000535s ]
INFO: [ app_begin ] --END-- [ RunTime:0.000591s ]
SQL: SHOW COLUMNS FROM `it_attribute` [ RunTime:0.005142s ]
SQL: SELECT it_attribute.*,b.type_name FROM `it_attribute` LEFT JOIN it_goods_type b on it_attribute.type_id=b.id WHERE ( type_id=5 )  [ RunTime:0.000939s ]
INFO: [ view_parse ] --START--
NOTIC: [2] Invalid argument supplied for foreach() D:\server\apache\htdocs\itshop\App\Runtime\Cache\Admin\aa822fe642dbb703ba20758a563ef244.php 第 10 行.
INFO: ParseTemplate Behavior ::run [ RunTime:0.007718s ]
INFO: [ view_parse ] --END-- [ RunTime:0.007776s ]
INFO: [ view_filter ] --START--
INFO: ContentReplace Behavior ::run [ RunTime:0.000354s ]
INFO: TokenBuild Behavior ::run [ RunTime:0.000345s ]
INFO: WriteHtmlCache Behavior ::run [ RunTime:0.000245s ]
INFO: ShowRuntime Behavior ::run [ RunTime:0.000416s ]
INFO: [ view_filter ] --END-- [ RunTime:0.001487s ]
INFO: [ view_end ] --START--
INFO: ShowPageTrace Behavior ::run [ RunTime:0.000545s ]
INFO: [ view_end ] --END-- [ RunTime:0.000593s ]

[ 2015-04-16T00:55:32+08:00 ] 127.0.0.1 /index.php/admin/index/categoryList.html
ERR: 非法操作:categorylist

[ 2015-04-16T00:55:33+08:00 ] 127.0.0.1 /index.php/admin/index/goodsList.html
ERR: 非法操作:goodslist

[ 2015-04-16T00:55:34+08:00 ] 127.0.0.1 /index.php/admin/index/goodsList.html
ERR: 非法操作:goodslist

[ 2015-04-16T00:55:34+08:00 ] 127.0.0.1 /index.php/admin/index/goodsAdd.html
ERR: 非法操作:goodsadd

[ 2015-04-16T00:55:35+08:00 ] 127.0.0.1 /index.php/admin/index/categoryList.html
ERR: 非法操作:categorylist

[ 2015-04-16T00:55:46+08:00 ] 127.0.0.1 /index.php/admin/Category/categoryEdit?cat_id=%3C{$val.cat_id}%3E
ERR: 无法加载模块:Category

[ 2015-04-16T01:03:08+08:00 ] 127.0.0.1 /index.php/admin/index/Js/global.js
ERR: 非法操作:js

[ 2015-04-16T01:03:08+08:00 ] 127.0.0.1 /index.php/admin/index/Js/utils.js
ERR: 非法操作:js

[ 2015-04-16T01:03:08+08:00 ] 127.0.0.1 /index.php/admin/index/Js/transport.js
ERR: 非法操作:js

[ 2015-04-16T01:42:54+08:00 ] 127.0.0.1 /index.php/admin
INFO: [ route_check ] --START--
INFO: CheckRoute Behavior ::run [ RunTime:0.000955s ]
INFO: [ route_check ] --END-- [ RunTime:0.001061s ]
INFO: [ app_begin ] --START--
INFO: ReadHtmlCache Behavior ::run [ RunTime:0.000686s ]
INFO: [ app_begin ] --END-- [ RunTime:0.000746s ]
INFO: [ view_parse ] --START--
INFO: ParseTemplate Behavior ::run [ RunTime:0.007872s ]
INFO: [ view_parse ] --END-- [ RunTime:0.008045s ]
INFO: [ view_filter ] --START--
INFO: ContentReplace Behavior ::run [ RunTime:0.000868s ]
INFO: TokenBuild Behavior ::run [ RunTime:0.000640s ]
INFO: WriteHtmlCache Behavior ::run [ RunTime:0.000365s ]
INFO: ShowRuntime Behavior ::run [ RunTime:0.000501s ]
INFO: [ view_filter ] --END-- [ RunTime:0.002616s ]
INFO: [ view_end ] --START--
INFO: ShowPageTrace Behavior ::run [ RunTime:0.000805s ]
INFO: [ view_end ] --END-- [ RunTime:0.000906s ]

[ 2015-04-16T01:42:54+08:00 ] 127.0.0.1 /index.php/admin/index/top
INFO: [ route_check ] --START--
INFO: CheckRoute Behavior ::run [ RunTime:0.000739s ]
INFO: [ route_check ] --END-- [ RunTime:0.000822s ]
INFO: [ app_begin ] --START--
INFO: ReadHtmlCache Behavior ::run [ RunTime:0.000490s ]
INFO: [ app_begin ] --END-- [ RunTime:0.000546s ]
INFO: [ view_parse ] --START--
INFO: ParseTemplate Behavior ::run [ RunTime:0.007281s ]
INFO: [ view_parse ] --END-- [ RunTime:0.007380s ]
INFO: [ view_filter ] --START--
INFO: ContentReplace Behavior ::run [ RunTime:0.000458s ]
INFO: TokenBuild Behavior ::run [ RunTime:0.000355s ]
INFO: WriteHtmlCache Behavior ::run [ RunTime:0.000249s ]
INFO: ShowRuntime Behavior ::run [ RunTime:0.000423s ]
INFO: [ view_filter ] --END-- [ RunTime:0.001626s ]
INFO: [ view_end ] --START--
INFO: ShowPageTrace Behavior ::run [ RunTime:0.000564s ]
INFO: [ view_end ] --END-- [ RunTime:0.000616s ]

[ 2015-04-16T01:42:54+08:00 ] 127.0.0.1 /index.php/admin/index/menu
INFO: [ route_check ] --START--
INFO: CheckRoute Behavior ::run [ RunTime:0.001418s ]
INFO: [ route_check ] --END-- [ RunTime:0.001539s ]
INFO: [ app_begin ] --START--
INFO: ReadHtmlCache Behavior ::run [ RunTime:0.001020s ]
INFO: [ app_begin ] --END-- [ RunTime:0.001145s ]
INFO: [ view_parse ] --START--
INFO: ParseTemplate Behavior ::run [ RunTime:0.016541s ]
INFO: [ view_parse ] --END-- [ RunTime:0.016713s ]
INFO: [ view_filter ] --START--
INFO: ContentReplace Behavior ::run [ RunTime:0.030574s ]
INFO: TokenBuild Behavior ::run [ RunTime:0.000692s ]
INFO: WriteHtmlCache Behavior ::run [ RunTime:0.000462s ]
INFO: ShowRuntime Behavior ::run [ RunTime:0.000603s ]
INFO: [ view_filter ] --END-- [ RunTime:0.032552s ]
INFO: [ view_end ] --START--
INFO: ShowPageTrace Behavior ::run [ RunTime:0.000782s ]
INFO: [ view_end ] --END-- [ RunTime:0.000853s ]

[ 2015-04-16T01:42:54+08:00 ] 127.0.0.1 /index.php/admin/index/main
INFO: [ route_check ] --START--
INFO: CheckRoute Behavior ::run [ RunTime:0.009611s ]
INFO: [ route_check ] --END-- [ RunTime:0.009833s ]
INFO: [ app_begin ] --START--
INFO: ReadHtmlCache Behavior ::run [ RunTime:0.000684s ]
INFO: [ app_begin ] --END-- [ RunTime:0.000737s ]
INFO: [ view_parse ] --START--
NOTIC: [8] Undefined variable: arr D:\server\apache\htdocs\itshop\App\Runtime\Cache\Admin\2ad3618d67075988ac943fe5d6b7b9e4.php 第 53 行.
INFO: ParseTemplate Behavior ::run [ RunTime:0.013155s ]
INFO: [ view_parse ] --END-- [ RunTime:0.013232s ]
INFO: [ view_filter ] --START--
INFO: ContentReplace Behavior ::run [ RunTime:0.000561s ]
INFO: TokenBuild Behavior ::run [ RunTime:0.000626s ]
INFO: WriteHtmlCache Behavior ::run [ RunTime:0.000542s ]
INFO: ShowRuntime Behavior ::run [ RunTime:0.000887s ]
INFO: [ view_filter ] --END-- [ RunTime:0.002842s ]
INFO: [ view_end ] --START--
INFO: ShowPageTrace Behavior ::run [ RunTime:0.001439s ]
INFO: [ view_end ] --END-- [ RunTime:0.001612s ]

[ 2015-04-16T01:42:54+08:00 ] 127.0.0.1 /index.php/admin/index/Js/transport.js
INFO: [ route_check ] --START--
INFO: CheckRoute Behavior ::run [ RunTime:0.000750s ]
INFO: [ route_check ] --END-- [ RunTime:0.000869s ]
INFO: [ app_begin ] --START--
INFO: ReadHtmlCache Behavior ::run [ RunTime:0.000538s ]
INFO: [ app_begin ] --END-- [ RunTime:0.000591s ]
ERR: 非法操作:js

[ 2015-04-16T01:42:55+08:00 ] 127.0.0.1 /index.php/admin/index/Js/utils.js
INFO: [ route_check ] --START--
INFO: CheckRoute Behavior ::run [ RunTime:0.002066s ]
INFO: [ route_check ] --END-- [ RunTime:0.002165s ]
INFO: [ app_begin ] --START--
INFO: ReadHtmlCache Behavior ::run [ RunTime:0.000636s ]
INFO: [ app_begin ] --END-- [ RunTime:0.000725s ]
ERR: 非法操作:js

[ 2015-04-16T01:42:55+08:00 ] 127.0.0.1 /index.php/admin/index/Js/global.js
INFO: [ route_check ] --START--
INFO: CheckRoute Behavior ::run [ RunTime:0.002679s ]
INFO: [ route_check ] --END-- [ RunTime:0.002840s ]
INFO: [ app_begin ] --START--
INFO: ReadHtmlCache Behavior ::run [ RunTime:0.001126s ]
INFO: [ app_begin ] --END-- [ RunTime:0.001228s ]
ERR: 非法操作:js

[ 2015-04-16T01:42:57+08:00 ] 127.0.0.1 /index.php/admin/index/categoryList.html
INFO: [ route_check ] --START--
INFO: CheckRoute Behavior ::run [ RunTime:0.001344s ]
INFO: [ route_check ] --END-- [ RunTime:0.001559s ]
INFO: [ app_begin ] --START--
INFO: ReadHtmlCache Behavior ::run [ RunTime:0.000815s ]
INFO: [ app_begin ] --END-- [ RunTime:0.000892s ]
ERR: 非法操作:categorylist

[ 2015-04-16T01:42:59+08:00 ] 127.0.0.1 /index.php/admin/GoodsType/typeList
INFO: [ route_check ] --START--
INFO: CheckRoute Behavior ::run [ RunTime:0.000792s ]
INFO: [ route_check ] --END-- [ RunTime:0.000876s ]
INFO: [ app_begin ] --START--
INFO: ReadHtmlCache Behavior ::run [ RunTime:0.000504s ]
INFO: [ app_begin ] --END-- [ RunTime:0.000558s ]
SQL: SHOW COLUMNS FROM `it_goods_type` [ RunTime:0.004759s ]
SQL: select a.*,count(b.id) count  from it_goods_type a  left join it_attribute b on a.id=b.type_id group by a.id [ RunTime:0.001198s ]
INFO: [ view_parse ] --START--
NOTIC: [8] Undefined variable: val D:\server\apache\htdocs\itshop\App\Runtime\Cache\Admin\eb448b546532304477e460ea16658c01.php 第 35 行.
NOTIC: [8] Undefined variable: val D:\server\apache\htdocs\itshop\App\Runtime\Cache\Admin\eb448b546532304477e460ea16658c01.php 第 35 行.
NOTIC: [8] Undefined variable: val D:\server\apache\htdocs\itshop\App\Runtime\Cache\Admin\eb448b546532304477e460ea16658c01.php 第 35 行.
NOTIC: [8] Undefined variable: val D:\server\apache\htdocs\itshop\App\Runtime\Cache\Admin\eb448b546532304477e460ea16658c01.php 第 35 行.
NOTIC: [8] Undefined variable: val D:\server\apache\htdocs\itshop\App\Runtime\Cache\Admin\eb448b546532304477e460ea16658c01.php 第 35 行.
NOTIC: [8] Undefined variable: val D:\server\apache\htdocs\itshop\App\Runtime\Cache\Admin\eb448b546532304477e460ea16658c01.php 第 35 行.
NOTIC: [8] Undefined variable: val D:\server\apache\htdocs\itshop\App\Runtime\Cache\Admin\eb448b546532304477e460ea16658c01.php 第 35 行.
NOTIC: [8] Undefined variable: val D:\server\apache\htdocs\itshop\App\Runtime\Cache\Admin\eb448b546532304477e460ea16658c01.php 第 35 行.
NOTIC: [8] Undefined variable: val D:\server\apache\htdocs\itshop\App\Runtime\Cache\Admin\eb448b546532304477e460ea16658c01.php 第 35 行.
NOTIC: [8] Undefined variable: val D:\server\apache\htdocs\itshop\App\Runtime\Cache\Admin\eb448b546532304477e460ea16658c01.php 第 35 行.
INFO: ParseTemplate Behavior ::run [ RunTime:0.008714s ]
INFO: [ view_parse ] --END-- [ RunTime:0.008780s ]
INFO: [ view_filter ] --START--
INFO: ContentReplace Behavior ::run [ RunTime:0.000692s ]
INFO: TokenBuild Behavior ::run [ RunTime:0.000445s ]
INFO: WriteHtmlCache Behavior ::run [ RunTime:0.000399s ]
INFO: ShowRuntime Behavior ::run [ RunTime:0.000499s ]
INFO: [ view_filter ] --END-- [ RunTime:0.002167s ]
INFO: [ view_end ] --START--
INFO: ShowPageTrace Behavior ::run [ RunTime:0.000729s ]
INFO: [ view_end ] --END-- [ RunTime:0.000797s ]

[ 2015-04-16T01:43:01+08:00 ] 127.0.0.1 /index.php/admin/Attribute/attrList/id/1
INFO: [ route_check ] --START--
INFO: CheckRoute Behavior ::run [ RunTime:0.000783s ]
INFO: [ route_check ] --END-- [ RunTime:0.000867s ]
INFO: [ app_begin ] --START--
INFO: ReadHtmlCache Behavior ::run [ RunTime:0.000560s ]
INFO: [ app_begin ] --END-- [ RunTime:0.000624s ]
SQL: SHOW COLUMNS FROM `it_goods_type` [ RunTime:0.004265s ]
SQL: SELECT * FROM `it_goods_type`  [ RunTime:0.001405s ]
SQL: SHOW COLUMNS FROM `it_attribute` [ RunTime:0.004460s ]
SQL: SELECT it_attribute.*,b.type_name FROM `it_attribute` LEFT JOIN it_goods_type b on it_attribute.type_id=b.id WHERE ( type_id=1 )  [ RunTime:0.000975s ]
INFO: [ view_parse ] --START--
NOTIC: [8] Undefined variable: val D:\server\apache\htdocs\itshop\App\Runtime\Cache\Admin\c3ba7c93de8a12b904a23d17b14c3e91.php 第 73 行.
NOTIC: [8] Undefined variable: val D:\server\apache\htdocs\itshop\App\Runtime\Cache\Admin\c3ba7c93de8a12b904a23d17b14c3e91.php 第 74 行.
NOTIC: [8] Undefined variable: val D:\server\apache\htdocs\itshop\App\Runtime\Cache\Admin\c3ba7c93de8a12b904a23d17b14c3e91.php 第 73 行.
NOTIC: [8] Undefined variable: val D:\server\apache\htdocs\itshop\App\Runtime\Cache\Admin\c3ba7c93de8a12b904a23d17b14c3e91.php 第 74 行.
NOTIC: [8] Undefined variable: val D:\server\apache\htdocs\itshop\App\Runtime\Cache\Admin\c3ba7c93de8a12b904a23d17b14c3e91.php 第 73 行.
NOTIC: [8] Undefined variable: val D:\server\apache\htdocs\itshop\App\Runtime\Cache\Admin\c3ba7c93de8a12b904a23d17b14c3e91.php 第 74 行.
INFO: ParseTemplate Behavior ::run [ RunTime:0.029716s ]
INFO: [ view_parse ] --END-- [ RunTime:0.029783s ]
INFO: [ view_filter ] --START--
INFO: ContentReplace Behavior ::run [ RunTime:0.000506s ]
INFO: TokenBuild Behavior ::run [ RunTime:0.000376s ]
INFO: WriteHtmlCache Behavior ::run [ RunTime:0.000258s ]
INFO: ShowRuntime Behavior ::run [ RunTime:0.000426s ]
INFO: [ view_filter ] --END-- [ RunTime:0.001719s ]
INFO: [ view_end ] --START--
INFO: ShowPageTrace Behavior ::run [ RunTime:0.000695s ]
INFO: [ view_end ] --END-- [ RunTime:0.000763s ]

[ 2015-04-16T01:44:33+08:00 ] 127.0.0.1 /index.php/admin
INFO: [ route_check ] --START--
INFO: CheckRoute Behavior ::run [ RunTime:0.000805s ]
INFO: [ route_check ] --END-- [ RunTime:0.000890s ]
INFO: [ app_begin ] --START--
INFO: ReadHtmlCache Behavior ::run [ RunTime:0.000464s ]
INFO: [ app_begin ] --END-- [ RunTime:0.000514s ]
INFO: [ view_parse ] --START--
INFO: ParseTemplate Behavior ::run [ RunTime:0.006675s ]
INFO: [ view_parse ] --END-- [ RunTime:0.006750s ]
INFO: [ view_filter ] --START--
INFO: ContentReplace Behavior ::run [ RunTime:0.000353s ]
INFO: TokenBuild Behavior ::run [ RunTime:0.000399s ]
INFO: WriteHtmlCache Behavior ::run [ RunTime:0.000244s ]
INFO: ShowRuntime Behavior ::run [ RunTime:0.000510s ]
INFO: [ view_filter ] --END-- [ RunTime:0.001640s ]
INFO: [ view_end ] --START--
INFO: ShowPageTrace Behavior ::run [ RunTime:0.000655s ]
INFO: [ view_end ] --END-- [ RunTime:0.000703s ]

[ 2015-04-16T01:44:33+08:00 ] 127.0.0.1 /index.php/admin/index/menu
INFO: [ route_check ] --START--
INFO: CheckRoute Behavior ::run [ RunTime:0.000719s ]
INFO: [ route_check ] --END-- [ RunTime:0.000808s ]
INFO: [ app_begin ] --START--
INFO: ReadHtmlCache Behavior ::run [ RunTime:0.000471s ]
INFO: [ app_begin ] --END-- [ RunTime:0.000521s ]
INFO: [ view_parse ] --START--
INFO: ParseTemplate Behavior ::run [ RunTime:0.008617s ]
INFO: [ view_parse ] --END-- [ RunTime:0.008722s ]
INFO: [ view_filter ] --START--
INFO: ContentReplace Behavior ::run [ RunTime:0.000628s ]
INFO: TokenBuild Behavior ::run [ RunTime:0.000401s ]
INFO: WriteHtmlCache Behavior ::run [ RunTime:0.000247s ]
INFO: ShowRuntime Behavior ::run [ RunTime:0.000626s ]
INFO: [ view_filter ] --END-- [ RunTime:0.002103s ]
INFO: [ view_end ] --START--
INFO: ShowPageTrace Behavior ::run [ RunTime:0.000580s ]
INFO: [ view_end ] --END-- [ RunTime:0.000647s ]

[ 2015-04-16T01:44:33+08:00 ] 127.0.0.1 /index.php/admin/index/main
INFO: [ route_check ] --START--
INFO: CheckRoute Behavior ::run [ RunTime:0.001045s ]
INFO: [ route_check ] --END-- [ RunTime:0.001149s ]
INFO: [ app_begin ] --START--
INFO: ReadHtmlCache Behavior ::run [ RunTime:0.000707s ]
INFO: [ app_begin ] --END-- [ RunTime:0.000781s ]
INFO: [ view_parse ] --START--
NOTIC: [8] Undefined variable: arr D:\server\apache\htdocs\itshop\App\Runtime\Cache\Admin\2ad3618d67075988ac943fe5d6b7b9e4.php 第 53 行.
INFO: ParseTemplate Behavior ::run [ RunTime:0.011840s ]
INFO: [ view_parse ] --END-- [ RunTime:0.011963s ]
INFO: [ view_filter ] --START--
INFO: ContentReplace Behavior ::run [ RunTime:0.000766s ]
INFO: TokenBuild Behavior ::run [ RunTime:0.000760s ]
INFO: WriteHtmlCache Behavior ::run [ RunTime:0.000471s ]
INFO: ShowRuntime Behavior ::run [ RunTime:0.000819s ]
INFO: [ view_filter ] --END-- [ RunTime:0.003038s ]
INFO: [ view_end ] --START--
INFO: ShowPageTrace Behavior ::run [ RunTime:0.001222s ]
INFO: [ view_end ] --END-- [ RunTime:0.001333s ]

[ 2015-04-16T01:44:33+08:00 ] 127.0.0.1 /index.php/admin/index/top
INFO: [ route_check ] --START--
INFO: CheckRoute Behavior ::run [ RunTime:0.001336s ]
INFO: [ route_check ] --END-- [ RunTime:0.001588s ]
INFO: [ app_begin ] --START--
INFO: ReadHtmlCache Behavior ::run [ RunTime:0.002005s ]
INFO: [ app_begin ] --END-- [ RunTime:0.002147s ]
INFO: [ view_parse ] --START--
INFO: ParseTemplate Behavior ::run [ RunTime:0.010839s ]
INFO: [ view_parse ] --END-- [ RunTime:0.010992s ]
INFO: [ view_filter ] --START--
INFO: ContentReplace Behavior ::run [ RunTime:0.000892s ]
INFO: TokenBuild Behavior ::run [ RunTime:0.000636s ]
INFO: WriteHtmlCache Behavior ::run [ RunTime:0.000421s ]
INFO: ShowRuntime Behavior ::run [ RunTime:0.000433s ]
INFO: [ view_filter ] --END-- [ RunTime:0.002612s ]
INFO: [ view_end ] --START--
INFO: ShowPageTrace Behavior ::run [ RunTime:0.000771s ]
INFO: [ view_end ] --END-- [ RunTime:0.000845s ]

[ 2015-04-16T01:44:33+08:00 ] 127.0.0.1 /index.php/admin/index/Js/global.js
INFO: [ route_check ] --START--
INFO: CheckRoute Behavior ::run [ RunTime:0.001120s ]
INFO: [ route_check ] --END-- [ RunTime:0.001251s ]
INFO: [ app_begin ] --START--
INFO: ReadHtmlCache Behavior ::run [ RunTime:0.000724s ]
INFO: [ app_begin ] --END-- [ RunTime:0.000816s ]
ERR: 非法操作:js

[ 2015-04-16T01:44:33+08:00 ] 127.0.0.1 /index.php/admin/index/Js/transport.js
INFO: [ route_check ] --START--
INFO: CheckRoute Behavior ::run [ RunTime:0.001095s ]
INFO: [ route_check ] --END-- [ RunTime:0.001225s ]
INFO: [ app_begin ] --START--
INFO: ReadHtmlCache Behavior ::run [ RunTime:0.000781s ]
INFO: [ app_begin ] --END-- [ RunTime:0.000875s ]
ERR: 非法操作:js

[ 2015-04-16T01:44:33+08:00 ] 127.0.0.1 /index.php/admin/index/Js/utils.js
INFO: [ route_check ] --START--
INFO: CheckRoute Behavior ::run [ RunTime:0.001159s ]
INFO: [ route_check ] --END-- [ RunTime:0.001281s ]
INFO: [ app_begin ] --START--
INFO: ReadHtmlCache Behavior ::run [ RunTime:0.000887s ]
INFO: [ app_begin ] --END-- [ RunTime:0.001019s ]
ERR: 非法操作:js

[ 2015-04-16T01:44:36+08:00 ] 127.0.0.1 /index.php/admin/GoodsType/typeAdd
INFO: [ route_check ] --START--
INFO: CheckRoute Behavior ::run [ RunTime:0.001262s ]
INFO: [ route_check ] --END-- [ RunTime:0.001384s ]
INFO: [ app_begin ] --START--
INFO: ReadHtmlCache Behavior ::run [ RunTime:0.000610s ]
INFO: [ app_begin ] --END-- [ RunTime:0.000675s ]
ERR: 非法操作:typeadd

[ 2015-04-16T01:49:23+08:00 ] 127.0.0.1 /index.php/admin
INFO: [ route_check ] --START--
INFO: CheckRoute Behavior ::run [ RunTime:0.001008s ]
INFO: [ route_check ] --END-- [ RunTime:0.001113s ]
INFO: [ app_begin ] --START--
INFO: ReadHtmlCache Behavior ::run [ RunTime:0.000662s ]
INFO: [ app_begin ] --END-- [ RunTime:0.000722s ]
INFO: [ view_parse ] --START--
INFO: ParseTemplate Behavior ::run [ RunTime:0.008553s ]
INFO: [ view_parse ] --END-- [ RunTime:0.008661s ]
INFO: [ view_filter ] --START--
INFO: ContentReplace Behavior ::run [ RunTime:0.000560s ]
INFO: TokenBuild Behavior ::run [ RunTime:0.000934s ]
INFO: WriteHtmlCache Behavior ::run [ RunTime:0.000370s ]
INFO: ShowRuntime Behavior ::run [ RunTime:0.000528s ]
INFO: [ view_filter ] --END-- [ RunTime:0.002554s ]
INFO: [ view_end ] --START--
INFO: ShowPageTrace Behavior ::run [ RunTime:0.000704s ]
INFO: [ view_end ] --END-- [ RunTime:0.000761s ]

[ 2015-04-16T01:49:23+08:00 ] 127.0.0.1 /index.php/admin/index/top
INFO: [ route_check ] --START--
INFO: CheckRoute Behavior ::run [ RunTime:0.001386s ]
INFO: [ route_check ] --END-- [ RunTime:0.001551s ]
INFO: [ app_begin ] --START--
INFO: ReadHtmlCache Behavior ::run [ RunTime:0.000972s ]
INFO: [ app_begin ] --END-- [ RunTime:0.001092s ]
INFO: [ view_parse ] --START--
INFO: ParseTemplate Behavior ::run [ RunTime:0.012387s ]
INFO: [ view_parse ] --END-- [ RunTime:0.012548s ]
INFO: [ view_filter ] --START--
INFO: ContentReplace Behavior ::run [ RunTime:0.000767s ]
INFO: TokenBuild Behavior ::run [ RunTime:0.000968s ]
INFO: WriteHtmlCache Behavior ::run [ RunTime:0.000920s ]
INFO: ShowRuntime Behavior ::run [ RunTime:0.001982s ]
INFO: [ view_filter ] --END-- [ RunTime:0.005064s ]
INFO: [ view_end ] --START--
INFO: ShowPageTrace Behavior ::run [ RunTime:0.001369s ]
INFO: [ view_end ] --END-- [ RunTime:0.001550s ]

[ 2015-04-16T01:49:23+08:00 ] 127.0.0.1 /index.php/admin/index/menu
INFO: [ route_check ] --START--
INFO: CheckRoute Behavior ::run [ RunTime:0.000993s ]
INFO: [ route_check ] --END-- [ RunTime:0.001091s ]
INFO: [ app_begin ] --START--
INFO: ReadHtmlCache Behavior ::run [ RunTime:0.000965s ]
INFO: [ app_begin ] --END-- [ RunTime:0.001068s ]
INFO: [ view_parse ] --START--
INFO: ParseTemplate Behavior ::run [ RunTime:0.010371s ]
INFO: [ view_parse ] --END-- [ RunTime:0.010471s ]
INFO: [ view_filter ] --START--
INFO: ContentReplace Behavior ::run [ RunTime:0.000658s ]
INFO: TokenBuild Behavior ::run [ RunTime:0.000483s ]
INFO: WriteHtmlCache Behavior ::run [ RunTime:0.000339s ]
INFO: ShowRuntime Behavior ::run [ RunTime:0.000559s ]
INFO: [ view_filter ] --END-- [ RunTime:0.002173s ]
INFO: [ view_end ] --START--
INFO: ShowPageTrace Behavior ::run [ RunTime:0.001123s ]
INFO: [ view_end ] --END-- [ RunTime:0.001229s ]

[ 2015-04-16T01:49:24+08:00 ] 127.0.0.1 /index.php/admin/index/main
INFO: [ route_check ] --START--
INFO: CheckRoute Behavior ::run [ RunTime:0.001022s ]
INFO: [ route_check ] --END-- [ RunTime:0.001121s ]
INFO: [ app_begin ] --START--
INFO: ReadHtmlCache Behavior ::run [ RunTime:0.000770s ]
INFO: [ app_begin ] --END-- [ RunTime:0.000838s ]
INFO: [ view_parse ] --START--
NOTIC: [8] Undefined variable: arr D:\server\apache\htdocs\itshop\App\Runtime\Cache\Admin\2ad3618d67075988ac943fe5d6b7b9e4.php 第 53 行.
INFO: ParseTemplate Behavior ::run [ RunTime:0.009726s ]
INFO: [ view_parse ] --END-- [ RunTime:0.009845s ]
INFO: [ view_filter ] --START--
INFO: ContentReplace Behavior ::run [ RunTime:0.000778s ]
INFO: TokenBuild Behavior ::run [ RunTime:0.000628s ]
INFO: WriteHtmlCache Behavior ::run [ RunTime:0.000349s ]
INFO: ShowRuntime Behavior ::run [ RunTime:0.000539s ]
INFO: [ view_filter ] --END-- [ RunTime:0.002508s ]
INFO: [ view_end ] --START--
INFO: ShowPageTrace Behavior ::run [ RunTime:0.000728s ]
INFO: [ view_end ] --END-- [ RunTime:0.000785s ]

[ 2015-04-16T01:49:24+08:00 ] 127.0.0.1 /index.php/admin/index/Js/utils.js
INFO: [ route_check ] --START--
INFO: CheckRoute Behavior ::run [ RunTime:0.001170s ]
INFO: [ route_check ] --END-- [ RunTime:0.001296s ]
INFO: [ app_begin ] --START--
INFO: ReadHtmlCache Behavior ::run [ RunTime:0.000704s ]
INFO: [ app_begin ] --END-- [ RunTime:0.000801s ]
ERR: 非法操作:js

[ 2015-04-16T01:49:24+08:00 ] 127.0.0.1 /index.php/admin/index/Js/global.js
INFO: [ route_check ] --START--
INFO: CheckRoute Behavior ::run [ RunTime:0.001471s ]
INFO: [ route_check ] --END-- [ RunTime:0.001599s ]
INFO: [ app_begin ] --START--
INFO: ReadHtmlCache Behavior ::run [ RunTime:0.000991s ]
INFO: [ app_begin ] --END-- [ RunTime:0.001112s ]
ERR: 非法操作:js

[ 2015-04-16T01:49:24+08:00 ] 127.0.0.1 /index.php/admin/index/Js/transport.js
INFO: [ route_check ] --START--
INFO: CheckRoute Behavior ::run [ RunTime:0.001563s ]
INFO: [ route_check ] --END-- [ RunTime:0.001698s ]
INFO: [ app_begin ] --START--
INFO: ReadHtmlCache Behavior ::run [ RunTime:0.001075s ]
INFO: [ app_begin ] --END-- [ RunTime:0.001183s ]
ERR: 非法操作:js

[ 2015-04-16T01:49:28+08:00 ] 127.0.0.1 /index.php/admin/Category/catAdd
INFO: [ route_check ] --START--
INFO: CheckRoute Behavior ::run [ RunTime:0.000736s ]
INFO: [ route_check ] --END-- [ RunTime:0.000821s ]
INFO: [ app_begin ] --START--
INFO: ReadHtmlCache Behavior ::run [ RunTime:0.000553s ]
INFO: [ app_begin ] --END-- [ RunTime:0.000616s ]
NOTIC: [8] Use of undefined constant addok - assumed 'addok' D:\server\apache\htdocs\itshop\App\Lib\Action\Admin\CategoryAction.class.php 第 10 行.

[ 2015-04-16T01:50:13+08:00 ] 127.0.0.1 /index.php/admin/GoodsType/typeList
INFO: [ route_check ] --START--
INFO: CheckRoute Behavior ::run [ RunTime:0.001056s ]
INFO: [ route_check ] --END-- [ RunTime:0.001140s ]
INFO: [ app_begin ] --START--
INFO: ReadHtmlCache Behavior ::run [ RunTime:0.000565s ]
INFO: [ app_begin ] --END-- [ RunTime:0.000635s ]
SQL: SHOW COLUMNS FROM `it_goods_type` [ RunTime:0.004048s ]
SQL: select a.*,count(b.id) count  from it_goods_type a  left join it_attribute b on a.id=b.type_id group by a.id [ RunTime:0.001015s ]
INFO: [ view_parse ] --START--
NOTIC: [8] Undefined variable: val D:\server\apache\htdocs\itshop\App\Runtime\Cache\Admin\eb448b546532304477e460ea16658c01.php 第 35 行.
NOTIC: [8] Undefined variable: val D:\server\apache\htdocs\itshop\App\Runtime\Cache\Admin\eb448b546532304477e460ea16658c01.php 第 35 行.
NOTIC: [8] Undefined variable: val D:\server\apache\htdocs\itshop\App\Runtime\Cache\Admin\eb448b546532304477e460ea16658c01.php 第 35 行.
NOTIC: [8] Undefined variable: val D:\server\apache\htdocs\itshop\App\Runtime\Cache\Admin\eb448b546532304477e460ea16658c01.php 第 35 行.
NOTIC: [8] Undefined variable: val D:\server\apache\htdocs\itshop\App\Runtime\Cache\Admin\eb448b546532304477e460ea16658c01.php 第 35 行.
NOTIC: [8] Undefined variable: val D:\server\apache\htdocs\itshop\App\Runtime\Cache\Admin\eb448b546532304477e460ea16658c01.php 第 35 行.
NOTIC: [8] Undefined variable: val D:\server\apache\htdocs\itshop\App\Runtime\Cache\Admin\eb448b546532304477e460ea16658c01.php 第 35 行.
NOTIC: [8] Undefined variable: val D:\server\apache\htdocs\itshop\App\Runtime\Cache\Admin\eb448b546532304477e460ea16658c01.php 第 35 行.
NOTIC: [8] Undefined variable: val D:\server\apache\htdocs\itshop\App\Runtime\Cache\Admin\eb448b546532304477e460ea16658c01.php 第 35 行.
NOTIC: [8] Undefined variable: val D:\server\apache\htdocs\itshop\App\Runtime\Cache\Admin\eb448b546532304477e460ea16658c01.php 第 35 行.
INFO: ParseTemplate Behavior ::run [ RunTime:0.008702s ]
INFO: [ view_parse ] --END-- [ RunTime:0.008777s ]
INFO: [ view_filter ] --START--
INFO: ContentReplace Behavior ::run [ RunTime:0.000631s ]
INFO: TokenBuild Behavior ::run [ RunTime:0.000495s ]
INFO: WriteHtmlCache Behavior ::run [ RunTime:0.000353s ]
INFO: ShowRuntime Behavior ::run [ RunTime:0.000548s ]
INFO: [ view_filter ] --END-- [ RunTime:0.002176s ]
INFO: [ view_end ] --START--
INFO: ShowPageTrace Behavior ::run [ RunTime:0.001011s ]
INFO: [ view_end ] --END-- [ RunTime:0.001150s ]

[ 2015-04-16T01:50:15+08:00 ] 127.0.0.1 /index.php/admin/GoodsType/add
INFO: [ route_check ] --START--
INFO: CheckRoute Behavior ::run [ RunTime:0.000975s ]
INFO: [ route_check ] --END-- [ RunTime:0.001075s ]
INFO: [ app_begin ] --START--
INFO: ReadHtmlCache Behavior ::run [ RunTime:0.000556s ]
INFO: [ app_begin ] --END-- [ RunTime:0.000616s ]
INFO: [ view_parse ] --START--
INFO: ParseTemplate Behavior ::run [ RunTime:0.024094s ]
INFO: [ view_parse ] --END-- [ RunTime:0.024225s ]
INFO: [ view_filter ] --START--
INFO: ContentReplace Behavior ::run [ RunTime:0.000461s ]
INFO: TokenBuild Behavior ::run [ RunTime:0.000339s ]
INFO: WriteHtmlCache Behavior ::run [ RunTime:0.001658s ]
INFO: ShowRuntime Behavior ::run [ RunTime:0.000685s ]
INFO: [ view_filter ] --END-- [ RunTime:0.003313s ]
INFO: [ view_end ] --START--
INFO: ShowPageTrace Behavior ::run [ RunTime:0.000597s ]
INFO: [ view_end ] --END-- [ RunTime:0.000656s ]

[ 2015-04-16T01:50:29+08:00 ] 127.0.0.1 /index.php/admin/GoodsType/typeList
INFO: [ route_check ] --START--
INFO: CheckRoute Behavior ::run [ RunTime:0.001197s ]
INFO: [ route_check ] --END-- [ RunTime:0.001322s ]
INFO: [ app_begin ] --START--
INFO: ReadHtmlCache Behavior ::run [ RunTime:0.000771s ]
INFO: [ app_begin ] --END-- [ RunTime:0.000875s ]
SQL: SHOW COLUMNS FROM `it_goods_type` [ RunTime:0.004147s ]
SQL: select a.*,count(b.id) count  from it_goods_type a  left join it_attribute b on a.id=b.type_id group by a.id [ RunTime:0.000387s ]
INFO: [ view_parse ] --START--
NOTIC: [8] Undefined variable: val D:\server\apache\htdocs\itshop\App\Runtime\Cache\Admin\eb448b546532304477e460ea16658c01.php 第 35 行.
NOTIC: [8] Undefined variable: val D:\server\apache\htdocs\itshop\App\Runtime\Cache\Admin\eb448b546532304477e460ea16658c01.php 第 35 行.
NOTIC: [8] Undefined variable: val D:\server\apache\htdocs\itshop\App\Runtime\Cache\Admin\eb448b546532304477e460ea16658c01.php 第 35 行.
NOTIC: [8] Undefined variable: val D:\server\apache\htdocs\itshop\App\Runtime\Cache\Admin\eb448b546532304477e460ea16658c01.php 第 35 行.
NOTIC: [8] Undefined variable: val D:\server\apache\htdocs\itshop\App\Runtime\Cache\Admin\eb448b546532304477e460ea16658c01.php 第 35 行.
NOTIC: [8] Undefined variable: val D:\server\apache\htdocs\itshop\App\Runtime\Cache\Admin\eb448b546532304477e460ea16658c01.php 第 35 行.
NOTIC: [8] Undefined variable: val D:\server\apache\htdocs\itshop\App\Runtime\Cache\Admin\eb448b546532304477e460ea16658c01.php 第 35 行.
NOTIC: [8] Undefined variable: val D:\server\apache\htdocs\itshop\App\Runtime\Cache\Admin\eb448b546532304477e460ea16658c01.php 第 35 行.
NOTIC: [8] Undefined variable: val D:\server\apache\htdocs\itshop\App\Runtime\Cache\Admin\eb448b546532304477e460ea16658c01.php 第 35 行.
NOTIC: [8] Undefined variable: val D:\server\apache\htdocs\itshop\App\Runtime\Cache\Admin\eb448b546532304477e460ea16658c01.php 第 35 行.
INFO: ParseTemplate Behavior ::run [ RunTime:0.008536s ]
INFO: [ view_parse ] --END-- [ RunTime:0.008606s ]
INFO: [ view_filter ] --START--
INFO: ContentReplace Behavior ::run [ RunTime:0.000727s ]
INFO: TokenBuild Behavior ::run [ RunTime:0.000501s ]
INFO: WriteHtmlCache Behavior ::run [ RunTime:0.000364s ]
INFO: ShowRuntime Behavior ::run [ RunTime:0.000498s ]
INFO: [ view_filter ] --END-- [ RunTime:0.002290s ]
INFO: [ view_end ] --START--
INFO: ShowPageTrace Behavior ::run [ RunTime:0.000663s ]
INFO: [ view_end ] --END-- [ RunTime:0.000752s ]

[ 2015-04-16T01:51:32+08:00 ] 127.0.0.1 /index.php/admin/Category/catAdd
INFO: [ route_check ] --START--
INFO: CheckRoute Behavior ::run [ RunTime:0.000798s ]
INFO: [ route_check ] --END-- [ RunTime:0.000898s ]
INFO: [ app_begin ] --START--
INFO: ReadHtmlCache Behavior ::run [ RunTime:0.000609s ]
INFO: [ app_begin ] --END-- [ RunTime:0.000665s ]
ERR: 非法操作:catadd

[ 2015-04-16T01:51:33+08:00 ] 127.0.0.1 /index.php/admin/Category/catAdd
INFO: [ route_check ] --START--
INFO: CheckRoute Behavior ::run [ RunTime:0.001171s ]
INFO: [ route_check ] --END-- [ RunTime:0.001312s ]
INFO: [ app_begin ] --START--
INFO: ReadHtmlCache Behavior ::run [ RunTime:0.000745s ]
INFO: [ app_begin ] --END-- [ RunTime:0.000821s ]
ERR: 非法操作:catadd

[ 2015-04-16T01:51:34+08:00 ] 127.0.0.1 /index.php/admin/Category/catAdd
INFO: [ route_check ] --START--
INFO: CheckRoute Behavior ::run [ RunTime:0.001143s ]
INFO: [ route_check ] --END-- [ RunTime:0.001311s ]
INFO: [ app_begin ] --START--
INFO: ReadHtmlCache Behavior ::run [ RunTime:0.000743s ]
INFO: [ app_begin ] --END-- [ RunTime:0.000811s ]
ERR: 非法操作:catadd

[ 2015-04-16T01:51:35+08:00 ] 127.0.0.1 /index.php/admin/Category/catAdd
INFO: [ route_check ] --START--
INFO: CheckRoute Behavior ::run [ RunTime:0.000947s ]
INFO: [ route_check ] --END-- [ RunTime:0.001098s ]
INFO: [ app_begin ] --START--
INFO: ReadHtmlCache Behavior ::run [ RunTime:0.000612s ]
INFO: [ app_begin ] --END-- [ RunTime:0.000715s ]
ERR: 非法操作:catadd

[ 2015-04-16T01:51:35+08:00 ] 127.0.0.1 /index.php/admin/Category/catAdd
INFO: [ route_check ] --START--
INFO: CheckRoute Behavior ::run [ RunTime:0.000983s ]
INFO: [ route_check ] --END-- [ RunTime:0.001110s ]
INFO: [ app_begin ] --START--
INFO: ReadHtmlCache Behavior ::run [ RunTime:0.000557s ]
INFO: [ app_begin ] --END-- [ RunTime:0.000623s ]
ERR: 非法操作:catadd

[ 2015-04-16T01:51:35+08:00 ] 127.0.0.1 /index.php/admin/Category/catAdd
INFO: [ route_check ] --START--
INFO: CheckRoute Behavior ::run [ RunTime:0.000880s ]
INFO: [ route_check ] --END-- [ RunTime:0.000989s ]
INFO: [ app_begin ] --START--
INFO: ReadHtmlCache Behavior ::run [ RunTime:0.000561s ]
INFO: [ app_begin ] --END-- [ RunTime:0.000626s ]
ERR: 非法操作:catadd

[ 2015-04-16T01:51:37+08:00 ] 127.0.0.1 /index.php/admin
INFO: [ route_check ] --START--
INFO: CheckRoute Behavior ::run [ RunTime:0.001236s ]
INFO: [ route_check ] --END-- [ RunTime:0.001380s ]
INFO: [ app_begin ] --START--
INFO: ReadHtmlCache Behavior ::run [ RunTime:0.000834s ]
INFO: [ app_begin ] --END-- [ RunTime:0.000916s ]
INFO: [ view_parse ] --START--
INFO: ParseTemplate Behavior ::run [ RunTime:0.008012s ]
INFO: [ view_parse ] --END-- [ RunTime:0.008169s ]
INFO: [ view_filter ] --START--
INFO: ContentReplace Behavior ::run [ RunTime:0.000443s ]
INFO: TokenBuild Behavior ::run [ RunTime:0.000335s ]
INFO: WriteHtmlCache Behavior ::run [ RunTime:0.000300s ]
INFO: ShowRuntime Behavior ::run [ RunTime:0.000570s ]
INFO: [ view_filter ] --END-- [ RunTime:0.001900s ]
INFO: [ view_end ] --START--
INFO: ShowPageTrace Behavior ::run [ RunTime:0.000654s ]
INFO: [ view_end ] --END-- [ RunTime:0.000741s ]

[ 2015-04-16T01:51:37+08:00 ] 127.0.0.1 /index.php/admin/index/top
INFO: [ route_check ] --START--
INFO: CheckRoute Behavior ::run [ RunTime:0.001074s ]
INFO: [ route_check ] --END-- [ RunTime:0.001235s ]
INFO: [ app_begin ] --START--
INFO: ReadHtmlCache Behavior ::run [ RunTime:0.000945s ]
INFO: [ app_begin ] --END-- [ RunTime:0.001080s ]
INFO: [ view_parse ] --START--
INFO: ParseTemplate Behavior ::run [ RunTime:0.008734s ]
INFO: [ view_parse ] --END-- [ RunTime:0.008835s ]
INFO: [ view_filter ] --START--
INFO: ContentReplace Behavior ::run [ RunTime:0.000466s ]
INFO: TokenBuild Behavior ::run [ RunTime:0.000360s ]
INFO: WriteHtmlCache Behavior ::run [ RunTime:0.000250s ]
INFO: ShowRuntime Behavior ::run [ RunTime:0.000483s ]
INFO: [ view_filter ] --END-- [ RunTime:0.001821s ]
INFO: [ view_end ] --START--
INFO: ShowPageTrace Behavior ::run [ RunTime:0.000548s ]
INFO: [ view_end ] --END-- [ RunTime:0.000596s ]

[ 2015-04-16T01:51:37+08:00 ] 127.0.0.1 /index.php/admin/index/menu
INFO: [ route_check ] --START--
INFO: CheckRoute Behavior ::run [ RunTime:0.001310s ]
INFO: [ route_check ] --END-- [ RunTime:0.001608s ]
INFO: [ app_begin ] --START--
INFO: ReadHtmlCache Behavior ::run [ RunTime:0.000798s ]
INFO: [ app_begin ] --END-- [ RunTime:0.000874s ]
INFO: [ view_parse ] --START--
INFO: ParseTemplate Behavior ::run [ RunTime:0.010976s ]
INFO: [ view_parse ] --END-- [ RunTime:0.011088s ]
INFO: [ view_filter ] --START--
INFO: ContentReplace Behavior ::run [ RunTime:0.000617s ]
INFO: TokenBuild Behavior ::run [ RunTime:0.000508s ]
INFO: WriteHtmlCache Behavior ::run [ RunTime:0.000342s ]
INFO: ShowRuntime Behavior ::run [ RunTime:0.000671s ]
INFO: [ view_filter ] --END-- [ RunTime:0.002273s ]
INFO: [ view_end ] --START--
INFO: ShowPageTrace Behavior ::run [ RunTime:0.000691s ]
INFO: [ view_end ] --END-- [ RunTime:0.000757s ]

[ 2015-04-16T01:51:37+08:00 ] 127.0.0.1 /index.php/admin/index/main
INFO: [ route_check ] --START--
INFO: CheckRoute Behavior ::run [ RunTime:0.001025s ]
INFO: [ route_check ] --END-- [ RunTime:0.001112s ]
INFO: [ app_begin ] --START--
INFO: ReadHtmlCache Behavior ::run [ RunTime:0.000628s ]
INFO: [ app_begin ] --END-- [ RunTime:0.000688s ]
INFO: [ view_parse ] --START--
NOTIC: [8] Undefined variable: arr D:\server\apache\htdocs\itshop\App\Runtime\Cache\Admin\2ad3618d67075988ac943fe5d6b7b9e4.php 第 53 行.
INFO: ParseTemplate Behavior ::run [ RunTime:0.013700s ]
INFO: [ view_parse ] --END-- [ RunTime:0.013786s ]
INFO: [ view_filter ] --START--
INFO: ContentReplace Behavior ::run [ RunTime:0.000725s ]
INFO: TokenBuild Behavior ::run [ RunTime:0.000688s ]
INFO: WriteHtmlCache Behavior ::run [ RunTime:0.000521s ]
INFO: ShowRuntime Behavior ::run [ RunTime:0.000781s ]
INFO: [ view_filter ] --END-- [ RunTime:0.002938s ]
INFO: [ view_end ] --START--
INFO: ShowPageTrace Behavior ::run [ RunTime:0.000985s ]
INFO: [ view_end ] --END-- [ RunTime:0.001074s ]

[ 2015-04-16T01:51:37+08:00 ] 127.0.0.1 /index.php/admin/index/Js/global.js
INFO: [ route_check ] --START--
INFO: CheckRoute Behavior ::run [ RunTime:0.000750s ]
INFO: [ route_check ] --END-- [ RunTime:0.000834s ]
INFO: [ app_begin ] --START--
INFO: ReadHtmlCache Behavior ::run [ RunTime:0.000509s ]
INFO: [ app_begin ] --END-- [ RunTime:0.000583s ]
ERR: 非法操作:js

[ 2015-04-16T01:51:37+08:00 ] 127.0.0.1 /index.php/admin/index/Js/utils.js
INFO: [ route_check ] --START--
INFO: CheckRoute Behavior ::run [ RunTime:0.001265s ]
INFO: [ route_check ] --END-- [ RunTime:0.001392s ]
INFO: [ app_begin ] --START--
INFO: ReadHtmlCache Behavior ::run [ RunTime:0.000944s ]
INFO: [ app_begin ] --END-- [ RunTime:0.001047s ]
ERR: 非法操作:js

[ 2015-04-16T01:51:37+08:00 ] 127.0.0.1 /index.php/admin/index/Js/transport.js
INFO: [ route_check ] --START--
INFO: CheckRoute Behavior ::run [ RunTime:0.002133s ]
INFO: [ route_check ] --END-- [ RunTime:0.002391s ]
INFO: [ app_begin ] --START--
INFO: ReadHtmlCache Behavior ::run [ RunTime:0.001269s ]
INFO: [ app_begin ] --END-- [ RunTime:0.001451s ]
ERR: 非法操作:js

[ 2015-04-16T01:51:39+08:00 ] 127.0.0.1 /index.php/admin/index/categoryList.html
INFO: [ route_check ] --START--
INFO: CheckRoute Behavior ::run [ RunTime:0.000808s ]
INFO: [ route_check ] --END-- [ RunTime:0.000889s ]
INFO: [ app_begin ] --START--
INFO: ReadHtmlCache Behavior ::run [ RunTime:0.000465s ]
INFO: [ app_begin ] --END-- [ RunTime:0.000565s ]
ERR: 非法操作:categorylist

[ 2015-04-16T01:51:39+08:00 ] 127.0.0.1 /index.php/admin/Category/Add
INFO: [ route_check ] --START--
INFO: CheckRoute Behavior ::run [ RunTime:0.000907s ]
INFO: [ route_check ] --END-- [ RunTime:0.001120s ]
INFO: [ app_begin ] --START--
INFO: ReadHtmlCache Behavior ::run [ RunTime:0.000882s ]
INFO: [ app_begin ] --END-- [ RunTime:0.000981s ]
INFO: [ view_parse ] --START--
INFO: ParseTemplate Behavior ::run [ RunTime:0.009440s ]
INFO: [ view_parse ] --END-- [ RunTime:0.009612s ]
INFO: [ view_filter ] --START--
INFO: ContentReplace Behavior ::run [ RunTime:0.000420s ]
INFO: TokenBuild Behavior ::run [ RunTime:0.000347s ]
INFO: WriteHtmlCache Behavior ::run [ RunTime:0.000249s ]
INFO: ShowRuntime Behavior ::run [ RunTime:0.000402s ]
INFO: [ view_filter ] --END-- [ RunTime:0.001589s ]
INFO: [ view_end ] --START--
INFO: ShowPageTrace Behavior ::run [ RunTime:0.000591s ]
INFO: [ view_end ] --END-- [ RunTime:0.000647s ]

[ 2015-04-16T01:51:40+08:00 ] 127.0.0.1 /index.php/admin/Category/Add
INFO: [ route_check ] --START--
INFO: CheckRoute Behavior ::run [ RunTime:0.000862s ]
INFO: [ route_check ] --END-- [ RunTime:0.001003s ]
INFO: [ app_begin ] --START--
INFO: ReadHtmlCache Behavior ::run [ RunTime:0.000505s ]
INFO: [ app_begin ] --END-- [ RunTime:0.000556s ]
INFO: [ view_parse ] --START--
INFO: ParseTemplate Behavior ::run [ RunTime:0.007903s ]
INFO: [ view_parse ] --END-- [ RunTime:0.008056s ]
INFO: [ view_filter ] --START--
INFO: ContentReplace Behavior ::run [ RunTime:0.000407s ]
INFO: TokenBuild Behavior ::run [ RunTime:0.000361s ]
INFO: WriteHtmlCache Behavior ::run [ RunTime:0.000242s ]
INFO: ShowRuntime Behavior ::run [ RunTime:0.000412s ]
INFO: [ view_filter ] --END-- [ RunTime:0.001565s ]
INFO: [ view_end ] --START--
INFO: ShowPageTrace Behavior ::run [ RunTime:0.000583s ]
INFO: [ view_end ] --END-- [ RunTime:0.000638s ]

[ 2015-04-16T01:51:41+08:00 ] 127.0.0.1 /index.php/admin/Category/Add
INFO: [ route_check ] --START--
INFO: CheckRoute Behavior ::run [ RunTime:0.000761s ]
INFO: [ route_check ] --END-- [ RunTime:0.000859s ]
INFO: [ app_begin ] --START--
INFO: ReadHtmlCache Behavior ::run [ RunTime:0.000563s ]
INFO: [ app_begin ] --END-- [ RunTime:0.000626s ]
INFO: [ view_parse ] --START--
INFO: ParseTemplate Behavior ::run [ RunTime:0.008676s ]
INFO: [ view_parse ] --END-- [ RunTime:0.008797s ]
INFO: [ view_filter ] --START--
INFO: ContentReplace Behavior ::run [ RunTime:0.000560s ]
INFO: TokenBuild Behavior ::run [ RunTime:0.000350s ]
INFO: WriteHtmlCache Behavior ::run [ RunTime:0.000244s ]
INFO: ShowRuntime Behavior ::run [ RunTime:0.000427s ]
INFO: [ view_filter ] --END-- [ RunTime:0.001721s ]
INFO: [ view_end ] --START--
INFO: ShowPageTrace Behavior ::run [ RunTime:0.000623s ]
INFO: [ view_end ] --END-- [ RunTime:0.000674s ]

[ 2015-04-16T01:55:31+08:00 ] 127.0.0.1 /index.php/admin
INFO: [ route_check ] --START--
INFO: CheckRoute Behavior ::run [ RunTime:0.001121s ]
INFO: [ route_check ] --END-- [ RunTime:0.001213s ]
INFO: [ app_begin ] --START--
INFO: ReadHtmlCache Behavior ::run [ RunTime:0.000686s ]
INFO: [ app_begin ] --END-- [ RunTime:0.000755s ]
INFO: [ view_parse ] --START--
INFO: ParseTemplate Behavior ::run [ RunTime:0.007027s ]
INFO: [ view_parse ] --END-- [ RunTime:0.007128s ]
INFO: [ view_filter ] --START--
INFO: ContentReplace Behavior ::run [ RunTime:0.000500s ]
INFO: TokenBuild Behavior ::run [ RunTime:0.000435s ]
INFO: WriteHtmlCache Behavior ::run [ RunTime:0.000378s ]
INFO: ShowRuntime Behavior ::run [ RunTime:0.000498s ]
INFO: [ view_filter ] --END-- [ RunTime:0.001947s ]
INFO: [ view_end ] --START--
INFO: ShowPageTrace Behavior ::run [ RunTime:0.000701s ]
INFO: [ view_end ] --END-- [ RunTime:0.000748s ]

[ 2015-04-16T01:55:31+08:00 ] 127.0.0.1 /index.php/admin/index/top
INFO: [ route_check ] --START--
INFO: CheckRoute Behavior ::run [ RunTime:0.000800s ]
INFO: [ route_check ] --END-- [ RunTime:0.000890s ]
INFO: [ app_begin ] --START--
INFO: ReadHtmlCache Behavior ::run [ RunTime:0.000535s ]
INFO: [ app_begin ] --END-- [ RunTime:0.000596s ]
INFO: [ view_parse ] --START--
INFO: ParseTemplate Behavior ::run [ RunTime:0.007157s ]
INFO: [ view_parse ] --END-- [ RunTime:0.007246s ]
INFO: [ view_filter ] --START--
INFO: ContentReplace Behavior ::run [ RunTime:0.000393s ]
INFO: TokenBuild Behavior ::run [ RunTime:0.000357s ]
INFO: WriteHtmlCache Behavior ::run [ RunTime:0.000256s ]
INFO: ShowRuntime Behavior ::run [ RunTime:0.000420s ]
INFO: [ view_filter ] --END-- [ RunTime:0.001563s ]
INFO: [ view_end ] --START--
INFO: ShowPageTrace Behavior ::run [ RunTime:0.000566s ]
INFO: [ view_end ] --END-- [ RunTime:0.000619s ]

[ 2015-04-16T01:55:31+08:00 ] 127.0.0.1 /index.php/admin/index/menu
INFO: [ route_check ] --START--
INFO: CheckRoute Behavior ::run [ RunTime:0.001591s ]
INFO: [ route_check ] --END-- [ RunTime:0.001697s ]
INFO: [ app_begin ] --START--
INFO: ReadHtmlCache Behavior ::run [ RunTime:0.001002s ]
INFO: [ app_begin ] --END-- [ RunTime:0.001119s ]
INFO: [ view_parse ] --START--
INFO: ParseTemplate Behavior ::run [ RunTime:0.012365s ]
INFO: [ view_parse ] --END-- [ RunTime:0.012562s ]
INFO: [ view_filter ] --START--
INFO: ContentReplace Behavior ::run [ RunTime:0.001280s ]
INFO: TokenBuild Behavior ::run [ RunTime:0.001135s ]
INFO: WriteHtmlCache Behavior ::run [ RunTime:0.001083s ]
INFO: ShowRuntime Behavior ::run [ RunTime:0.001835s ]
INFO: [ view_filter ] --END-- [ RunTime:0.005756s ]
INFO: [ view_end ] --START--
INFO: ShowPageTrace Behavior ::run [ RunTime:0.001486s ]
INFO: [ view_end ] --END-- [ RunTime:0.001635s ]

[ 2015-04-16T01:55:31+08:00 ] 127.0.0.1 /index.php/admin/index/main
INFO: [ route_check ] --START--
INFO: CheckRoute Behavior ::run [ RunTime:0.001377s ]
INFO: [ route_check ] --END-- [ RunTime:0.001489s ]
INFO: [ app_begin ] --START--
INFO: ReadHtmlCache Behavior ::run [ RunTime:0.000878s ]
INFO: [ app_begin ] --END-- [ RunTime:0.000972s ]
INFO: [ view_parse ] --START--
NOTIC: [8] Undefined variable: arr D:\server\apache\htdocs\itshop\App\Runtime\Cache\Admin\2ad3618d67075988ac943fe5d6b7b9e4.php 第 53 行.
INFO: ParseTemplate Behavior ::run [ RunTime:0.016244s ]
INFO: [ view_parse ] --END-- [ RunTime:0.016357s ]
INFO: [ view_filter ] --START--
INFO: ContentReplace Behavior ::run [ RunTime:0.000830s ]
INFO: TokenBuild Behavior ::run [ RunTime:0.000972s ]
INFO: WriteHtmlCache Behavior ::run [ RunTime:0.000654s ]
INFO: ShowRuntime Behavior ::run [ RunTime:0.001016s ]
INFO: [ view_filter ] --END-- [ RunTime:0.003754s ]
INFO: [ view_end ] --START--
INFO: ShowPageTrace Behavior ::run [ RunTime:0.001305s ]
INFO: [ view_end ] --END-- [ RunTime:0.001424s ]

[ 2015-04-16T01:55:31+08:00 ] 127.0.0.1 /index.php/admin/index/Js/global.js
INFO: [ route_check ] --START--
INFO: CheckRoute Behavior ::run [ RunTime:0.001110s ]
INFO: [ route_check ] --END-- [ RunTime:0.001230s ]
INFO: [ app_begin ] --START--
INFO: ReadHtmlCache Behavior ::run [ RunTime:0.001031s ]
INFO: [ app_begin ] --END-- [ RunTime:0.001113s ]
ERR: 非法操作:js

[ 2015-04-16T01:55:31+08:00 ] 127.0.0.1 /index.php/admin/index/Js/utils.js
INFO: [ route_check ] --START--
INFO: CheckRoute Behavior ::run [ RunTime:0.001811s ]
INFO: [ route_check ] --END-- [ RunTime:0.001912s ]
INFO: [ app_begin ] --START--
INFO: ReadHtmlCache Behavior ::run [ RunTime:0.000784s ]
INFO: [ app_begin ] --END-- [ RunTime:0.000866s ]
ERR: 非法操作:js

[ 2015-04-16T01:55:31+08:00 ] 127.0.0.1 /index.php/admin/index/Js/transport.js
INFO: [ route_check ] --START--
INFO: CheckRoute Behavior ::run [ RunTime:0.001428s ]
INFO: [ route_check ] --END-- [ RunTime:0.001544s ]
INFO: [ app_begin ] --START--
INFO: ReadHtmlCache Behavior ::run [ RunTime:0.000919s ]
INFO: [ app_begin ] --END-- [ RunTime:0.001052s ]
ERR: 非法操作:js

[ 2015-04-16T01:55:33+08:00 ] 127.0.0.1 /index.php/admin/Category/add
INFO: [ route_check ] --START--
INFO: CheckRoute Behavior ::run [ RunTime:0.000793s ]
INFO: [ route_check ] --END-- [ RunTime:0.000917s ]
INFO: [ app_begin ] --START--
INFO: ReadHtmlCache Behavior ::run [ RunTime:0.000566s ]
INFO: [ app_begin ] --END-- [ RunTime:0.000646s ]
INFO: [ view_parse ] --START--
INFO: ParseTemplate Behavior ::run [ RunTime:0.007841s ]
INFO: [ view_parse ] --END-- [ RunTime:0.007950s ]
INFO: [ view_filter ] --START--
INFO: ContentReplace Behavior ::run [ RunTime:0.000402s ]
INFO: TokenBuild Behavior ::run [ RunTime:0.000366s ]
INFO: WriteHtmlCache Behavior ::run [ RunTime:0.000244s ]
INFO: ShowRuntime Behavior ::run [ RunTime:0.000427s ]
INFO: [ view_filter ] --END-- [ RunTime:0.001585s ]
INFO: [ view_end ] --START--
INFO: ShowPageTrace Behavior ::run [ RunTime:0.000576s ]
INFO: [ view_end ] --END-- [ RunTime:0.000633s ]

[ 2015-04-16T01:55:44+08:00 ] 127.0.0.1 /index.php/admin
INFO: [ route_check ] --START--
INFO: CheckRoute Behavior ::run [ RunTime:0.001133s ]
INFO: [ route_check ] --END-- [ RunTime:0.001228s ]
INFO: [ app_begin ] --START--
INFO: ReadHtmlCache Behavior ::run [ RunTime:0.000637s ]
INFO: [ app_begin ] --END-- [ RunTime:0.000698s ]
INFO: [ view_parse ] --START--
INFO: ParseTemplate Behavior ::run [ RunTime:0.007903s ]
INFO: [ view_parse ] --END-- [ RunTime:0.008006s ]
INFO: [ view_filter ] --START--
INFO: ContentReplace Behavior ::run [ RunTime:0.000504s ]
INFO: TokenBuild Behavior ::run [ RunTime:0.000474s ]
INFO: WriteHtmlCache Behavior ::run [ RunTime:0.000352s ]
INFO: ShowRuntime Behavior ::run [ RunTime:0.000517s ]
INFO: [ view_filter ] --END-- [ RunTime:0.001996s ]
INFO: [ view_end ] --START--
INFO: ShowPageTrace Behavior ::run [ RunTime:0.000697s ]
INFO: [ view_end ] --END-- [ RunTime:0.000755s ]

[ 2015-04-16T01:55:44+08:00 ] 127.0.0.1 /index.php/admin/index/top
INFO: [ route_check ] --START--
INFO: CheckRoute Behavior ::run [ RunTime:0.000768s ]
INFO: [ route_check ] --END-- [ RunTime:0.000861s ]
INFO: [ app_begin ] --START--
INFO: ReadHtmlCache Behavior ::run [ RunTime:0.000555s ]
INFO: [ app_begin ] --END-- [ RunTime:0.000615s ]
INFO: [ view_parse ] --START--
INFO: ParseTemplate Behavior ::run [ RunTime:0.007410s ]
INFO: [ view_parse ] --END-- [ RunTime:0.007506s ]
INFO: [ view_filter ] --START--
INFO: ContentReplace Behavior ::run [ RunTime:0.000446s ]
INFO: TokenBuild Behavior ::run [ RunTime:0.000351s ]
INFO: WriteHtmlCache Behavior ::run [ RunTime:0.000255s ]
INFO: ShowRuntime Behavior ::run [ RunTime:0.000486s ]
INFO: [ view_filter ] --END-- [ RunTime:0.001675s ]
INFO: [ view_end ] --START--
INFO: ShowPageTrace Behavior ::run [ RunTime:0.000721s ]
INFO: [ view_end ] --END-- [ RunTime:0.000777s ]

[ 2015-04-16T01:55:44+08:00 ] 127.0.0.1 /index.php/admin/index/menu
INFO: [ route_check ] --START--
INFO: CheckRoute Behavior ::run [ RunTime:0.001556s ]
INFO: [ route_check ] --END-- [ RunTime:0.001664s ]
INFO: [ app_begin ] --START--
INFO: ReadHtmlCache Behavior ::run [ RunTime:0.000861s ]
INFO: [ app_begin ] --END-- [ RunTime:0.001007s ]
INFO: [ view_parse ] --START--
INFO: ParseTemplate Behavior ::run [ RunTime:0.018550s ]
INFO: [ view_parse ] --END-- [ RunTime:0.018781s ]
INFO: [ view_filter ] --START--
INFO: ContentReplace Behavior ::run [ RunTime:0.001150s ]
INFO: TokenBuild Behavior ::run [ RunTime:0.000938s ]
INFO: WriteHtmlCache Behavior ::run [ RunTime:0.000999s ]
INFO: ShowRuntime Behavior ::run [ RunTime:0.001318s ]
INFO: [ view_filter ] --END-- [ RunTime:0.004788s ]
INFO: [ view_end ] --START--
INFO: ShowPageTrace Behavior ::run [ RunTime:0.006038s ]
INFO: [ view_end ] --END-- [ RunTime:0.006498s ]

[ 2015-04-16T01:55:44+08:00 ] 127.0.0.1 /index.php/admin/index/main
INFO: [ route_check ] --START--
INFO: CheckRoute Behavior ::run [ RunTime:0.000749s ]
INFO: [ route_check ] --END-- [ RunTime:0.000846s ]
INFO: [ app_begin ] --START--
INFO: ReadHtmlCache Behavior ::run [ RunTime:0.000570s ]
INFO: [ app_begin ] --END-- [ RunTime:0.000639s ]
INFO: [ view_parse ] --START--
NOTIC: [8] Undefined variable: arr D:\server\apache\htdocs\itshop\App\Runtime\Cache\Admin\2ad3618d67075988ac943fe5d6b7b9e4.php 第 53 行.
INFO: ParseTemplate Behavior ::run [ RunTime:0.013928s ]
INFO: [ view_parse ] --END-- [ RunTime:0.014060s ]
INFO: [ view_filter ] --START--
INFO: ContentReplace Behavior ::run [ RunTime:0.000605s ]
INFO: TokenBuild Behavior ::run [ RunTime:0.000529s ]
INFO: WriteHtmlCache Behavior ::run [ RunTime:0.000288s ]
INFO: ShowRuntime Behavior ::run [ RunTime:0.000484s ]
INFO: [ view_filter ] --END-- [ RunTime:0.002127s ]
INFO: [ view_end ] --START--
INFO: ShowPageTrace Behavior ::run [ RunTime:0.000980s ]
INFO: [ view_end ] --END-- [ RunTime:0.001064s ]

[ 2015-04-16T01:55:44+08:00 ] 127.0.0.1 /index.php/admin/index/Js/global.js
INFO: [ route_check ] --START--
INFO: CheckRoute Behavior ::run [ RunTime:0.001099s ]
INFO: [ route_check ] --END-- [ RunTime:0.001223s ]
INFO: [ app_begin ] --START--
INFO: ReadHtmlCache Behavior ::run [ RunTime:0.000718s ]
INFO: [ app_begin ] --END-- [ RunTime:0.000825s ]
ERR: 非法操作:js

[ 2015-04-16T01:55:44+08:00 ] 127.0.0.1 /index.php/admin/index/Js/utils.js
INFO: [ route_check ] --START--
INFO: CheckRoute Behavior ::run [ RunTime:0.001074s ]
INFO: [ route_check ] --END-- [ RunTime:0.001186s ]
INFO: [ app_begin ] --START--
INFO: ReadHtmlCache Behavior ::run [ RunTime:0.000766s ]
INFO: [ app_begin ] --END-- [ RunTime:0.000863s ]
ERR: 非法操作:js

[ 2015-04-16T01:55:44+08:00 ] 127.0.0.1 /index.php/admin/index/Js/transport.js
INFO: [ route_check ] --START--
INFO: CheckRoute Behavior ::run [ RunTime:0.001684s ]
INFO: [ route_check ] --END-- [ RunTime:0.001867s ]
INFO: [ app_begin ] --START--
INFO: ReadHtmlCache Behavior ::run [ RunTime:0.000878s ]
INFO: [ app_begin ] --END-- [ RunTime:0.000982s ]
ERR: 非法操作:js

[ 2015-04-16T01:55:45+08:00 ] 127.0.0.1 /index.php/admin/Category/add
INFO: [ route_check ] --START--
INFO: CheckRoute Behavior ::run [ RunTime:0.000929s ]
INFO: [ route_check ] --END-- [ RunTime:0.001018s ]
INFO: [ app_begin ] --START--
INFO: ReadHtmlCache Behavior ::run [ RunTime:0.000525s ]
INFO: [ app_begin ] --END-- [ RunTime:0.000652s ]
INFO: [ view_parse ] --START--
INFO: ParseTemplate Behavior ::run [ RunTime:0.007730s ]
INFO: [ view_parse ] --END-- [ RunTime:0.007826s ]
INFO: [ view_filter ] --START--
INFO: ContentReplace Behavior ::run [ RunTime:0.000451s ]
INFO: TokenBuild Behavior ::run [ RunTime:0.000356s ]
INFO: WriteHtmlCache Behavior ::run [ RunTime:0.000242s ]
INFO: ShowRuntime Behavior ::run [ RunTime:0.000462s ]
INFO: [ view_filter ] --END-- [ RunTime:0.001654s ]
INFO: [ view_end ] --START--
INFO: ShowPageTrace Behavior ::run [ RunTime:0.000624s ]
INFO: [ view_end ] --END-- [ RunTime:0.000672s ]

[ 2015-04-16T01:55:50+08:00 ] 127.0.0.1 /index.php/admin/Category/add
INFO: [ route_check ] --START--
INFO: CheckRoute Behavior ::run [ RunTime:0.001152s ]
INFO: [ route_check ] --END-- [ RunTime:0.001258s ]
INFO: [ app_begin ] --START--
INFO: ReadHtmlCache Behavior ::run [ RunTime:0.000764s ]
INFO: [ app_begin ] --END-- [ RunTime:0.000895s ]
INFO: [ view_parse ] --START--
INFO: ParseTemplate Behavior ::run [ RunTime:0.013323s ]
INFO: [ view_parse ] --END-- [ RunTime:0.013679s ]
INFO: [ view_filter ] --START--
INFO: ContentReplace Behavior ::run [ RunTime:0.000463s ]
INFO: TokenBuild Behavior ::run [ RunTime:0.000338s ]
INFO: WriteHtmlCache Behavior ::run [ RunTime:0.000662s ]
INFO: ShowRuntime Behavior ::run [ RunTime:0.000537s ]
INFO: [ view_filter ] --END-- [ RunTime:0.002147s ]
INFO: [ view_end ] --START--
INFO: ShowPageTrace Behavior ::run [ RunTime:0.000552s ]
INFO: [ view_end ] --END-- [ RunTime:0.000600s ]

[ 2015-04-16T02:11:04+08:00 ] 127.0.0.1 /index.php/admin/Category/add
INFO: [ route_check ] --START--
INFO: CheckRoute Behavior ::run [ RunTime:0.001573s ]
INFO: [ route_check ] --END-- [ RunTime:0.001761s ]
INFO: [ app_begin ] --START--
INFO: ReadHtmlCache Behavior ::run [ RunTime:0.000923s ]
INFO: [ app_begin ] --END-- [ RunTime:0.001017s ]
SQL: SHOW COLUMNS FROM `it_category` [ RunTime:0.004776s ]
INFO: [ view_parse ] --START--
INFO: ParseTemplate Behavior ::run [ RunTime:0.010193s ]
INFO: [ view_parse ] --END-- [ RunTime:0.010316s ]
INFO: [ view_filter ] --START--
INFO: ContentReplace Behavior ::run [ RunTime:0.000605s ]
INFO: TokenBuild Behavior ::run [ RunTime:0.000483s ]
INFO: WriteHtmlCache Behavior ::run [ RunTime:0.000434s ]
INFO: ShowRuntime Behavior ::run [ RunTime:0.000538s ]
INFO: [ view_filter ] --END-- [ RunTime:0.002217s ]
INFO: [ view_end ] --START--
INFO: ShowPageTrace Behavior ::run [ RunTime:0.000791s ]
INFO: [ view_end ] --END-- [ RunTime:0.000905s ]

[ 2015-04-16T02:11:22+08:00 ] 127.0.0.1 /index.php/admin
INFO: [ route_check ] --START--
INFO: CheckRoute Behavior ::run [ RunTime:0.000760s ]
INFO: [ route_check ] --END-- [ RunTime:0.000849s ]
INFO: [ app_begin ] --START--
INFO: ReadHtmlCache Behavior ::run [ RunTime:0.000491s ]
INFO: [ app_begin ] --END-- [ RunTime:0.000546s ]
INFO: [ view_parse ] --START--
INFO: ParseTemplate Behavior ::run [ RunTime:0.006878s ]
INFO: [ view_parse ] --END-- [ RunTime:0.007004s ]
INFO: [ view_filter ] --START--
INFO: ContentReplace Behavior ::run [ RunTime:0.000574s ]
INFO: TokenBuild Behavior ::run [ RunTime:0.000381s ]
INFO: WriteHtmlCache Behavior ::run [ RunTime:0.000253s ]
INFO: ShowRuntime Behavior ::run [ RunTime:0.000443s ]
INFO: [ view_filter ] --END-- [ RunTime:0.001809s ]
INFO: [ view_end ] --START--
INFO: ShowPageTrace Behavior ::run [ RunTime:0.000776s ]
INFO: [ view_end ] --END-- [ RunTime:0.000839s ]

[ 2015-04-16T02:11:23+08:00 ] 127.0.0.1 /index.php/admin/index/top
INFO: [ route_check ] --START--
INFO: CheckRoute Behavior ::run [ RunTime:0.001024s ]
INFO: [ route_check ] --END-- [ RunTime:0.001138s ]
INFO: [ app_begin ] --START--
INFO: ReadHtmlCache Behavior ::run [ RunTime:0.000679s ]
INFO: [ app_begin ] --END-- [ RunTime:0.000760s ]
INFO: [ view_parse ] --START--
INFO: ParseTemplate Behavior ::run [ RunTime:0.012973s ]
INFO: [ view_parse ] --END-- [ RunTime:0.013161s ]
INFO: [ view_filter ] --START--
INFO: ContentReplace Behavior ::run [ RunTime:0.000806s ]
INFO: TokenBuild Behavior ::run [ RunTime:0.000731s ]
INFO: WriteHtmlCache Behavior ::run [ RunTime:0.001282s ]
INFO: ShowRuntime Behavior ::run [ RunTime:0.001073s ]
INFO: [ view_filter ] --END-- [ RunTime:0.004297s ]
INFO: [ view_end ] --START--
INFO: ShowPageTrace Behavior ::run [ RunTime:0.001071s ]
INFO: [ view_end ] --END-- [ RunTime:0.001207s ]

[ 2015-04-16T02:11:23+08:00 ] 127.0.0.1 /index.php/admin/index/menu
INFO: [ route_check ] --START--
INFO: CheckRoute Behavior ::run [ RunTime:0.000942s ]
INFO: [ route_check ] --END-- [ RunTime:0.001021s ]
INFO: [ app_begin ] --START--
INFO: ReadHtmlCache Behavior ::run [ RunTime:0.000616s ]
INFO: [ app_begin ] --END-- [ RunTime:0.000677s ]
INFO: [ view_parse ] --START--
INFO: ParseTemplate Behavior ::run [ RunTime:0.014261s ]
INFO: [ view_parse ] --END-- [ RunTime:0.014423s ]
INFO: [ view_filter ] --START--
INFO: ContentReplace Behavior ::run [ RunTime:0.000958s ]
INFO: TokenBuild Behavior ::run [ RunTime:0.000766s ]
INFO: WriteHtmlCache Behavior ::run [ RunTime:0.000376s ]
INFO: ShowRuntime Behavior ::run [ RunTime:0.001261s ]
INFO: [ view_filter ] --END-- [ RunTime:0.003606s ]
INFO: [ view_end ] --START--
INFO: ShowPageTrace Behavior ::run [ RunTime:0.002374s ]
INFO: [ view_end ] --END-- [ RunTime:0.002522s ]

[ 2015-04-16T02:11:23+08:00 ] 127.0.0.1 /index.php/admin/index/main
INFO: [ route_check ] --START--
INFO: CheckRoute Behavior ::run [ RunTime:0.001524s ]
INFO: [ route_check ] --END-- [ RunTime:0.001649s ]
INFO: [ app_begin ] --START--
INFO: ReadHtmlCache Behavior ::run [ RunTime:0.000982s ]
INFO: [ app_begin ] --END-- [ RunTime:0.001091s ]
INFO: [ view_parse ] --START--
NOTIC: [8] Undefined variable: arr D:\server\apache\htdocs\itshop\App\Runtime\Cache\Admin\2ad3618d67075988ac943fe5d6b7b9e4.php 第 53 行.
INFO: ParseTemplate Behavior ::run [ RunTime:0.018891s ]
INFO: [ view_parse ] --END-- [ RunTime:0.019010s ]
INFO: [ view_filter ] --START--
INFO: ContentReplace Behavior ::run [ RunTime:0.001019s ]
INFO: TokenBuild Behavior ::run [ RunTime:0.000826s ]
INFO: WriteHtmlCache Behavior ::run [ RunTime:0.000596s ]
INFO: ShowRuntime Behavior ::run [ RunTime:0.001772s ]
INFO: [ view_filter ] --END-- [ RunTime:0.004485s ]
INFO: [ view_end ] --START--
INFO: ShowPageTrace Behavior ::run [ RunTime:0.000990s ]
INFO: [ view_end ] --END-- [ RunTime:0.001060s ]

[ 2015-04-16T02:11:23+08:00 ] 127.0.0.1 /index.php/admin/index/Js/global.js
INFO: [ route_check ] --START--
INFO: CheckRoute Behavior ::run [ RunTime:0.001076s ]
INFO: [ route_check ] --END-- [ RunTime:0.001189s ]
INFO: [ app_begin ] --START--
INFO: ReadHtmlCache Behavior ::run [ RunTime:0.000726s ]
INFO: [ app_begin ] --END-- [ RunTime:0.000810s ]
ERR: 非法操作:js

[ 2015-04-16T02:11:23+08:00 ] 127.0.0.1 /index.php/admin/index/Js/utils.js
INFO: [ route_check ] --START--
INFO: CheckRoute Behavior ::run [ RunTime:0.001343s ]
INFO: [ route_check ] --END-- [ RunTime:0.001527s ]
INFO: [ app_begin ] --START--
INFO: ReadHtmlCache Behavior ::run [ RunTime:0.000865s ]
INFO: [ app_begin ] --END-- [ RunTime:0.000958s ]
ERR: 非法操作:js

[ 2015-04-16T02:11:23+08:00 ] 127.0.0.1 /index.php/admin/index/Js/transport.js
INFO: [ route_check ] --START--
INFO: CheckRoute Behavior ::run [ RunTime:0.001468s ]
INFO: [ route_check ] --END-- [ RunTime:0.001584s ]
INFO: [ app_begin ] --START--
INFO: ReadHtmlCache Behavior ::run [ RunTime:0.000960s ]
INFO: [ app_begin ] --END-- [ RunTime:0.001075s ]
ERR: 非法操作:js

[ 2015-04-16T02:11:24+08:00 ] 127.0.0.1 /index.php/admin/Category/add
INFO: [ route_check ] --START--
INFO: CheckRoute Behavior ::run [ RunTime:0.000949s ]
INFO: [ route_check ] --END-- [ RunTime:0.001052s ]
INFO: [ app_begin ] --START--
INFO: ReadHtmlCache Behavior ::run [ RunTime:0.000666s ]
INFO: [ app_begin ] --END-- [ RunTime:0.000733s ]
SQL: SHOW COLUMNS FROM `it_category` [ RunTime:0.005627s ]
INFO: [ view_parse ] --START--
INFO: ParseTemplate Behavior ::run [ RunTime:0.011287s ]
INFO: [ view_parse ] --END-- [ RunTime:0.011389s ]
INFO: [ view_filter ] --START--
INFO: ContentReplace Behavior ::run [ RunTime:0.000572s ]
INFO: TokenBuild Behavior ::run [ RunTime:0.000570s ]
INFO: WriteHtmlCache Behavior ::run [ RunTime:0.000395s ]
INFO: ShowRuntime Behavior ::run [ RunTime:0.000651s ]
INFO: [ view_filter ] --END-- [ RunTime:0.002346s ]
INFO: [ view_end ] --START--
INFO: ShowPageTrace Behavior ::run [ RunTime:0.000802s ]
INFO: [ view_end ] --END-- [ RunTime:0.000868s ]

[ 2015-04-16T02:11:36+08:00 ] 127.0.0.1 /index.php/admin/Category/add
INFO: [ route_check ] --START--
INFO: CheckRoute Behavior ::run [ RunTime:0.001265s ]
INFO: [ route_check ] --END-- [ RunTime:0.001356s ]
INFO: [ app_begin ] --START--
INFO: ReadHtmlCache Behavior ::run [ RunTime:0.000684s ]
INFO: [ app_begin ] --END-- [ RunTime:0.000796s ]
SQL: SHOW COLUMNS FROM `it_category` [ RunTime:0.005264s ]
INFO: [ view_parse ] --START--
INFO: ParseTemplate Behavior ::run [ RunTime:0.010055s ]
INFO: [ view_parse ] --END-- [ RunTime:0.010188s ]
INFO: [ view_filter ] --START--
INFO: ContentReplace Behavior ::run [ RunTime:0.000601s ]
INFO: TokenBuild Behavior ::run [ RunTime:0.000508s ]
INFO: WriteHtmlCache Behavior ::run [ RunTime:0.000452s ]
INFO: ShowRuntime Behavior ::run [ RunTime:0.000672s ]
INFO: [ view_filter ] --END-- [ RunTime:0.002506s ]
INFO: [ view_end ] --START--
INFO: ShowPageTrace Behavior ::run [ RunTime:0.000688s ]
INFO: [ view_end ] --END-- [ RunTime:0.000742s ]

[ 2015-04-16T02:14:15+08:00 ] 127.0.0.1 /index.php/admin/Category/add
INFO: [ route_check ] --START--
INFO: CheckRoute Behavior ::run [ RunTime:0.001004s ]
INFO: [ route_check ] --END-- [ RunTime:0.001097s ]
INFO: [ app_begin ] --START--
INFO: ReadHtmlCache Behavior ::run [ RunTime:0.000625s ]
INFO: [ app_begin ] --END-- [ RunTime:0.000680s ]
SQL: SHOW COLUMNS FROM `it_category` [ RunTime:0.005653s ]

[ 2015-04-16T02:15:05+08:00 ] 127.0.0.1 /index.php/admin/index/categoryList.html
ERR: 非法操作:categorylist

[ 2015-04-16T02:19:15+08:00 ] 127.0.0.1 /index.php/admin/index/brandList.html
ERR: 非法操作:brandlist

[ 2015-04-16T02:35:53+08:00 ] 127.0.0.1 /index.php/admin/index/Js/global.js
ERR: 非法操作:js

[ 2015-04-16T02:35:53+08:00 ] 127.0.0.1 /index.php/admin/index/Js/utils.js
ERR: 非法操作:js

[ 2015-04-16T02:35:53+08:00 ] 127.0.0.1 /index.php/admin/index/Js/transport.js
ERR: 非法操作:js

[ 2015-04-16T02:35:54+08:00 ] 127.0.0.1 /index.php/admin/index/categoryList.html
ERR: 非法操作:categorylist

[ 2015-04-16T02:35:56+08:00 ] 127.0.0.1 /index.php/admin/index/categoryList.html
ERR: 非法操作:categorylist

[ 2015-04-16T02:37:50+08:00 ] 127.0.0.1 /index.php/admin/index/Js/global.js
ERR: 非法操作:js

[ 2015-04-16T02:37:50+08:00 ] 127.0.0.1 /index.php/admin/index/Js/utils.js
ERR: 非法操作:js

[ 2015-04-16T02:37:50+08:00 ] 127.0.0.1 /index.php/admin/index/Js/transport.js
ERR: 非法操作:js

[ 2015-04-16T02:38:23+08:00 ] 127.0.0.1 /index.php/admin/index/Js/global.js
ERR: 非法操作:js

[ 2015-04-16T02:38:23+08:00 ] 127.0.0.1 /index.php/admin/index/Js/utils.js
ERR: 非法操作:js

[ 2015-04-16T02:38:23+08:00 ] 127.0.0.1 /index.php/admin/index/Js/transport.js
ERR: 非法操作:js

[ 2015-04-16T02:39:41+08:00 ] 127.0.0.1 /index.php/admin/index/Js/global.js
ERR: 非法操作:js

[ 2015-04-16T02:39:41+08:00 ] 127.0.0.1 /index.php/admin/index/Js/utils.js
ERR: 非法操作:js

[ 2015-04-16T02:39:41+08:00 ] 127.0.0.1 /index.php/admin/index/Js/transport.js
ERR: 非法操作:js

[ 2015-04-16T02:40:47+08:00 ] 127.0.0.1 /index.php/admin/index/Js/global.js
ERR: 非法操作:js

[ 2015-04-16T02:40:47+08:00 ] 127.0.0.1 /index.php/admin/index/Js/utils.js
ERR: 非法操作:js

[ 2015-04-16T02:40:47+08:00 ] 127.0.0.1 /index.php/admin/index/Js/transport.js
ERR: 非法操作:js

[ 2015-04-16T02:41:01+08:00 ] 127.0.0.1 /index.php/admin/index/Js/global.js
ERR: 非法操作:js

[ 2015-04-16T02:41:01+08:00 ] 127.0.0.1 /index.php/admin/index/Js/utils.js
ERR: 非法操作:js

[ 2015-04-16T02:41:01+08:00 ] 127.0.0.1 /index.php/admin/index/Js/transport.js
ERR: 非法操作:js

[ 2015-04-16T02:52:07+08:00 ] 127.0.0.1 /index.php/admin/Category/add
ERR: Action:is_post您所请求的方法不存在！

[ 2015-04-16T02:52:09+08:00 ] 127.0.0.1 /index.php/admin/index/categoryList.html
ERR: 非法操作:categorylist

[ 2015-04-16T02:52:10+08:00 ] 127.0.0.1 /index.php/admin/Category/add
ERR: Action:is_post您所请求的方法不存在！

[ 2015-04-16T03:00:10+08:00 ] 127.0.0.1 /index.php/admin/index/categoryList.html
ERR: 非法操作:categorylist

[ 2015-04-16T03:00:11+08:00 ] 127.0.0.1 /index.php/admin/index/categoryList.html
ERR: 非法操作:categorylist

[ 2015-04-16T03:00:11+08:00 ] 127.0.0.1 /index.php/admin/index/categoryList.html
ERR: 非法操作:categorylist

[ 2015-04-16T03:04:10+08:00 ] 127.0.0.1 /index.php/admin/index/categoryList.html
ERR: 非法操作:categorylist

[ 2015-04-16T03:04:21+08:00 ] 127.0.0.1 /index.php/admin/index/categoryList.html
ERR: 非法操作:categorylist

[ 2015-04-16T03:05:47+08:00 ] 127.0.0.1 /index.php/admin/index/categoryList.html
ERR: 非法操作:categorylist

[ 2015-04-16T03:05:59+08:00 ] 127.0.0.1 /index.php/admin/index/categoryList.html
ERR: 非法操作:categorylist

[ 2015-04-16T03:06:11+08:00 ] 127.0.0.1 /index.php/admin/index/Js/global.js
ERR: 非法操作:js

[ 2015-04-16T03:06:11+08:00 ] 127.0.0.1 /index.php/admin/index/Js/transport.js
ERR: 非法操作:js

[ 2015-04-16T03:06:11+08:00 ] 127.0.0.1 /index.php/admin/index/Js/utils.js
ERR: 非法操作:js

[ 2015-04-16T03:06:23+08:00 ] 127.0.0.1 /index.php/admin/index/Js/global.js
ERR: 非法操作:js

[ 2015-04-16T03:06:23+08:00 ] 127.0.0.1 /index.php/admin/index/Js/utils.js
ERR: 非法操作:js

[ 2015-04-16T03:06:23+08:00 ] 127.0.0.1 /index.php/admin/index/Js/transport.js
ERR: 非法操作:js

[ 2015-04-16T03:06:56+08:00 ] 127.0.0.1 /index.php/admin/index/Js/global.js
ERR: 非法操作:js

[ 2015-04-16T03:06:56+08:00 ] 127.0.0.1 /index.php/admin/index/Js/utils.js
ERR: 非法操作:js

[ 2015-04-16T03:06:56+08:00 ] 127.0.0.1 /index.php/admin/index/Js/transport.js
ERR: 非法操作:js

[ 2015-04-16T03:06:59+08:00 ] 127.0.0.1 /index.php/catlist/id/23.html
ERR: 无法加载模块:Catlist

[ 2015-04-16T03:07:25+08:00 ] 127.0.0.1 /index.php/catlist/id/23.html
ERR: 无法加载模块:Catlist

[ 2015-04-16T03:07:37+08:00 ] 127.0.0.1 /index.php/admin/index/Js/global.js
ERR: 非法操作:js

[ 2015-04-16T03:07:37+08:00 ] 127.0.0.1 /index.php/admin/index/Js/utils.js
ERR: 非法操作:js

[ 2015-04-16T03:07:37+08:00 ] 127.0.0.1 /index.php/admin/index/Js/transport.js
ERR: 非法操作:js

[ 2015-04-16T03:10:00+08:00 ] 127.0.0.1 /index.php/admin/index/Js/global.js
ERR: 非法操作:js

[ 2015-04-16T03:10:00+08:00 ] 127.0.0.1 /index.php/admin/index/Js/utils.js
ERR: 非法操作:js

[ 2015-04-16T03:10:00+08:00 ] 127.0.0.1 /index.php/admin/index/Js/transport.js
ERR: 非法操作:js

[ 2015-04-16T03:10:38+08:00 ] 127.0.0.1 /index.php/admin/index/Js/utils.js
ERR: 非法操作:js

[ 2015-04-16T03:10:38+08:00 ] 127.0.0.1 /index.php/admin/index/Js/global.js
ERR: 非法操作:js

[ 2015-04-16T03:10:38+08:00 ] 127.0.0.1 /index.php/admin/index/Js/transport.js
ERR: 非法操作:js

[ 2015-04-16T03:10:39+08:00 ] 127.0.0.1 /index.php/admin/index/%7BU('Category/catList',array('id'=%3E23))%7D
ERR: 非法操作:{u('category

[ 2015-04-16T03:10:54+08:00 ] 127.0.0.1 /index.php/admin/index/%7BU('Category/catList',array('id'=%3E23))%7D
ERR: 非法操作:{u('category

[ 2015-04-16T03:11:03+08:00 ] 127.0.0.1 /index.php/admin/index/Js/global.js
ERR: 非法操作:js

[ 2015-04-16T03:11:03+08:00 ] 127.0.0.1 /index.php/admin/index/Js/utils.js
ERR: 非法操作:js

[ 2015-04-16T03:11:04+08:00 ] 127.0.0.1 /index.php/admin/index/Js/transport.js
ERR: 非法操作:js

[ 2015-04-16T03:14:59+08:00 ] 127.0.0.1 /index.php/admin/attribute/ajaxGetAttrs/id/2
INFO: [ app_begin ] --START--
INFO: ReadHtmlCache Behavior ::run [ RunTime:0.000609s ]
INFO: [ app_begin ] --END-- [ RunTime:0.000677s ]
SQL: SHOW COLUMNS FROM `it_attribute` [ RunTime:0.005466s ]
SQL: SELECT it_attribute.*,b.type_name FROM `it_attribute` LEFT JOIN it_goods_type b on it_attribute.type_id=b.id WHERE ( type_id=2 )  [ RunTime:0.000785s ]
INFO: [ view_parse ] --START--
NOTIC: [8] Undefined variable: k D:\server\apache\htdocs\itshop\App\Runtime\Cache\Admin\aa822fe642dbb703ba20758a563ef244.php 第 12 行.
NOTIC: [8] Undefined variable: val D:\server\apache\htdocs\itshop\App\Runtime\Cache\Admin\aa822fe642dbb703ba20758a563ef244.php 第 19 行.
NOTIC: [8] Undefined variable: val D:\server\apache\htdocs\itshop\App\Runtime\Cache\Admin\aa822fe642dbb703ba20758a563ef244.php 第 20 行.
NOTIC: [8] Undefined variable: k D:\server\apache\htdocs\itshop\App\Runtime\Cache\Admin\aa822fe642dbb703ba20758a563ef244.php 第 12 行.
NOTIC: [8] Undefined variable: val D:\server\apache\htdocs\itshop\App\Runtime\Cache\Admin\aa822fe642dbb703ba20758a563ef244.php 第 19 行.
NOTIC: [8] Undefined variable: val D:\server\apache\htdocs\itshop\App\Runtime\Cache\Admin\aa822fe642dbb703ba20758a563ef244.php 第 20 行.
NOTIC: [8] Undefined variable: k D:\server\apache\htdocs\itshop\App\Runtime\Cache\Admin\aa822fe642dbb703ba20758a563ef244.php 第 12 行.
NOTIC: [8] Undefined variable: val D:\server\apache\htdocs\itshop\App\Runtime\Cache\Admin\aa822fe642dbb703ba20758a563ef244.php 第 19 行.
NOTIC: [8] Undefined variable: val D:\server\apache\htdocs\itshop\App\Runtime\Cache\Admin\aa822fe642dbb703ba20758a563ef244.php 第 20 行.
INFO: ParseTemplate Behavior ::run [ RunTime:0.056669s ]
INFO: [ view_parse ] --END-- [ RunTime:0.056757s ]
INFO: [ view_filter ] --START--
INFO: ContentReplace Behavior ::run [ RunTime:0.000691s ]
INFO: TokenBuild Behavior ::run [ RunTime:0.000439s ]
INFO: WriteHtmlCache Behavior ::run [ RunTime:0.000285s ]
INFO: ShowRuntime Behavior ::run [ RunTime:0.000734s ]
INFO: [ view_filter ] --END-- [ RunTime:0.002370s ]
INFO: [ view_end ] --START--
INFO: ShowPageTrace Behavior ::run [ RunTime:0.000672s ]
INFO: [ view_end ] --END-- [ RunTime:0.000780s ]

[ 2015-04-16T03:16:00+08:00 ] 127.0.0.1 /index.php/admin/category/catList.html
ERR: Model:getSonTree您所请求的方法不存在！

[ 2015-04-16T03:16:57+08:00 ] 127.0.0.1 /index.php/admin/index/Js/global.js
ERR: 非法操作:js

[ 2015-04-16T03:16:57+08:00 ] 127.0.0.1 /index.php/admin/index/Js/utils.js
ERR: 非法操作:js

[ 2015-04-16T03:16:57+08:00 ] 127.0.0.1 /index.php/admin/index/Js/transport.js
ERR: 非法操作:js

[ 2015-04-16T03:16:58+08:00 ] 127.0.0.1 /index.php/admin/category/catList.html
ERR: Model:getSonTree您所请求的方法不存在！

[ 2015-04-16T03:17:12+08:00 ] 127.0.0.1 /index.php/admin/category/catList.html
ERR: Model:getSonTree您所请求的方法不存在！

[ 2015-04-16T03:19:05+08:00 ] 127.0.0.1 /index.php/admin/index/Js/global.js
ERR: 非法操作:js

[ 2015-04-16T03:19:05+08:00 ] 127.0.0.1 /index.php/admin/index/Js/utils.js
ERR: 非法操作:js

[ 2015-04-16T03:19:05+08:00 ] 127.0.0.1 /index.php/admin/index/Js/transport.js
ERR: 非法操作:js

[ 2015-04-16T03:19:40+08:00 ] 127.0.0.1 /index.php/admin/index/Js/global.js
ERR: 非法操作:js

[ 2015-04-16T03:19:40+08:00 ] 127.0.0.1 /index.php/admin/index/Js/transport.js
ERR: 非法操作:js

[ 2015-04-16T03:19:40+08:00 ] 127.0.0.1 /index.php/admin/index/Js/utils.js
ERR: 非法操作:js

[ 2015-04-16T03:19:47+08:00 ] 127.0.0.1 /index.php/admin/category/id/1
ERR: 非法操作:id

[ 2015-04-16T03:22:49+08:00 ] 127.0.0.1 /index.php/admin/category/del/id/3
ERR: 非法操作:del

[ 2015-04-16T03:23:12+08:00 ] 127.0.0.1 /index.php/admin/index/Js/global.js
ERR: 非法操作:js

[ 2015-04-16T03:23:12+08:00 ] 127.0.0.1 /index.php/admin/index/Js/transport.js
ERR: 非法操作:js

[ 2015-04-16T03:23:12+08:00 ] 127.0.0.1 /index.php/admin/index/Js/utils.js
ERR: 非法操作:js

[ 2015-04-16T03:23:40+08:00 ] 127.0.0.1 /index.php/admin/category/del/id/3
ERR: 非法操作:del

[ 2015-04-16T03:24:06+08:00 ] 127.0.0.1 /index.php/admin/category/del/id/3
ERR: 非法操作:del

[ 2015-04-16T03:28:17+08:00 ] 127.0.0.1 /index.php/admin/category/del/id/4
ERR: 非法操作:del

[ 2015-04-16T03:28:21+08:00 ] 127.0.0.1 /index.php/admin/category/del/id/1
ERR: 非法操作:del

[ 2015-04-16T03:29:31+08:00 ] 127.0.0.1 /index.php/admin/category/del/id/2
ERR: 非法操作:del

[ 2015-04-16T03:30:38+08:00 ] 127.0.0.1 /index.php/admin/category/del/id/1
ERR: 非法操作:del

[ 2015-04-16T03:30:54+08:00 ] 127.0.0.1 /index.php/admin/index/Js/global.js
ERR: 非法操作:js

[ 2015-04-16T03:30:54+08:00 ] 127.0.0.1 /index.php/admin/index/Js/utils.js
ERR: 非法操作:js

[ 2015-04-16T03:30:54+08:00 ] 127.0.0.1 /index.php/admin/index/Js/transport.js
ERR: 非法操作:js

[ 2015-04-16T03:46:27+08:00 ] 127.0.0.1 /index.php/admin/index/Js/global.js
ERR: 非法操作:js

[ 2015-04-16T03:46:27+08:00 ] 127.0.0.1 /index.php/admin/index/Js/utils.js
ERR: 非法操作:js

[ 2015-04-16T03:46:27+08:00 ] 127.0.0.1 /index.php/admin/index/Js/transport.js
ERR: 非法操作:js

[ 2015-04-16T03:46:40+08:00 ] 127.0.0.1 /index.php/admin/index/goodsList.html
ERR: 非法操作:goodslist

[ 2015-04-16T03:46:40+08:00 ] 127.0.0.1 /index.php/admin/index/goodsAdd.html
ERR: 非法操作:goodsadd

[ 2015-04-16T03:46:41+08:00 ] 127.0.0.1 /index.php/admin/index/goodsList.html
ERR: 非法操作:goodslist

[ 2015-04-16T03:46:53+08:00 ] 127.0.0.1 /index.php/admin/index/goodsTrash.html
ERR: 非法操作:goodstrash

[ 2015-04-16T03:46:54+08:00 ] 127.0.0.1 /index.php/admin/index/brandList.html
ERR: 非法操作:brandlist

[ 2015-04-16T03:49:50+08:00 ] 127.0.0.1 /index.php/admin/index/goodsAdd.html
ERR: 非法操作:goodsadd

[ 2015-04-16T03:54:50+08:00 ] 127.0.0.1 /index.php/admin/index/goodsAdd.html
ERR: 非法操作:goodsadd

[ 2015-04-16T03:56:01+08:00 ] 127.0.0.1 /index.php/admin/index/Js/global.js
ERR: 非法操作:js

[ 2015-04-16T03:56:01+08:00 ] 127.0.0.1 /index.php/admin/index/Js/utils.js
ERR: 非法操作:js

[ 2015-04-16T03:56:01+08:00 ] 127.0.0.1 /index.php/admin/index/Js/transport.js
ERR: 非法操作:js

[ 2015-04-16T03:56:04+08:00 ] 127.0.0.1 /index.php/admin/Goods/add
ERR: 无法加载模块:Goods

[ 2015-04-16T03:58:28+08:00 ] 127.0.0.1 /index.php/admin/Goods/add
ERR: 模板不存在[./App/Tpl/Admin/Goods/add.html]

[ 2015-04-16T04:17:52+08:00 ] 127.0.0.1 /index.php/admin/goods/showattr/type_id/5
INFO: [ app_begin ] --START--
INFO: ReadHtmlCache Behavior ::run [ RunTime:0.000649s ]
INFO: [ app_begin ] --END-- [ RunTime:0.000715s ]
ERR: 非法操作:showattr

[ 2015-04-16T04:17:58+08:00 ] 127.0.0.1 /index.php/admin/goods/showattr/type_id/7
INFO: [ app_begin ] --START--
INFO: ReadHtmlCache Behavior ::run [ RunTime:0.000560s ]
INFO: [ app_begin ] --END-- [ RunTime:0.000612s ]
ERR: 非法操作:showattr

[ 2015-04-16T04:18:00+08:00 ] 127.0.0.1 /index.php/admin/goods/showattr/type_id/1
INFO: [ app_begin ] --START--
INFO: ReadHtmlCache Behavior ::run [ RunTime:0.001285s ]
INFO: [ app_begin ] --END-- [ RunTime:0.001364s ]
ERR: 非法操作:showattr

[ 2015-04-16T04:18:01+08:00 ] 127.0.0.1 /index.php/admin/goods/showattr/type_id/%E9%80%89%E6%8B%A9%E5%95%86%E5%93%81%E7%B1%BB%E5%9E%8B
INFO: [ app_begin ] --START--
INFO: ReadHtmlCache Behavior ::run [ RunTime:0.000527s ]
INFO: [ app_begin ] --END-- [ RunTime:0.000588s ]
ERR: 非法操作:showattr

[ 2015-04-16T04:36:25+08:00 ] 127.0.0.1 /index.php/admin/goods/showattr/type_id/2
INFO: [ app_begin ] --START--
INFO: ReadHtmlCache Behavior ::run [ RunTime:0.001048s ]
INFO: [ app_begin ] --END-- [ RunTime:0.001204s ]

[ 2015-04-16T04:36:27+08:00 ] 127.0.0.1 /index.php/admin/goods/showattr/type_id/3
INFO: [ app_begin ] --START--
INFO: ReadHtmlCache Behavior ::run [ RunTime:0.000507s ]
INFO: [ app_begin ] --END-- [ RunTime:0.000572s ]

[ 2015-04-16T04:37:16+08:00 ] 127.0.0.1 /index.php/admin/goods/showAttr/type_id/3
INFO: [ app_begin ] --START--
INFO: ReadHtmlCache Behavior ::run [ RunTime:0.000846s ]
INFO: [ app_begin ] --END-- [ RunTime:0.000939s ]

[ 2015-04-16T04:37:18+08:00 ] 127.0.0.1 /index.php/admin/goods/showAttr/type_id/6
INFO: [ app_begin ] --START--
INFO: ReadHtmlCache Behavior ::run [ RunTime:0.000761s ]
INFO: [ app_begin ] --END-- [ RunTime:0.000890s ]

[ 2015-04-16T04:37:30+08:00 ] 127.0.0.1 /index.php/admin/goods/showAttr/type_id/4
INFO: [ app_begin ] --START--
INFO: ReadHtmlCache Behavior ::run [ RunTime:0.000583s ]
INFO: [ app_begin ] --END-- [ RunTime:0.000670s ]

[ 2015-04-16T04:37:36+08:00 ] 127.0.0.1 /index.php/admin/goods/showAttr/type_id/6
INFO: [ app_begin ] --START--
INFO: ReadHtmlCache Behavior ::run [ RunTime:0.000752s ]
INFO: [ app_begin ] --END-- [ RunTime:0.000821s ]

[ 2015-04-16T04:37:38+08:00 ] 127.0.0.1 /index.php/admin/goods/showAttr/type_id/3
INFO: [ app_begin ] --START--
INFO: ReadHtmlCache Behavior ::run [ RunTime:0.000635s ]
INFO: [ app_begin ] --END-- [ RunTime:0.000698s ]

[ 2015-04-16T04:37:48+08:00 ] 127.0.0.1 /index.php/admin/goods/showAttr/type_id/4
INFO: [ app_begin ] --START--
INFO: ReadHtmlCache Behavior ::run [ RunTime:0.000497s ]
INFO: [ app_begin ] --END-- [ RunTime:0.000556s ]

[ 2015-04-16T04:37:50+08:00 ] 127.0.0.1 /index.php/admin/goods/showAttr/type_id/5
INFO: [ app_begin ] --START--
INFO: ReadHtmlCache Behavior ::run [ RunTime:0.000602s ]
INFO: [ app_begin ] --END-- [ RunTime:0.000659s ]

[ 2015-04-16T04:38:05+08:00 ] 127.0.0.1 /index.php/admin/goods/showAttr/type_id/3
INFO: [ app_begin ] --START--
INFO: ReadHtmlCache Behavior ::run [ RunTime:0.000525s ]
INFO: [ app_begin ] --END-- [ RunTime:0.000579s ]

[ 2015-04-16T04:38:06+08:00 ] 127.0.0.1 /index.php/admin/goods/showAttr/type_id/6
INFO: [ app_begin ] --START--
INFO: ReadHtmlCache Behavior ::run [ RunTime:0.000802s ]
INFO: [ app_begin ] --END-- [ RunTime:0.000898s ]

[ 2015-04-16T04:38:08+08:00 ] 127.0.0.1 /index.php/admin/goods/showAttr/type_id/8
INFO: [ app_begin ] --START--
INFO: ReadHtmlCache Behavior ::run [ RunTime:0.000984s ]
INFO: [ app_begin ] --END-- [ RunTime:0.001076s ]

[ 2015-04-16T04:38:10+08:00 ] 127.0.0.1 /index.php/admin/goods/showAttr/type_id/%E9%80%89%E6%8B%A9%E5%95%86%E5%93%81%E7%B1%BB%E5%9E%8B
INFO: [ app_begin ] --START--
INFO: ReadHtmlCache Behavior ::run [ RunTime:0.000993s ]
INFO: [ app_begin ] --END-- [ RunTime:0.001150s ]

[ 2015-04-16T05:06:06+08:00 ] 127.0.0.1 /index.php/admin/attribute/ajaxGetAttrs/id/0
INFO: [ app_begin ] --START--
INFO: ReadHtmlCache Behavior ::run [ RunTime:0.000576s ]
INFO: [ app_begin ] --END-- [ RunTime:0.000641s ]
SQL: SHOW COLUMNS FROM `it_attribute` [ RunTime:0.005573s ]
SQL: SELECT it_attribute.*,b.type_name FROM `it_attribute` LEFT JOIN it_goods_type b on it_attribute.type_id=b.id WHERE (  1 )  [ RunTime:0.000806s ]
INFO: [ view_parse ] --START--
NOTIC: [8] Undefined variable: k D:\server\apache\htdocs\itshop\App\Runtime\Cache\Admin\aa822fe642dbb703ba20758a563ef244.php 第 12 行.
NOTIC: [8] Undefined variable: val D:\server\apache\htdocs\itshop\App\Runtime\Cache\Admin\aa822fe642dbb703ba20758a563ef244.php 第 19 行.
NOTIC: [8] Undefined variable: val D:\server\apache\htdocs\itshop\App\Runtime\Cache\Admin\aa822fe642dbb703ba20758a563ef244.php 第 20 行.
NOTIC: [8] Undefined variable: k D:\server\apache\htdocs\itshop\App\Runtime\Cache\Admin\aa822fe642dbb703ba20758a563ef244.php 第 12 行.
NOTIC: [8] Undefined variable: val D:\server\apache\htdocs\itshop\App\Runtime\Cache\Admin\aa822fe642dbb703ba20758a563ef244.php 第 19 行.
NOTIC: [8] Undefined variable: val D:\server\apache\htdocs\itshop\App\Runtime\Cache\Admin\aa822fe642dbb703ba20758a563ef244.php 第 20 行.
NOTIC: [8] Undefined variable: k D:\server\apache\htdocs\itshop\App\Runtime\Cache\Admin\aa822fe642dbb703ba20758a563ef244.php 第 12 行.
NOTIC: [8] Undefined variable: val D:\server\apache\htdocs\itshop\App\Runtime\Cache\Admin\aa822fe642dbb703ba20758a563ef244.php 第 19 行.
NOTIC: [8] Undefined variable: val D:\server\apache\htdocs\itshop\App\Runtime\Cache\Admin\aa822fe642dbb703ba20758a563ef244.php 第 20 行.
NOTIC: [8] Undefined variable: k D:\server\apache\htdocs\itshop\App\Runtime\Cache\Admin\aa822fe642dbb703ba20758a563ef244.php 第 12 行.
NOTIC: [8] Undefined variable: val D:\server\apache\htdocs\itshop\App\Runtime\Cache\Admin\aa822fe642dbb703ba20758a563ef244.php 第 19 行.
NOTIC: [8] Undefined variable: val D:\server\apache\htdocs\itshop\App\Runtime\Cache\Admin\aa822fe642dbb703ba20758a563ef244.php 第 20 行.
NOTIC: [8] Undefined variable: k D:\server\apache\htdocs\itshop\App\Runtime\Cache\Admin\aa822fe642dbb703ba20758a563ef244.php 第 12 行.
NOTIC: [8] Undefined variable: val D:\server\apache\htdocs\itshop\App\Runtime\Cache\Admin\aa822fe642dbb703ba20758a563ef244.php 第 19 行.
NOTIC: [8] Undefined variable: val D:\server\apache\htdocs\itshop\App\Runtime\Cache\Admin\aa822fe642dbb703ba20758a563ef244.php 第 20 行.
NOTIC: [8] Undefined variable: k D:\server\apache\htdocs\itshop\App\Runtime\Cache\Admin\aa822fe642dbb703ba20758a563ef244.php 第 12 行.
NOTIC: [8] Undefined variable: val D:\server\apache\htdocs\itshop\App\Runtime\Cache\Admin\aa822fe642dbb703ba20758a563ef244.php 第 19 行.
NOTIC: [8] Undefined variable: val D:\server\apache\htdocs\itshop\App\Runtime\Cache\Admin\aa822fe642dbb703ba20758a563ef244.php 第 20 行.
INFO: ParseTemplate Behavior ::run [ RunTime:0.029447s ]
INFO: [ view_parse ] --END-- [ RunTime:0.029517s ]
INFO: [ view_filter ] --START--
INFO: ContentReplace Behavior ::run [ RunTime:0.000541s ]
INFO: TokenBuild Behavior ::run [ RunTime:0.000343s ]
INFO: WriteHtmlCache Behavior ::run [ RunTime:0.000241s ]
INFO: ShowRuntime Behavior ::run [ RunTime:0.000425s ]
INFO: [ view_filter ] --END-- [ RunTime:0.001670s ]
INFO: [ view_end ] --START--
INFO: ShowPageTrace Behavior ::run [ RunTime:0.000514s ]
INFO: [ view_end ] --END-- [ RunTime:0.000568s ]

[ 2015-04-16T05:06:08+08:00 ] 127.0.0.1 /index.php/admin/attribute/ajaxGetAttrs/id/2
INFO: [ app_begin ] --START--
INFO: ReadHtmlCache Behavior ::run [ RunTime:0.001035s ]
INFO: [ app_begin ] --END-- [ RunTime:0.001155s ]
SQL: SHOW COLUMNS FROM `it_attribute` [ RunTime:0.004547s ]
SQL: SELECT it_attribute.*,b.type_name FROM `it_attribute` LEFT JOIN it_goods_type b on it_attribute.type_id=b.id WHERE ( type_id=2 )  [ RunTime:0.001034s ]
INFO: [ view_parse ] --START--
NOTIC: [8] Undefined variable: k D:\server\apache\htdocs\itshop\App\Runtime\Cache\Admin\aa822fe642dbb703ba20758a563ef244.php 第 12 行.
NOTIC: [8] Undefined variable: val D:\server\apache\htdocs\itshop\App\Runtime\Cache\Admin\aa822fe642dbb703ba20758a563ef244.php 第 19 行.
NOTIC: [8] Undefined variable: val D:\server\apache\htdocs\itshop\App\Runtime\Cache\Admin\aa822fe642dbb703ba20758a563ef244.php 第 20 行.
NOTIC: [8] Undefined variable: k D:\server\apache\htdocs\itshop\App\Runtime\Cache\Admin\aa822fe642dbb703ba20758a563ef244.php 第 12 行.
NOTIC: [8] Undefined variable: val D:\server\apache\htdocs\itshop\App\Runtime\Cache\Admin\aa822fe642dbb703ba20758a563ef244.php 第 19 行.
NOTIC: [8] Undefined variable: val D:\server\apache\htdocs\itshop\App\Runtime\Cache\Admin\aa822fe642dbb703ba20758a563ef244.php 第 20 行.
NOTIC: [8] Undefined variable: k D:\server\apache\htdocs\itshop\App\Runtime\Cache\Admin\aa822fe642dbb703ba20758a563ef244.php 第 12 行.
NOTIC: [8] Undefined variable: val D:\server\apache\htdocs\itshop\App\Runtime\Cache\Admin\aa822fe642dbb703ba20758a563ef244.php 第 19 行.
NOTIC: [8] Undefined variable: val D:\server\apache\htdocs\itshop\App\Runtime\Cache\Admin\aa822fe642dbb703ba20758a563ef244.php 第 20 行.
INFO: ParseTemplate Behavior ::run [ RunTime:0.008878s ]
INFO: [ view_parse ] --END-- [ RunTime:0.008944s ]
INFO: [ view_filter ] --START--
INFO: ContentReplace Behavior ::run [ RunTime:0.000506s ]
INFO: TokenBuild Behavior ::run [ RunTime:0.000462s ]
INFO: WriteHtmlCache Behavior ::run [ RunTime:0.000354s ]
INFO: ShowRuntime Behavior ::run [ RunTime:0.000482s ]
INFO: [ view_filter ] --END-- [ RunTime:0.001973s ]
INFO: [ view_end ] --START--
INFO: ShowPageTrace Behavior ::run [ RunTime:0.000571s ]
INFO: [ view_end ] --END-- [ RunTime:0.000627s ]

[ 2015-04-16T05:06:09+08:00 ] 127.0.0.1 /index.php/admin/attribute/ajaxGetAttrs/id/4
INFO: [ app_begin ] --START--
INFO: ReadHtmlCache Behavior ::run [ RunTime:0.000570s ]
INFO: [ app_begin ] --END-- [ RunTime:0.000632s ]
SQL: SHOW COLUMNS FROM `it_attribute` [ RunTime:0.005571s ]
SQL: SELECT it_attribute.*,b.type_name FROM `it_attribute` LEFT JOIN it_goods_type b on it_attribute.type_id=b.id WHERE ( type_id=4 )  [ RunTime:0.001078s ]
INFO: [ view_parse ] --START--
NOTIC: [2] Invalid argument supplied for foreach() D:\server\apache\htdocs\itshop\App\Runtime\Cache\Admin\aa822fe642dbb703ba20758a563ef244.php 第 10 行.
INFO: ParseTemplate Behavior ::run [ RunTime:0.009187s ]
INFO: [ view_parse ] --END-- [ RunTime:0.009292s ]
INFO: [ view_filter ] --START--
INFO: ContentReplace Behavior ::run [ RunTime:0.000730s ]
INFO: TokenBuild Behavior ::run [ RunTime:0.000469s ]
INFO: WriteHtmlCache Behavior ::run [ RunTime:0.000409s ]
INFO: ShowRuntime Behavior ::run [ RunTime:0.000698s ]
INFO: [ view_filter ] --END-- [ RunTime:0.002511s ]
INFO: [ view_end ] --START--
INFO: ShowPageTrace Behavior ::run [ RunTime:0.000864s ]
INFO: [ view_end ] --END-- [ RunTime:0.000950s ]

[ 2015-04-16T05:06:10+08:00 ] 127.0.0.1 /index.php/admin/attribute/ajaxGetAttrs/id/5
INFO: [ app_begin ] --START--
INFO: ReadHtmlCache Behavior ::run [ RunTime:0.000805s ]
INFO: [ app_begin ] --END-- [ RunTime:0.000906s ]
SQL: SHOW COLUMNS FROM `it_attribute` [ RunTime:0.004357s ]
SQL: SELECT it_attribute.*,b.type_name FROM `it_attribute` LEFT JOIN it_goods_type b on it_attribute.type_id=b.id WHERE ( type_id=5 )  [ RunTime:0.000885s ]
INFO: [ view_parse ] --START--
NOTIC: [2] Invalid argument supplied for foreach() D:\server\apache\htdocs\itshop\App\Runtime\Cache\Admin\aa822fe642dbb703ba20758a563ef244.php 第 10 行.
INFO: ParseTemplate Behavior ::run [ RunTime:0.009542s ]
INFO: [ view_parse ] --END-- [ RunTime:0.009613s ]
INFO: [ view_filter ] --START--
INFO: ContentReplace Behavior ::run [ RunTime:0.000416s ]
INFO: TokenBuild Behavior ::run [ RunTime:0.000357s ]
INFO: WriteHtmlCache Behavior ::run [ RunTime:0.000243s ]
INFO: ShowRuntime Behavior ::run [ RunTime:0.000390s ]
INFO: [ view_filter ] --END-- [ RunTime:0.001524s ]
INFO: [ view_end ] --START--
INFO: ShowPageTrace Behavior ::run [ RunTime:0.000528s ]
INFO: [ view_end ] --END-- [ RunTime:0.000579s ]

