[ 2015-05-11T18:31:40+08:00 ] 127.0.0.1 /index.php/admin/index/Js/global.js
ERR: 非法操作:js

[ 2015-05-11T18:31:40+08:00 ] 127.0.0.1 /index.php/admin/index/Js/utils.js
ERR: 非法操作:js

[ 2015-05-11T18:31:40+08:00 ] 127.0.0.1 /index.php/admin/index/Js/transport.js
ERR: 非法操作:js

[ 2015-05-11T19:07:59+08:00 ] 127.0.0.1 /index.php/admin/index/Js/global.js
ERR: 非法操作:js

[ 2015-05-11T19:07:59+08:00 ] 127.0.0.1 /index.php/admin/index/Js/utils.js
ERR: 非法操作:js

[ 2015-05-11T19:07:59+08:00 ] 127.0.0.1 /index.php/admin/index/Js/transport.js
ERR: 非法操作:js

[ 2015-05-11T19:08:35+08:00 ] 127.0.0.1 /index.php/admin/index/Js/global.js
ERR: 非法操作:js

[ 2015-05-11T19:08:35+08:00 ] 127.0.0.1 /index.php/admin/index/Js/utils.js
ERR: 非法操作:js

[ 2015-05-11T19:08:35+08:00 ] 127.0.0.1 /index.php/admin/index/Js/transport.js
ERR: 非法操作:js

[ 2015-05-11T20:24:07+08:00 ] 127.0.0.1 /index.php/admin/index/Js/global.js
ERR: 非法操作:js

[ 2015-05-11T20:24:07+08:00 ] 127.0.0.1 /index.php/admin/index/Js/utils.js
ERR: 非法操作:js

[ 2015-05-11T20:24:07+08:00 ] 127.0.0.1 /index.php/admin/index/Js/transport.js
ERR: 非法操作:js

[ 2015-05-11T20:35:30+08:00 ] 127.0.0.1 /index.php/admin/order/ajax/sn/or_14310897722159
INFO: [ app_begin ] --START--
INFO: ReadHtmlCache Behavior ::run [ RunTime:0.000488s ]
INFO: [ app_begin ] --END-- [ RunTime:0.000539s ]
SQL: select a.*,b.goods_thumb  from  it_order_goods  a left  join it_goods b on a.goods_id=b.id where a.order_id='or_14310897722159' [ RunTime:0.037835s ]
INFO: [ view_parse ] --START--
INFO: ParseTemplate Behavior ::run [ RunTime:0.021198s ]
INFO: [ view_parse ] --END-- [ RunTime:0.021331s ]
INFO: [ view_filter ] --START--
INFO: ContentReplace Behavior ::run [ RunTime:0.001540s ]
INFO: TokenBuild Behavior ::run [ RunTime:0.001490s ]
INFO: WriteHtmlCache Behavior ::run [ RunTime:0.000882s ]
INFO: ShowRuntime Behavior ::run [ RunTime:0.000775s ]
INFO: [ view_filter ] --END-- [ RunTime:0.004951s ]
INFO: [ view_end ] --START--
INFO: ShowPageTrace Behavior ::run [ RunTime:0.000961s ]
INFO: [ view_end ] --END-- [ RunTime:0.001027s ]

[ 2015-05-11T20:35:31+08:00 ] 127.0.0.1 /index.php/admin/order/ajax/sn/or_14310784329598
INFO: [ app_begin ] --START--
INFO: ReadHtmlCache Behavior ::run [ RunTime:0.000845s ]
INFO: [ app_begin ] --END-- [ RunTime:0.000933s ]
SQL: select a.*,b.goods_thumb  from  it_order_goods  a left  join it_goods b on a.goods_id=b.id where a.order_id='or_14310784329598' [ RunTime:0.000925s ]
INFO: [ view_parse ] --START--
INFO: ParseTemplate Behavior ::run [ RunTime:0.009522s ]
INFO: [ view_parse ] --END-- [ RunTime:0.009605s ]
INFO: [ view_filter ] --START--
INFO: ContentReplace Behavior ::run [ RunTime:0.000628s ]
INFO: TokenBuild Behavior ::run [ RunTime:0.000538s ]
INFO: WriteHtmlCache Behavior ::run [ RunTime:0.000522s ]
INFO: ShowRuntime Behavior ::run [ RunTime:0.000735s ]
INFO: [ view_filter ] --END-- [ RunTime:0.002565s ]
INFO: [ view_end ] --START--
INFO: ShowPageTrace Behavior ::run [ RunTime:0.000754s ]
INFO: [ view_end ] --END-- [ RunTime:0.000797s ]

[ 2015-05-11T20:35:32+08:00 ] 127.0.0.1 /index.php/admin/order/ajax/sn/or_14310779088334
INFO: [ app_begin ] --START--
INFO: ReadHtmlCache Behavior ::run [ RunTime:0.000617s ]
INFO: [ app_begin ] --END-- [ RunTime:0.000690s ]
SQL: select a.*,b.goods_thumb  from  it_order_goods  a left  join it_goods b on a.goods_id=b.id where a.order_id='or_14310779088334' [ RunTime:0.000960s ]
INFO: [ view_parse ] --START--
INFO: ParseTemplate Behavior ::run [ RunTime:0.009875s ]
INFO: [ view_parse ] --END-- [ RunTime:0.010004s ]
INFO: [ view_filter ] --START--
INFO: ContentReplace Behavior ::run [ RunTime:0.000628s ]
INFO: TokenBuild Behavior ::run [ RunTime:0.000559s ]
INFO: WriteHtmlCache Behavior ::run [ RunTime:0.000448s ]
INFO: ShowRuntime Behavior ::run [ RunTime:0.000632s ]
INFO: [ view_filter ] --END-- [ RunTime:0.002440s ]
INFO: [ view_end ] --START--
INFO: ShowPageTrace Behavior ::run [ RunTime:0.000867s ]
INFO: [ view_end ] --END-- [ RunTime:0.000928s ]

[ 2015-05-11T20:35:33+08:00 ] 127.0.0.1 /index.php/admin/order/ajax/sn/or_14310677859485
INFO: [ app_begin ] --START--
INFO: ReadHtmlCache Behavior ::run [ RunTime:0.000881s ]
INFO: [ app_begin ] --END-- [ RunTime:0.000964s ]
SQL: select a.*,b.goods_thumb  from  it_order_goods  a left  join it_goods b on a.goods_id=b.id where a.order_id='or_14310677859485' [ RunTime:0.001105s ]
INFO: [ view_parse ] --START--
INFO: ParseTemplate Behavior ::run [ RunTime:0.010040s ]
INFO: [ view_parse ] --END-- [ RunTime:0.010128s ]
INFO: [ view_filter ] --START--
INFO: ContentReplace Behavior ::run [ RunTime:0.000645s ]
INFO: TokenBuild Behavior ::run [ RunTime:0.000596s ]
INFO: WriteHtmlCache Behavior ::run [ RunTime:0.000489s ]
INFO: ShowRuntime Behavior ::run [ RunTime:0.000845s ]
INFO: [ view_filter ] --END-- [ RunTime:0.002712s ]
INFO: [ view_end ] --START--
INFO: ShowPageTrace Behavior ::run [ RunTime:0.000809s ]
INFO: [ view_end ] --END-- [ RunTime:0.000857s ]

[ 2015-05-11T20:35:38+08:00 ] 127.0.0.1 /index.php/admin/order/ajax/sn/or_14310735135364
INFO: [ app_begin ] --START--
INFO: ReadHtmlCache Behavior ::run [ RunTime:0.000865s ]
INFO: [ app_begin ] --END-- [ RunTime:0.001007s ]
SQL: select a.*,b.goods_thumb  from  it_order_goods  a left  join it_goods b on a.goods_id=b.id where a.order_id='or_14310735135364' [ RunTime:0.001558s ]
INFO: [ view_parse ] --START--
INFO: ParseTemplate Behavior ::run [ RunTime:0.011064s ]
INFO: [ view_parse ] --END-- [ RunTime:0.011160s ]
INFO: [ view_filter ] --START--
INFO: ContentReplace Behavior ::run [ RunTime:0.000683s ]
INFO: TokenBuild Behavior ::run [ RunTime:0.000619s ]
INFO: WriteHtmlCache Behavior ::run [ RunTime:0.000512s ]
INFO: ShowRuntime Behavior ::run [ RunTime:0.000686s ]
INFO: [ view_filter ] --END-- [ RunTime:0.002640s ]
INFO: [ view_end ] --START--
INFO: ShowPageTrace Behavior ::run [ RunTime:0.000854s ]
INFO: [ view_end ] --END-- [ RunTime:0.000909s ]

[ 2015-05-11T20:35:38+08:00 ] 127.0.0.1 /index.php/admin/order/ajax/sn/or_14310734942477
INFO: [ app_begin ] --START--
INFO: ReadHtmlCache Behavior ::run [ RunTime:0.000633s ]
INFO: [ app_begin ] --END-- [ RunTime:0.000705s ]
SQL: select a.*,b.goods_thumb  from  it_order_goods  a left  join it_goods b on a.goods_id=b.id where a.order_id='or_14310734942477' [ RunTime:0.001292s ]
INFO: [ view_parse ] --START--
INFO: ParseTemplate Behavior ::run [ RunTime:0.014141s ]
INFO: [ view_parse ] --END-- [ RunTime:0.014260s ]
INFO: [ view_filter ] --START--
INFO: ContentReplace Behavior ::run [ RunTime:0.001180s ]
INFO: TokenBuild Behavior ::run [ RunTime:0.000850s ]
INFO: WriteHtmlCache Behavior ::run [ RunTime:0.000569s ]
INFO: ShowRuntime Behavior ::run [ RunTime:0.000912s ]
INFO: [ view_filter ] --END-- [ RunTime:0.003731s ]
INFO: [ view_end ] --START--
INFO: ShowPageTrace Behavior ::run [ RunTime:0.000972s ]
INFO: [ view_end ] --END-- [ RunTime:0.001047s ]

[ 2015-05-11T20:35:38+08:00 ] 127.0.0.1 /index.php/admin/order/ajax/sn/or_14310677859485
INFO: [ app_begin ] --START--
INFO: ReadHtmlCache Behavior ::run [ RunTime:0.001005s ]
INFO: [ app_begin ] --END-- [ RunTime:0.001110s ]
SQL: select a.*,b.goods_thumb  from  it_order_goods  a left  join it_goods b on a.goods_id=b.id where a.order_id='or_14310677859485' [ RunTime:0.000708s ]
INFO: [ view_parse ] --START--
INFO: ParseTemplate Behavior ::run [ RunTime:0.010643s ]
INFO: [ view_parse ] --END-- [ RunTime:0.010752s ]
INFO: [ view_filter ] --START--
INFO: ContentReplace Behavior ::run [ RunTime:0.000803s ]
INFO: TokenBuild Behavior ::run [ RunTime:0.000826s ]
INFO: WriteHtmlCache Behavior ::run [ RunTime:0.000660s ]
INFO: ShowRuntime Behavior ::run [ RunTime:0.000908s ]
INFO: [ view_filter ] --END-- [ RunTime:0.003424s ]
INFO: [ view_end ] --START--
INFO: ShowPageTrace Behavior ::run [ RunTime:0.001194s ]
INFO: [ view_end ] --END-- [ RunTime:0.001295s ]

[ 2015-05-11T20:35:39+08:00 ] 127.0.0.1 /index.php/admin/order/ajax/sn/or_14310779088334
INFO: [ app_begin ] --START--
INFO: ReadHtmlCache Behavior ::run [ RunTime:0.000805s ]
INFO: [ app_begin ] --END-- [ RunTime:0.000881s ]
SQL: select a.*,b.goods_thumb  from  it_order_goods  a left  join it_goods b on a.goods_id=b.id where a.order_id='or_14310779088334' [ RunTime:0.001177s ]
INFO: [ view_parse ] --START--
INFO: ParseTemplate Behavior ::run [ RunTime:0.008691s ]
INFO: [ view_parse ] --END-- [ RunTime:0.008772s ]
INFO: [ view_filter ] --START--
INFO: ContentReplace Behavior ::run [ RunTime:0.000620s ]
INFO: TokenBuild Behavior ::run [ RunTime:0.000637s ]
INFO: WriteHtmlCache Behavior ::run [ RunTime:0.000542s ]
INFO: ShowRuntime Behavior ::run [ RunTime:0.000690s ]
INFO: [ view_filter ] --END-- [ RunTime:0.002637s ]
INFO: [ view_end ] --START--
INFO: ShowPageTrace Behavior ::run [ RunTime:0.000944s ]
INFO: [ view_end ] --END-- [ RunTime:0.000994s ]

[ 2015-05-11T20:35:39+08:00 ] 127.0.0.1 /index.php/admin/order/ajax/sn/or_14310677859485
INFO: [ app_begin ] --START--
INFO: ReadHtmlCache Behavior ::run [ RunTime:0.001055s ]
INFO: [ app_begin ] --END-- [ RunTime:0.001172s ]
SQL: select a.*,b.goods_thumb  from  it_order_goods  a left  join it_goods b on a.goods_id=b.id where a.order_id='or_14310677859485' [ RunTime:0.000744s ]
INFO: [ view_parse ] --START--
INFO: ParseTemplate Behavior ::run [ RunTime:0.010271s ]
INFO: [ view_parse ] --END-- [ RunTime:0.010392s ]
INFO: [ view_filter ] --START--
INFO: ContentReplace Behavior ::run [ RunTime:0.000637s ]
INFO: TokenBuild Behavior ::run [ RunTime:0.000613s ]
INFO: WriteHtmlCache Behavior ::run [ RunTime:0.000554s ]
INFO: ShowRuntime Behavior ::run [ RunTime:0.000716s ]
INFO: [ view_filter ] --END-- [ RunTime:0.002687s ]
INFO: [ view_end ] --START--
INFO: ShowPageTrace Behavior ::run [ RunTime:0.000916s ]
INFO: [ view_end ] --END-- [ RunTime:0.000995s ]

[ 2015-05-11T20:43:51+08:00 ] 127.0.0.1 /index.php/admin/index/Js/utils.js
ERR: 非法操作:js

[ 2015-05-11T20:43:51+08:00 ] 127.0.0.1 /index.php/admin/index/Js/global.js
ERR: 非法操作:js

[ 2015-05-11T20:43:51+08:00 ] 127.0.0.1 /index.php/admin/index/Js/transport.js
ERR: 非法操作:js

[ 2015-05-11T20:44:39+08:00 ] 127.0.0.1 /index.php/admin/brand/edit/id/1
ERR: 非法操作:edit

[ 2015-05-11T20:48:35+08:00 ] 127.0.0.1 /index.php/admin/brand/edit/id/1
ERR: 模板不存在[./App/Tpl/Admin/Brand/edit.html]

[ 2015-05-11T21:12:54+08:00 ] 127.0.0.1 /index.php/admin/goods/lst
ERR: 非法操作:lst

[ 2015-05-11T21:13:44+08:00 ] 127.0.0.1 /index.php/admin/index/Js/global.js
ERR: 非法操作:js

[ 2015-05-11T21:13:44+08:00 ] 127.0.0.1 /index.php/admin/index/Js/transport.js
ERR: 非法操作:js

[ 2015-05-11T21:13:44+08:00 ] 127.0.0.1 /index.php/admin/index/Js/utils.js
ERR: 非法操作:js

[ 2015-05-11T21:14:41+08:00 ] 127.0.0.1 /index.php/admin/goods/ajaxImg/id/12/type/is_sale
INFO: [ app_begin ] --START--
INFO: ReadHtmlCache Behavior ::run [ RunTime:0.000838s ]
INFO: [ app_begin ] --END-- [ RunTime:0.000898s ]
SQL: SHOW COLUMNS FROM `it_goods` [ RunTime:0.008444s ]
SQL: SELECT `is_sale` FROM `it_goods` WHERE ( id=12 ) LIMIT 1   [ RunTime:0.000959s ]
SQL: UPDATE `it_goods` SET `is_sale`=0 WHERE ( id=12 ) [ RunTime:0.000722s ]

[ 2015-05-11T21:14:56+08:00 ] 127.0.0.1 /index.php/admin/index/Js/global.js
ERR: 非法操作:js

[ 2015-05-11T21:14:56+08:00 ] 127.0.0.1 /index.php/admin/index/Js/transport.js
ERR: 非法操作:js

[ 2015-05-11T21:14:56+08:00 ] 127.0.0.1 /index.php/admin/index/Js/utils.js
ERR: 非法操作:js

