[ 2015-08-06T20:24:51+08:00 ] 127.0.0.1 /itshop/
INFO: [ app_begin ] --START--
INFO: ReadHtmlCache Behavior ::run [ RunTime:0.091027s ]
INFO: [ app_begin ] --END-- [ RunTime:0.091463s ]
SQL: SHOW COLUMNS FROM `it_category` [ RunTime:0.116482s ]
SQL: SELECT * FROM `it_category` WHERE ( parent_id=0 )  [ RunTime:0.020818s ]
SQL: SELECT * FROM `it_category`  [ RunTime:0.000855s ]
NOTIC: [8] Undefined index: user_id D:\server\wamp\www\itshop\App\Lib\Action\Home\HomeAction.class.php 第 55 行.
NOTIC: [8] Undefined variable: cartdata D:\server\wamp\www\itshop\App\Lib\Action\Home\HomeAction.class.php 第 60 行.
NOTIC: [8] Undefined variable: cartdata D:\server\wamp\www\itshop\App\Lib\Action\Home\HomeAction.class.php 第 62 行.
NOTIC: [2] Invalid argument supplied for foreach() D:\server\wamp\www\itshop\App\Lib\Action\Home\HomeAction.class.php 第 62 行.
NOTIC: [8] Undefined index: user_id D:\server\wamp\www\itshop\App\Lib\Action\Home\HomeAction.class.php 第 18 行.
SQL: SHOW COLUMNS FROM `it_advert` [ RunTime:0.044738s ]
SQL: SELECT * FROM `it_advert` ORDER BY add_time  desc LIMIT 10   [ RunTime:0.036055s ]
SQL: SHOW COLUMNS FROM `it_goods` [ RunTime:0.065578s ]
SQL: select * from it_goods where is_hot = 1 and is_sale = 1 and  is_delete=0 order by sort desc limit 3 [ RunTime:0.012052s ]
SQL: select * from it_goods where is_new = 1 and is_sale = 1 and  is_delete=0 order by sort desc limit 3 [ RunTime:0.001680s ]
SQL: select * from it_goods where is_best = 1 and is_sale = 1 and  is_delete=0 order by sort desc limit 3 [ RunTime:0.001723s ]
SQL: SELECT * FROM `it_goods` WHERE ( is_hot=1 and is_delete=0 and is_sale=1 ) ORDER BY sort asc LIMIT 3   [ RunTime:0.001592s ]
SQL: SELECT * FROM `it_goods` WHERE ( is_sale=1 and  is_delete=0 ) LIMIT 5   [ RunTime:0.001420s ]
INFO: [ view_parse ] --START--
NOTIC: [2] Invalid argument supplied for foreach() D:\server\wamp\www\itshop\App\Runtime\Cache\Home\5af3b772512f93bbed89b40e875139eb.php 第 327 行.
INFO: ParseTemplate Behavior ::run [ RunTime:0.202621s ]
INFO: [ view_parse ] --END-- [ RunTime:0.202899s ]
INFO: [ view_filter ] --START--
INFO: ContentReplace Behavior ::run [ RunTime:0.016096s ]
INFO: TokenBuild Behavior ::run [ RunTime:0.003936s ]
INFO: WriteHtmlCache Behavior ::run [ RunTime:0.003333s ]
INFO: ShowRuntime Behavior ::run [ RunTime:0.004148s ]
INFO: [ view_filter ] --END-- [ RunTime:0.028258s ]
INFO: [ view_end ] --START--
INFO: ShowPageTrace Behavior ::run [ RunTime:0.012622s ]
INFO: [ view_end ] --END-- [ RunTime:0.012960s ]

