[ 2015-06-13T00:45:28+08:00 ] 127.0.0.1 /
INFO: [ app_begin ] --START--
INFO: ReadHtmlCache Behavior ::run [ RunTime:0.028526s ]
INFO: [ app_begin ] --END-- [ RunTime:0.053671s ]
NOTIC: [2] mysql_connect(): Access denied for user 'root'@'192.168.1.107' (using password: YES) D:\server\wamp\www\itshop\ThinkPHP\Lib\Driver\Db\DbMysql.class.php 第 55 行.
ERR: Access denied for user 'root'@'192.168.1.107' (using password: YES)

[ 2015-06-13T00:45:47+08:00 ] 127.0.0.1 /
INFO: [ app_begin ] --START--
INFO: ReadHtmlCache Behavior ::run [ RunTime:0.001316s ]
INFO: [ app_begin ] --END-- [ RunTime:0.001581s ]
NOTIC: [2] mysql_connect(): Access denied for user 'root'@'192.168.1.107' (using password: YES) D:\server\wamp\www\itshop\ThinkPHP\Lib\Driver\Db\DbMysql.class.php 第 55 行.
ERR: Access denied for user 'root'@'192.168.1.107' (using password: YES)

[ 2015-06-13T00:47:04+08:00 ] 127.0.0.1 /
INFO: [ app_begin ] --START--
INFO: ReadHtmlCache Behavior ::run [ RunTime:0.000613s ]
INFO: [ app_begin ] --END-- [ RunTime:0.000761s ]
SQL: SHOW COLUMNS FROM `it_category` [ RunTime:0.031023s ]
SQL: SELECT * FROM `it_category` WHERE ( parent_id=0 )  [ RunTime:0.000842s ]
SQL: SELECT * FROM `it_category`  [ RunTime:0.000553s ]
NOTIC: [8] Undefined index: user_id D:\server\wamp\www\itshop\App\Lib\Action\Home\HomeAction.class.php 第 55 行.
NOTIC: [8] Undefined variable: cartdata D:\server\wamp\www\itshop\App\Lib\Action\Home\HomeAction.class.php 第 60 行.
NOTIC: [8] Undefined variable: cartdata D:\server\wamp\www\itshop\App\Lib\Action\Home\HomeAction.class.php 第 62 行.
NOTIC: [2] Invalid argument supplied for foreach() D:\server\wamp\www\itshop\App\Lib\Action\Home\HomeAction.class.php 第 62 行.
NOTIC: [8] Undefined index: user_id D:\server\wamp\www\itshop\App\Lib\Action\Home\HomeAction.class.php 第 18 行.
SQL: SHOW COLUMNS FROM `it_advert` [ RunTime:0.022339s ]
SQL: SELECT * FROM `it_advert` ORDER BY add_time  desc LIMIT 10   [ RunTime:0.015083s ]
SQL: SHOW COLUMNS FROM `it_goods` [ RunTime:0.008827s ]
SQL: select * from it_goods where is_hot = 1 and is_sale = 1 and  is_delete=0 order by sort desc limit 3 [ RunTime:0.015344s ]
SQL: select * from it_goods where is_new = 1 and is_sale = 1 and  is_delete=0 order by sort desc limit 3 [ RunTime:0.002043s ]
SQL: select * from it_goods where is_best = 1 and is_sale = 1 and  is_delete=0 order by sort desc limit 3 [ RunTime:0.002609s ]
SQL: SELECT * FROM `it_goods` WHERE ( is_hot=1 and is_delete=0 and is_sale=1 ) ORDER BY sort asc LIMIT 3   [ RunTime:0.001933s ]
SQL: SELECT * FROM `it_goods` WHERE ( is_sale=1 and  is_delete=0 ) LIMIT 5   [ RunTime:0.001189s ]
INFO: [ view_parse ] --START--
NOTIC: [2] Invalid argument supplied for foreach() D:\server\wamp\www\itshop\App\Runtime\Cache\Home\5af3b772512f93bbed89b40e875139eb.php 第 327 行.
INFO: ParseTemplate Behavior ::run [ RunTime:0.151270s ]
INFO: [ view_parse ] --END-- [ RunTime:0.151410s ]
INFO: [ view_filter ] --START--
INFO: ContentReplace Behavior ::run [ RunTime:0.006717s ]
INFO: TokenBuild Behavior ::run [ RunTime:0.001167s ]
INFO: WriteHtmlCache Behavior ::run [ RunTime:0.000948s ]
INFO: ShowRuntime Behavior ::run [ RunTime:0.001096s ]
INFO: [ view_filter ] --END-- [ RunTime:0.010264s ]
INFO: [ view_end ] --START--
INFO: ShowPageTrace Behavior ::run [ RunTime:0.010212s ]
INFO: [ view_end ] --END-- [ RunTime:0.010339s ]

[ 2015-06-13T00:49:27+08:00 ] 127.0.0.1 /
INFO: [ app_begin ] --START--
INFO: ReadHtmlCache Behavior ::run [ RunTime:0.001030s ]
INFO: [ app_begin ] --END-- [ RunTime:0.001263s ]
SQL: SHOW COLUMNS FROM `it_category` [ RunTime:0.006759s ]
SQL: SELECT * FROM `it_category` WHERE ( parent_id=0 )  [ RunTime:0.000951s ]
SQL: SELECT * FROM `it_category`  [ RunTime:0.000554s ]
NOTIC: [8] Undefined index: user_id D:\server\wamp\www\itshop\App\Lib\Action\Home\HomeAction.class.php 第 55 行.
NOTIC: [8] Undefined variable: cartdata D:\server\wamp\www\itshop\App\Lib\Action\Home\HomeAction.class.php 第 60 行.
NOTIC: [8] Undefined variable: cartdata D:\server\wamp\www\itshop\App\Lib\Action\Home\HomeAction.class.php 第 62 行.
NOTIC: [2] Invalid argument supplied for foreach() D:\server\wamp\www\itshop\App\Lib\Action\Home\HomeAction.class.php 第 62 行.
NOTIC: [8] Undefined index: user_id D:\server\wamp\www\itshop\App\Lib\Action\Home\HomeAction.class.php 第 18 行.
SQL: SHOW COLUMNS FROM `it_advert` [ RunTime:0.006119s ]
SQL: SELECT * FROM `it_advert` ORDER BY add_time  desc LIMIT 10   [ RunTime:0.001495s ]
SQL: SHOW COLUMNS FROM `it_goods` [ RunTime:0.006053s ]
SQL: select * from it_goods where is_hot = 1 and is_sale = 1 and  is_delete=0 order by sort desc limit 3 [ RunTime:0.001812s ]
SQL: select * from it_goods where is_new = 1 and is_sale = 1 and  is_delete=0 order by sort desc limit 3 [ RunTime:0.001450s ]
SQL: select * from it_goods where is_best = 1 and is_sale = 1 and  is_delete=0 order by sort desc limit 3 [ RunTime:0.001001s ]
SQL: SELECT * FROM `it_goods` WHERE ( is_hot=1 and is_delete=0 and is_sale=1 ) ORDER BY sort asc LIMIT 3   [ RunTime:0.000997s ]
SQL: SELECT * FROM `it_goods` WHERE ( is_sale=1 and  is_delete=0 ) LIMIT 5   [ RunTime:0.001073s ]
INFO: [ view_parse ] --START--
NOTIC: [2] Invalid argument supplied for foreach() D:\server\wamp\www\itshop\App\Runtime\Cache\Home\5af3b772512f93bbed89b40e875139eb.php 第 327 行.
INFO: ParseTemplate Behavior ::run [ RunTime:0.021951s ]
INFO: [ view_parse ] --END-- [ RunTime:0.022094s ]
INFO: [ view_filter ] --START--
INFO: ContentReplace Behavior ::run [ RunTime:0.001149s ]
INFO: TokenBuild Behavior ::run [ RunTime:0.000467s ]
INFO: WriteHtmlCache Behavior ::run [ RunTime:0.000305s ]
INFO: ShowRuntime Behavior ::run [ RunTime:0.000600s ]
INFO: [ view_filter ] --END-- [ RunTime:0.002811s ]
INFO: [ view_end ] --START--
INFO: ShowPageTrace Behavior ::run [ RunTime:0.000665s ]
INFO: [ view_end ] --END-- [ RunTime:0.000769s ]

[ 2015-06-13T00:49:31+08:00 ] 127.0.0.1 /index.php/Category/Category/id/1
INFO: [ route_check ] --START--
INFO: CheckRoute Behavior ::run [ RunTime:0.035083s ]
INFO: [ route_check ] --END-- [ RunTime:0.035263s ]
INFO: [ app_begin ] --START--
INFO: ReadHtmlCache Behavior ::run [ RunTime:0.000648s ]
INFO: [ app_begin ] --END-- [ RunTime:0.000780s ]
SQL: SHOW COLUMNS FROM `it_category` [ RunTime:0.006894s ]
SQL: SELECT * FROM `it_category` WHERE ( parent_id=0 )  [ RunTime:0.001154s ]
SQL: SELECT * FROM `it_category`  [ RunTime:0.001015s ]
NOTIC: [8] Undefined index: user_id D:\server\wamp\www\itshop\App\Lib\Action\Home\HomeAction.class.php 第 55 行.
NOTIC: [8] Undefined variable: cartdata D:\server\wamp\www\itshop\App\Lib\Action\Home\HomeAction.class.php 第 60 行.
NOTIC: [8] Undefined variable: cartdata D:\server\wamp\www\itshop\App\Lib\Action\Home\HomeAction.class.php 第 62 行.
NOTIC: [2] Invalid argument supplied for foreach() D:\server\wamp\www\itshop\App\Lib\Action\Home\HomeAction.class.php 第 62 行.
NOTIC: [8] Undefined index: user_id D:\server\wamp\www\itshop\App\Lib\Action\Home\HomeAction.class.php 第 18 行.
NOTIC: [8] Undefined index: b_id D:\server\wamp\www\itshop\App\Lib\Action\Home\CategoryAction.class.php 第 19 行.
NOTIC: [8] Undefined index: b_price D:\server\wamp\www\itshop\App\Lib\Action\Home\CategoryAction.class.php 第 27 行.
NOTIC: [8] Undefined index: b_new D:\server\wamp\www\itshop\App\Lib\Action\Home\CategoryAction.class.php 第 38 行.
NOTIC: [8] Undefined index: b_best D:\server\wamp\www\itshop\App\Lib\Action\Home\CategoryAction.class.php 第 43 行.
NOTIC: [8] Undefined index: query D:\server\wamp\www\itshop\App\Lib\Action\Home\CategoryAction.class.php 第 79 行.
NOTIC: [8] Undefined index: query D:\server\wamp\www\itshop\App\Lib\Action\Home\CategoryAction.class.php 第 82 行.
SQL: SHOW COLUMNS FROM `it_goods` [ RunTime:0.007402s ]
SQL: SELECT COUNT(*) AS tp_count FROM `it_goods` WHERE ( 1  ) LIMIT 1   [ RunTime:0.007690s ]
SQL: SELECT * FROM `it_category`  [ RunTime:0.001297s ]
SQL: select *  from  it_goods where 1 and cat_id in (1) and  is_delete=0   order  by sort desc   LIMIT 0, 4 [ RunTime:0.001406s ]
SQL: SHOW COLUMNS FROM `it_brand` [ RunTime:0.020878s ]
SQL: SELECT * FROM `it_brand`  [ RunTime:0.001186s ]
SQL: SELECT * FROM `it_goods` WHERE ( cat_id in (1) and is_best=1 and is_sale=1 and is_delete=0 )  [ RunTime:0.001305s ]
SQL: SELECT * FROM `it_category`  [ RunTime:0.001089s ]
INFO: [ view_parse ] --START--
NOTIC: [2] Invalid argument supplied for foreach() D:\server\wamp\www\itshop\App\Runtime\Cache\Home\e2590d0adb4b8daf06d37ac9bcfe0b49.php 第 167 行.
NOTIC: [8] Undefined index: query D:\server\wamp\www\itshop\App\Runtime\Cache\Home\e2590d0adb4b8daf06d37ac9bcfe0b49.php 第 199 行.
NOTIC: [8] Undefined index: query D:\server\wamp\www\itshop\App\Runtime\Cache\Home\e2590d0adb4b8daf06d37ac9bcfe0b49.php 第 200 行.
NOTIC: [8] Undefined index: query D:\server\wamp\www\itshop\App\Runtime\Cache\Home\e2590d0adb4b8daf06d37ac9bcfe0b49.php 第 201 行.
NOTIC: [8] Undefined index: query D:\server\wamp\www\itshop\App\Runtime\Cache\Home\e2590d0adb4b8daf06d37ac9bcfe0b49.php 第 202 行.
NOTIC: [8] Undefined index: query D:\server\wamp\www\itshop\App\Runtime\Cache\Home\e2590d0adb4b8daf06d37ac9bcfe0b49.php 第 203 行.
NOTIC: [8] Undefined index: query D:\server\wamp\www\itshop\App\Runtime\Cache\Home\e2590d0adb4b8daf06d37ac9bcfe0b49.php 第 204 行.
NOTIC: [8] Undefined index: query D:\server\wamp\www\itshop\App\Runtime\Cache\Home\e2590d0adb4b8daf06d37ac9bcfe0b49.php 第 205 行.
NOTIC: [8] Undefined index: query D:\server\wamp\www\itshop\App\Runtime\Cache\Home\e2590d0adb4b8daf06d37ac9bcfe0b49.php 第 206 行.
NOTIC: [8] Undefined index: query D:\server\wamp\www\itshop\App\Runtime\Cache\Home\e2590d0adb4b8daf06d37ac9bcfe0b49.php 第 207 行.
NOTIC: [8] Undefined index: query D:\server\wamp\www\itshop\App\Runtime\Cache\Home\e2590d0adb4b8daf06d37ac9bcfe0b49.php 第 208 行.
NOTIC: [8] Undefined index: query D:\server\wamp\www\itshop\App\Runtime\Cache\Home\e2590d0adb4b8daf06d37ac9bcfe0b49.php 第 209 行.
NOTIC: [8] Undefined index: query D:\server\wamp\www\itshop\App\Runtime\Cache\Home\e2590d0adb4b8daf06d37ac9bcfe0b49.php 第 214 行.
NOTIC: [8] Undefined index: query D:\server\wamp\www\itshop\App\Runtime\Cache\Home\e2590d0adb4b8daf06d37ac9bcfe0b49.php 第 215 行.
NOTIC: [8] Undefined index: query D:\server\wamp\www\itshop\App\Runtime\Cache\Home\e2590d0adb4b8daf06d37ac9bcfe0b49.php 第 216 行.
NOTIC: [8] Undefined index: query D:\server\wamp\www\itshop\App\Runtime\Cache\Home\e2590d0adb4b8daf06d37ac9bcfe0b49.php 第 217 行.
NOTIC: [8] Undefined index: query D:\server\wamp\www\itshop\App\Runtime\Cache\Home\e2590d0adb4b8daf06d37ac9bcfe0b49.php 第 222 行.
NOTIC: [8] Undefined index: query D:\server\wamp\www\itshop\App\Runtime\Cache\Home\e2590d0adb4b8daf06d37ac9bcfe0b49.php 第 223 行.
NOTIC: [8] Undefined index: query D:\server\wamp\www\itshop\App\Runtime\Cache\Home\e2590d0adb4b8daf06d37ac9bcfe0b49.php 第 224 行.
INFO: ParseTemplate Behavior ::run [ RunTime:0.029608s ]
INFO: [ view_parse ] --END-- [ RunTime:0.029749s ]
INFO: [ view_filter ] --START--
INFO: ContentReplace Behavior ::run [ RunTime:0.001347s ]
INFO: TokenBuild Behavior ::run [ RunTime:0.000629s ]
INFO: WriteHtmlCache Behavior ::run [ RunTime:0.000336s ]
INFO: ShowRuntime Behavior ::run [ RunTime:0.000680s ]
INFO: [ view_filter ] --END-- [ RunTime:0.003324s ]
INFO: [ view_end ] --START--
INFO: ShowPageTrace Behavior ::run [ RunTime:0.000709s ]
INFO: [ view_end ] --END-- [ RunTime:0.000826s ]

[ 2015-06-13T00:49:34+08:00 ] 127.0.0.1 /index.php/category/category/b_id/3
INFO: [ route_check ] --START--
INFO: CheckRoute Behavior ::run [ RunTime:0.001347s ]
INFO: [ route_check ] --END-- [ RunTime:0.001567s ]
INFO: [ app_begin ] --START--
INFO: ReadHtmlCache Behavior ::run [ RunTime:0.000643s ]
INFO: [ app_begin ] --END-- [ RunTime:0.000762s ]
SQL: SHOW COLUMNS FROM `it_category` [ RunTime:0.042047s ]
SQL: SELECT * FROM `it_category` WHERE ( parent_id=0 )  [ RunTime:0.001493s ]
SQL: SELECT * FROM `it_category`  [ RunTime:0.001998s ]
NOTIC: [8] Undefined index: user_id D:\server\wamp\www\itshop\App\Lib\Action\Home\HomeAction.class.php 第 55 行.
NOTIC: [8] Undefined variable: cartdata D:\server\wamp\www\itshop\App\Lib\Action\Home\HomeAction.class.php 第 60 行.
NOTIC: [8] Undefined variable: cartdata D:\server\wamp\www\itshop\App\Lib\Action\Home\HomeAction.class.php 第 62 行.
NOTIC: [2] Invalid argument supplied for foreach() D:\server\wamp\www\itshop\App\Lib\Action\Home\HomeAction.class.php 第 62 行.
NOTIC: [8] Undefined index: user_id D:\server\wamp\www\itshop\App\Lib\Action\Home\HomeAction.class.php 第 18 行.
NOTIC: [8] Undefined index: b_price D:\server\wamp\www\itshop\App\Lib\Action\Home\CategoryAction.class.php 第 27 行.
NOTIC: [8] Undefined index: b_new D:\server\wamp\www\itshop\App\Lib\Action\Home\CategoryAction.class.php 第 38 行.
NOTIC: [8] Undefined index: b_best D:\server\wamp\www\itshop\App\Lib\Action\Home\CategoryAction.class.php 第 43 行.
NOTIC: [8] Undefined index: is_new D:\server\wamp\www\itshop\App\Lib\Action\Home\CategoryAction.class.php 第 79 行.
NOTIC: [8] Undefined index: is_best D:\server\wamp\www\itshop\App\Lib\Action\Home\CategoryAction.class.php 第 82 行.
NOTIC: [8] Undefined index: id D:\server\wamp\www\itshop\App\Lib\Action\Home\CategoryAction.class.php 第 86 行.
SQL: SHOW COLUMNS FROM `it_goods` [ RunTime:0.010100s ]
SQL: SELECT COUNT(*) AS tp_count FROM `it_goods` WHERE ( 1 and brand_id=3 ) LIMIT 1   [ RunTime:0.001113s ]
SQL: SELECT * FROM `it_category`  [ RunTime:0.001322s ]
SQL: select *  from  it_goods where 1 and cat_id in (1,2,3,4,5,6,7,8,0) and  is_delete=0 and brand_id=3  order  by sort desc   LIMIT 0, 4 [ RunTime:0.018910s ]
SQL: SHOW COLUMNS FROM `it_brand` [ RunTime:0.008148s ]
SQL: SELECT * FROM `it_brand`  [ RunTime:0.000929s ]
SQL: SELECT * FROM `it_goods` WHERE ( cat_id in (1,2,3,4,5,6,7,8,0) and is_best=1 and is_sale=1 and is_delete=0 )  [ RunTime:0.002313s ]
SQL: SELECT * FROM `it_category`  [ RunTime:0.000908s ]
INFO: [ view_parse ] --START--
NOTIC: [2] Invalid argument supplied for foreach() D:\server\wamp\www\itshop\App\Runtime\Cache\Home\e2590d0adb4b8daf06d37ac9bcfe0b49.php 第 167 行.
NOTIC: [8] Undefined index: b_price D:\server\wamp\www\itshop\App\Runtime\Cache\Home\e2590d0adb4b8daf06d37ac9bcfe0b49.php 第 214 行.
NOTIC: [8] Undefined index: b_price D:\server\wamp\www\itshop\App\Runtime\Cache\Home\e2590d0adb4b8daf06d37ac9bcfe0b49.php 第 215 行.
NOTIC: [8] Undefined index: b_price D:\server\wamp\www\itshop\App\Runtime\Cache\Home\e2590d0adb4b8daf06d37ac9bcfe0b49.php 第 216 行.
NOTIC: [8] Undefined index: b_price D:\server\wamp\www\itshop\App\Runtime\Cache\Home\e2590d0adb4b8daf06d37ac9bcfe0b49.php 第 217 行.
NOTIC: [8] Undefined index: is_hot D:\server\wamp\www\itshop\App\Runtime\Cache\Home\e2590d0adb4b8daf06d37ac9bcfe0b49.php 第 222 行.
NOTIC: [8] Undefined index: is_new D:\server\wamp\www\itshop\App\Runtime\Cache\Home\e2590d0adb4b8daf06d37ac9bcfe0b49.php 第 223 行.
NOTIC: [8] Undefined index: is_best D:\server\wamp\www\itshop\App\Runtime\Cache\Home\e2590d0adb4b8daf06d37ac9bcfe0b49.php 第 224 行.
INFO: ParseTemplate Behavior ::run [ RunTime:0.032101s ]
INFO: [ view_parse ] --END-- [ RunTime:0.032269s ]
INFO: [ view_filter ] --START--
INFO: ContentReplace Behavior ::run [ RunTime:0.002024s ]
INFO: TokenBuild Behavior ::run [ RunTime:0.000811s ]
INFO: WriteHtmlCache Behavior ::run [ RunTime:0.000631s ]
INFO: ShowRuntime Behavior ::run [ RunTime:0.001041s ]
INFO: [ view_filter ] --END-- [ RunTime:0.004906s ]
INFO: [ view_end ] --START--
INFO: ShowPageTrace Behavior ::run [ RunTime:0.001125s ]
INFO: [ view_end ] --END-- [ RunTime:0.001276s ]

[ 2015-06-13T00:49:35+08:00 ] 127.0.0.1 /index.php/category/category/b_id/2
INFO: [ route_check ] --START--
INFO: CheckRoute Behavior ::run [ RunTime:0.001199s ]
INFO: [ route_check ] --END-- [ RunTime:0.001362s ]
INFO: [ app_begin ] --START--
INFO: ReadHtmlCache Behavior ::run [ RunTime:0.000876s ]
INFO: [ app_begin ] --END-- [ RunTime:0.001000s ]
SQL: SHOW COLUMNS FROM `it_category` [ RunTime:0.046011s ]
SQL: SELECT * FROM `it_category` WHERE ( parent_id=0 )  [ RunTime:0.000841s ]
SQL: SELECT * FROM `it_category`  [ RunTime:0.000246s ]
NOTIC: [8] Undefined index: user_id D:\server\wamp\www\itshop\App\Lib\Action\Home\HomeAction.class.php 第 55 行.
NOTIC: [8] Undefined variable: cartdata D:\server\wamp\www\itshop\App\Lib\Action\Home\HomeAction.class.php 第 60 行.
NOTIC: [8] Undefined variable: cartdata D:\server\wamp\www\itshop\App\Lib\Action\Home\HomeAction.class.php 第 62 行.
NOTIC: [2] Invalid argument supplied for foreach() D:\server\wamp\www\itshop\App\Lib\Action\Home\HomeAction.class.php 第 62 行.
NOTIC: [8] Undefined index: user_id D:\server\wamp\www\itshop\App\Lib\Action\Home\HomeAction.class.php 第 18 行.
NOTIC: [8] Undefined index: b_price D:\server\wamp\www\itshop\App\Lib\Action\Home\CategoryAction.class.php 第 27 行.
NOTIC: [8] Undefined index: b_new D:\server\wamp\www\itshop\App\Lib\Action\Home\CategoryAction.class.php 第 38 行.
NOTIC: [8] Undefined index: b_best D:\server\wamp\www\itshop\App\Lib\Action\Home\CategoryAction.class.php 第 43 行.
NOTIC: [8] Undefined index: is_new D:\server\wamp\www\itshop\App\Lib\Action\Home\CategoryAction.class.php 第 79 行.
NOTIC: [8] Undefined index: is_best D:\server\wamp\www\itshop\App\Lib\Action\Home\CategoryAction.class.php 第 82 行.
NOTIC: [8] Undefined index: id D:\server\wamp\www\itshop\App\Lib\Action\Home\CategoryAction.class.php 第 86 行.
SQL: SHOW COLUMNS FROM `it_goods` [ RunTime:0.006531s ]
SQL: SELECT COUNT(*) AS tp_count FROM `it_goods` WHERE ( 1 and brand_id=2 ) LIMIT 1   [ RunTime:0.000665s ]
SQL: SELECT * FROM `it_category`  [ RunTime:0.000517s ]
SQL: select *  from  it_goods where 1 and cat_id in (1,2,3,4,5,6,7,8,0) and  is_delete=0 and brand_id=2  order  by sort desc   LIMIT 0, 4 [ RunTime:0.001101s ]
SQL: SHOW COLUMNS FROM `it_brand` [ RunTime:0.006471s ]
SQL: SELECT * FROM `it_brand`  [ RunTime:0.001081s ]
SQL: SELECT * FROM `it_goods` WHERE ( cat_id in (1,2,3,4,5,6,7,8,0) and is_best=1 and is_sale=1 and is_delete=0 )  [ RunTime:0.002088s ]
SQL: SELECT * FROM `it_category`  [ RunTime:0.000506s ]
INFO: [ view_parse ] --START--
NOTIC: [2] Invalid argument supplied for foreach() D:\server\wamp\www\itshop\App\Runtime\Cache\Home\e2590d0adb4b8daf06d37ac9bcfe0b49.php 第 167 行.
NOTIC: [8] Undefined index: b_price D:\server\wamp\www\itshop\App\Runtime\Cache\Home\e2590d0adb4b8daf06d37ac9bcfe0b49.php 第 214 行.
NOTIC: [8] Undefined index: b_price D:\server\wamp\www\itshop\App\Runtime\Cache\Home\e2590d0adb4b8daf06d37ac9bcfe0b49.php 第 215 行.
NOTIC: [8] Undefined index: b_price D:\server\wamp\www\itshop\App\Runtime\Cache\Home\e2590d0adb4b8daf06d37ac9bcfe0b49.php 第 216 行.
NOTIC: [8] Undefined index: b_price D:\server\wamp\www\itshop\App\Runtime\Cache\Home\e2590d0adb4b8daf06d37ac9bcfe0b49.php 第 217 行.
NOTIC: [8] Undefined index: is_hot D:\server\wamp\www\itshop\App\Runtime\Cache\Home\e2590d0adb4b8daf06d37ac9bcfe0b49.php 第 222 行.
NOTIC: [8] Undefined index: is_new D:\server\wamp\www\itshop\App\Runtime\Cache\Home\e2590d0adb4b8daf06d37ac9bcfe0b49.php 第 223 行.
NOTIC: [8] Undefined index: is_best D:\server\wamp\www\itshop\App\Runtime\Cache\Home\e2590d0adb4b8daf06d37ac9bcfe0b49.php 第 224 行.
INFO: ParseTemplate Behavior ::run [ RunTime:0.021881s ]
INFO: [ view_parse ] --END-- [ RunTime:0.022022s ]
INFO: [ view_filter ] --START--
INFO: ContentReplace Behavior ::run [ RunTime:0.001307s ]
INFO: TokenBuild Behavior ::run [ RunTime:0.000486s ]
INFO: WriteHtmlCache Behavior ::run [ RunTime:0.000301s ]
INFO: ShowRuntime Behavior ::run [ RunTime:0.000604s ]
INFO: [ view_filter ] --END-- [ RunTime:0.002986s ]
INFO: [ view_end ] --START--
INFO: ShowPageTrace Behavior ::run [ RunTime:0.000623s ]
INFO: [ view_end ] --END-- [ RunTime:0.000733s ]

[ 2015-06-13T02:15:13+08:00 ] 127.0.0.1 /
INFO: [ app_begin ] --START--
INFO: ReadHtmlCache Behavior ::run [ RunTime:0.001836s ]
INFO: [ app_begin ] --END-- [ RunTime:0.002183s ]
SQL: SHOW COLUMNS FROM `it_category` [ RunTime:0.055799s ]
SQL: SELECT * FROM `it_category` WHERE ( parent_id=0 )  [ RunTime:0.001843s ]
SQL: SELECT * FROM `it_category`  [ RunTime:0.000868s ]
NOTIC: [8] Undefined index: user_id D:\server\wamp\www\itshop\App\Lib\Action\Home\HomeAction.class.php 第 55 行.
NOTIC: [8] Undefined variable: cartdata D:\server\wamp\www\itshop\App\Lib\Action\Home\HomeAction.class.php 第 60 行.
NOTIC: [8] Undefined variable: cartdata D:\server\wamp\www\itshop\App\Lib\Action\Home\HomeAction.class.php 第 62 行.
NOTIC: [2] Invalid argument supplied for foreach() D:\server\wamp\www\itshop\App\Lib\Action\Home\HomeAction.class.php 第 62 行.
NOTIC: [8] Undefined index: user_id D:\server\wamp\www\itshop\App\Lib\Action\Home\HomeAction.class.php 第 18 行.
SQL: SHOW COLUMNS FROM `it_advert` [ RunTime:0.010263s ]
SQL: SELECT * FROM `it_advert` ORDER BY add_time  desc LIMIT 10   [ RunTime:0.002102s ]
SQL: SHOW COLUMNS FROM `it_goods` [ RunTime:0.011468s ]
SQL: select * from it_goods where is_hot = 1 and is_sale = 1 and  is_delete=0 order by sort desc limit 3 [ RunTime:0.003054s ]
SQL: select * from it_goods where is_new = 1 and is_sale = 1 and  is_delete=0 order by sort desc limit 3 [ RunTime:0.001726s ]
SQL: select * from it_goods where is_best = 1 and is_sale = 1 and  is_delete=0 order by sort desc limit 3 [ RunTime:0.001582s ]
SQL: SELECT * FROM `it_goods` WHERE ( is_hot=1 and is_delete=0 and is_sale=1 ) ORDER BY sort asc LIMIT 3   [ RunTime:0.001555s ]
SQL: SELECT * FROM `it_goods` WHERE ( is_sale=1 and  is_delete=0 ) LIMIT 5   [ RunTime:0.001399s ]
INFO: [ view_parse ] --START--
NOTIC: [2] Invalid argument supplied for foreach() D:\server\wamp\www\itshop\App\Runtime\Cache\Home\5af3b772512f93bbed89b40e875139eb.php 第 327 行.
INFO: ParseTemplate Behavior ::run [ RunTime:0.118944s ]
INFO: [ view_parse ] --END-- [ RunTime:0.119153s ]
INFO: [ view_filter ] --START--
INFO: ContentReplace Behavior ::run [ RunTime:0.016929s ]
INFO: TokenBuild Behavior ::run [ RunTime:0.001463s ]
INFO: WriteHtmlCache Behavior ::run [ RunTime:0.001133s ]
INFO: ShowRuntime Behavior ::run [ RunTime:0.001676s ]
INFO: [ view_filter ] --END-- [ RunTime:0.021800s ]
INFO: [ view_end ] --START--
INFO: ShowPageTrace Behavior ::run [ RunTime:0.008440s ]
INFO: [ view_end ] --END-- [ RunTime:0.008612s ]

[ 2015-06-13T02:15:19+08:00 ] 127.0.0.1 /
INFO: [ app_begin ] --START--
INFO: ReadHtmlCache Behavior ::run [ RunTime:0.001249s ]
INFO: [ app_begin ] --END-- [ RunTime:0.001452s ]
SQL: SHOW COLUMNS FROM `it_category` [ RunTime:0.006581s ]
SQL: SELECT * FROM `it_category` WHERE ( parent_id=0 )  [ RunTime:0.001018s ]
SQL: SELECT * FROM `it_category`  [ RunTime:0.000604s ]
NOTIC: [8] Undefined index: user_id D:\server\wamp\www\itshop\App\Lib\Action\Home\HomeAction.class.php 第 55 行.
NOTIC: [8] Undefined variable: cartdata D:\server\wamp\www\itshop\App\Lib\Action\Home\HomeAction.class.php 第 60 行.
NOTIC: [8] Undefined variable: cartdata D:\server\wamp\www\itshop\App\Lib\Action\Home\HomeAction.class.php 第 62 行.
NOTIC: [2] Invalid argument supplied for foreach() D:\server\wamp\www\itshop\App\Lib\Action\Home\HomeAction.class.php 第 62 行.
NOTIC: [8] Undefined index: user_id D:\server\wamp\www\itshop\App\Lib\Action\Home\HomeAction.class.php 第 18 行.
SQL: SHOW COLUMNS FROM `it_advert` [ RunTime:0.006098s ]
SQL: SELECT * FROM `it_advert` ORDER BY add_time  desc LIMIT 10   [ RunTime:0.001236s ]
SQL: SHOW COLUMNS FROM `it_goods` [ RunTime:0.007208s ]
SQL: select * from it_goods where is_hot = 1 and is_sale = 1 and  is_delete=0 order by sort desc limit 3 [ RunTime:0.001366s ]
SQL: select * from it_goods where is_new = 1 and is_sale = 1 and  is_delete=0 order by sort desc limit 3 [ RunTime:0.001000s ]
SQL: select * from it_goods where is_best = 1 and is_sale = 1 and  is_delete=0 order by sort desc limit 3 [ RunTime:0.000960s ]
SQL: SELECT * FROM `it_goods` WHERE ( is_hot=1 and is_delete=0 and is_sale=1 ) ORDER BY sort asc LIMIT 3   [ RunTime:0.002068s ]
SQL: SELECT * FROM `it_goods` WHERE ( is_sale=1 and  is_delete=0 ) LIMIT 5   [ RunTime:0.001317s ]
INFO: [ view_parse ] --START--
NOTIC: [2] Invalid argument supplied for foreach() D:\server\wamp\www\itshop\App\Runtime\Cache\Home\5af3b772512f93bbed89b40e875139eb.php 第 327 行.
INFO: ParseTemplate Behavior ::run [ RunTime:0.022386s ]
INFO: [ view_parse ] --END-- [ RunTime:0.022520s ]
INFO: [ view_filter ] --START--
INFO: ContentReplace Behavior ::run [ RunTime:0.001362s ]
INFO: TokenBuild Behavior ::run [ RunTime:0.000572s ]
INFO: WriteHtmlCache Behavior ::run [ RunTime:0.000406s ]
INFO: ShowRuntime Behavior ::run [ RunTime:0.000785s ]
INFO: [ view_filter ] --END-- [ RunTime:0.003418s ]
INFO: [ view_end ] --START--
INFO: ShowPageTrace Behavior ::run [ RunTime:0.000817s ]
INFO: [ view_end ] --END-- [ RunTime:0.000921s ]

[ 2015-06-13T02:15:31+08:00 ] 127.0.0.1 /
INFO: [ app_begin ] --START--
INFO: ReadHtmlCache Behavior ::run [ RunTime:0.000815s ]
INFO: [ app_begin ] --END-- [ RunTime:0.000989s ]
SQL: SHOW COLUMNS FROM `it_category` [ RunTime:0.007274s ]
SQL: SELECT * FROM `it_category` WHERE ( parent_id=0 )  [ RunTime:0.000918s ]
SQL: SELECT * FROM `it_category`  [ RunTime:0.000821s ]
NOTIC: [8] Undefined index: user_id D:\server\wamp\www\itshop\App\Lib\Action\Home\HomeAction.class.php 第 55 行.
NOTIC: [8] Undefined variable: cartdata D:\server\wamp\www\itshop\App\Lib\Action\Home\HomeAction.class.php 第 60 行.
NOTIC: [8] Undefined variable: cartdata D:\server\wamp\www\itshop\App\Lib\Action\Home\HomeAction.class.php 第 62 行.
NOTIC: [2] Invalid argument supplied for foreach() D:\server\wamp\www\itshop\App\Lib\Action\Home\HomeAction.class.php 第 62 行.
NOTIC: [8] Undefined index: user_id D:\server\wamp\www\itshop\App\Lib\Action\Home\HomeAction.class.php 第 18 行.
SQL: SHOW COLUMNS FROM `it_advert` [ RunTime:0.008796s ]
SQL: SELECT * FROM `it_advert` ORDER BY add_time  desc LIMIT 10   [ RunTime:0.002560s ]
SQL: SHOW COLUMNS FROM `it_goods` [ RunTime:0.071485s ]
SQL: select * from it_goods where is_hot = 1 and is_sale = 1 and  is_delete=0 order by sort desc limit 3 [ RunTime:0.002874s ]
SQL: select * from it_goods where is_new = 1 and is_sale = 1 and  is_delete=0 order by sort desc limit 3 [ RunTime:0.002677s ]
SQL: select * from it_goods where is_best = 1 and is_sale = 1 and  is_delete=0 order by sort desc limit 3 [ RunTime:0.002396s ]
SQL: SELECT * FROM `it_goods` WHERE ( is_hot=1 and is_delete=0 and is_sale=1 ) ORDER BY sort asc LIMIT 3   [ RunTime:0.003132s ]
SQL: SELECT * FROM `it_goods` WHERE ( is_sale=1 and  is_delete=0 ) LIMIT 5   [ RunTime:0.002783s ]
INFO: [ view_parse ] --START--
NOTIC: [2] Invalid argument supplied for foreach() D:\server\wamp\www\itshop\App\Runtime\Cache\Home\5af3b772512f93bbed89b40e875139eb.php 第 327 行.
INFO: ParseTemplate Behavior ::run [ RunTime:0.056763s ]
INFO: [ view_parse ] --END-- [ RunTime:0.057048s ]
INFO: [ view_filter ] --START--
INFO: ContentReplace Behavior ::run [ RunTime:0.002867s ]
INFO: TokenBuild Behavior ::run [ RunTime:0.001183s ]
INFO: WriteHtmlCache Behavior ::run [ RunTime:0.000837s ]
INFO: ShowRuntime Behavior ::run [ RunTime:0.001533s ]
INFO: [ view_filter ] --END-- [ RunTime:0.007207s ]
INFO: [ view_end ] --START--
INFO: ShowPageTrace Behavior ::run [ RunTime:0.001622s ]
INFO: [ view_end ] --END-- [ RunTime:0.001884s ]

[ 2015-06-13T02:15:39+08:00 ] 127.0.0.1 /index.php/Goods/detail/id/1
INFO: [ route_check ] --START--
INFO: CheckRoute Behavior ::run [ RunTime:0.002095s ]
INFO: [ route_check ] --END-- [ RunTime:0.002376s ]
INFO: [ app_begin ] --START--
INFO: ReadHtmlCache Behavior ::run [ RunTime:0.001232s ]
INFO: [ app_begin ] --END-- [ RunTime:0.001462s ]
SQL: SHOW COLUMNS FROM `it_category` [ RunTime:0.011673s ]
SQL: SELECT * FROM `it_category` WHERE ( parent_id=0 )  [ RunTime:0.001434s ]
SQL: SELECT * FROM `it_category`  [ RunTime:0.000908s ]
NOTIC: [8] Undefined index: user_id D:\server\wamp\www\itshop\App\Lib\Action\Home\HomeAction.class.php 第 55 行.
NOTIC: [8] Undefined variable: cartdata D:\server\wamp\www\itshop\App\Lib\Action\Home\HomeAction.class.php 第 60 行.
NOTIC: [8] Undefined variable: cartdata D:\server\wamp\www\itshop\App\Lib\Action\Home\HomeAction.class.php 第 62 行.
NOTIC: [2] Invalid argument supplied for foreach() D:\server\wamp\www\itshop\App\Lib\Action\Home\HomeAction.class.php 第 62 行.
NOTIC: [8] Undefined index: user_id D:\server\wamp\www\itshop\App\Lib\Action\Home\HomeAction.class.php 第 18 行.
SQL: SHOW COLUMNS FROM `it_brand` [ RunTime:0.018858s ]
SQL: SELECT * FROM `it_brand`  [ RunTime:0.001538s ]
SQL: SHOW COLUMNS FROM `it_member` [ RunTime:0.024672s ]
SQL: SELECT * FROM `it_member`  [ RunTime:0.001188s ]
SQL: SHOW COLUMNS FROM `it_goods` [ RunTime:0.007868s ]
SQL: SELECT * FROM `it_goods` WHERE ( `id` = 1 ) LIMIT 1   [ RunTime:0.019779s ]
SQL: select a.level_name,ifnull(b.level_price,920.00*a.rate/100) price  from it_member_level a 
				 left  join it_member_price b on a.id=b.level_id and b.goods_id=1 [ RunTime:0.103577s ]
SQL: select a.*,b.attr_name from it_goods_attr a left join it_attribute b on a.attr_id=b.id where a.goods_id=1 and b.attr_type=1 [ RunTime:0.023115s ]
SQL: SELECT * FROM `it_category`  [ RunTime:0.002183s ]
SQL: SHOW COLUMNS FROM `it_goods_comment` [ RunTime:0.037582s ]
SQL: SELECT COUNT(*) AS tp_count FROM `it_goods_comment` LIMIT 1   [ RunTime:0.001698s ]
SQL: SELECT * FROM `it_goods_comment` WHERE ( goods_id=1 ) ORDER BY time desc LIMIT 5   [ RunTime:0.001736s ]
INFO: [ view_parse ] --START--
NOTIC: [2] Invalid argument supplied for foreach() D:\server\wamp\www\itshop\App\Runtime\Cache\Home\140d4bef95a7646a38fc6659117b66e1.php 第 162 行.
NOTIC: [2] Invalid argument supplied for foreach() D:\server\wamp\www\itshop\App\Runtime\Cache\Home\140d4bef95a7646a38fc6659117b66e1.php 第 328 行.
INFO: ParseTemplate Behavior ::run [ RunTime:0.057756s ]
INFO: [ view_parse ] --END-- [ RunTime:0.057960s ]
INFO: [ view_filter ] --START--
INFO: ContentReplace Behavior ::run [ RunTime:0.001969s ]
INFO: TokenBuild Behavior ::run [ RunTime:0.000869s ]
INFO: WriteHtmlCache Behavior ::run [ RunTime:0.000717s ]
INFO: ShowRuntime Behavior ::run [ RunTime:0.001349s ]
INFO: [ view_filter ] --END-- [ RunTime:0.005555s ]
INFO: [ view_end ] --START--
INFO: ShowPageTrace Behavior ::run [ RunTime:0.001436s ]
INFO: [ view_end ] --END-- [ RunTime:0.001621s ]

