[ 2015-05-05T00:00:31+08:00 ] 127.0.0.1 /index.php/cart/updatecart/id/14
INFO: [ app_begin ] --START--
INFO: ReadHtmlCache Behavior ::run [ RunTime:0.000465s ]
INFO: [ app_begin ] --END-- [ RunTime:0.000512s ]
SQL: SHOW COLUMNS FROM `it_category` [ RunTime:0.003784s ]
SQL: SELECT * FROM `it_category` WHERE ( parent_id=0 )  [ RunTime:0.000630s ]
SQL: SELECT * FROM `it_category`  [ RunTime:0.000213s ]
SQL: SHOW COLUMNS FROM `it_cart` [ RunTime:0.003818s ]
SQL: SELECT * FROM `it_cart` WHERE ( user_id=5 )  [ RunTime:0.000598s ]
SQL: SHOW COLUMNS FROM `it_goods` [ RunTime:0.004231s ]
SQL: SELECT `id`,`goods_name`,`goods_thumb`,`shop_price` FROM `it_goods` WHERE ( id in (17,1,9,15,16,7,8) ) LIMIT 5   [ RunTime:0.000566s ]
NOTIC: [8] Undefined index: user_id D:\server\apache\htdocs\itshop\App\Lib\Action\Home\HomeAction.class.php 第 18 行.
SQL: update it_cart set goods_number=goods_number+1 where id=14 [ RunTime:0.000562s ]

[ 2015-05-05T00:00:32+08:00 ] 127.0.0.1 /index.php/cart/updatecart/id/15
INFO: [ app_begin ] --START--
INFO: ReadHtmlCache Behavior ::run [ RunTime:0.001180s ]
INFO: [ app_begin ] --END-- [ RunTime:0.001348s ]
SQL: SHOW COLUMNS FROM `it_category` [ RunTime:0.004345s ]
SQL: SELECT * FROM `it_category` WHERE ( parent_id=0 )  [ RunTime:0.000367s ]
SQL: SELECT * FROM `it_category`  [ RunTime:0.000330s ]
SQL: SHOW COLUMNS FROM `it_cart` [ RunTime:0.004433s ]
SQL: SELECT * FROM `it_cart` WHERE ( user_id=5 )  [ RunTime:0.000529s ]
SQL: SHOW COLUMNS FROM `it_goods` [ RunTime:0.004537s ]
SQL: SELECT `id`,`goods_name`,`goods_thumb`,`shop_price` FROM `it_goods` WHERE ( id in (17,1,9,15,16,7,8) ) LIMIT 5   [ RunTime:0.000324s ]
NOTIC: [8] Undefined index: user_id D:\server\apache\htdocs\itshop\App\Lib\Action\Home\HomeAction.class.php 第 18 行.
SQL: update it_cart set goods_number=goods_number+1 where id=15 [ RunTime:0.000414s ]

[ 2015-05-05T00:00:32+08:00 ] 127.0.0.1 /index.php/cart/updatecart/id/15
INFO: [ app_begin ] --START--
INFO: ReadHtmlCache Behavior ::run [ RunTime:0.001136s ]
INFO: [ app_begin ] --END-- [ RunTime:0.001303s ]
SQL: SHOW COLUMNS FROM `it_category` [ RunTime:0.003617s ]
SQL: SELECT * FROM `it_category` WHERE ( parent_id=0 )  [ RunTime:0.000503s ]
SQL: SELECT * FROM `it_category`  [ RunTime:0.000531s ]
SQL: SHOW COLUMNS FROM `it_cart` [ RunTime:0.004267s ]
SQL: SELECT * FROM `it_cart` WHERE ( user_id=5 )  [ RunTime:0.000668s ]
SQL: SHOW COLUMNS FROM `it_goods` [ RunTime:0.004352s ]
SQL: SELECT `id`,`goods_name`,`goods_thumb`,`shop_price` FROM `it_goods` WHERE ( id in (17,1,9,15,16,7,8) ) LIMIT 5   [ RunTime:0.000511s ]
NOTIC: [8] Undefined index: user_id D:\server\apache\htdocs\itshop\App\Lib\Action\Home\HomeAction.class.php 第 18 行.
SQL: update it_cart set goods_number=goods_number+1 where id=15 [ RunTime:0.000500s ]

[ 2015-05-05T00:02:31+08:00 ] 127.0.0.1 /index.php/cart/updatecart/id/16
INFO: [ app_begin ] --START--
INFO: ReadHtmlCache Behavior ::run [ RunTime:0.000505s ]
INFO: [ app_begin ] --END-- [ RunTime:0.000561s ]
SQL: SHOW COLUMNS FROM `it_category` [ RunTime:0.004518s ]
SQL: SELECT * FROM `it_category` WHERE ( parent_id=0 )  [ RunTime:0.001040s ]
SQL: SELECT * FROM `it_category`  [ RunTime:0.000677s ]
SQL: SHOW COLUMNS FROM `it_cart` [ RunTime:0.006291s ]
SQL: SELECT * FROM `it_cart` WHERE ( user_id=5 )  [ RunTime:0.001078s ]
SQL: SHOW COLUMNS FROM `it_goods` [ RunTime:0.005193s ]
SQL: SELECT `id`,`goods_name`,`goods_thumb`,`shop_price` FROM `it_goods` WHERE ( id in (17,1,9,15,16,7,8) ) LIMIT 5   [ RunTime:0.001003s ]
NOTIC: [8] Undefined index: user_id D:\server\apache\htdocs\itshop\App\Lib\Action\Home\HomeAction.class.php 第 18 行.
SQL: update it_cart set goods_number=goods_number+1 where id=16 [ RunTime:0.000940s ]

[ 2015-05-05T00:02:52+08:00 ] 127.0.0.1 /index.php/bug
ERR: 无法加载模块:Bug

[ 2015-05-05T00:04:43+08:00 ] 127.0.0.1 /index.php/cart/updatecart/id/17
INFO: [ app_begin ] --START--
INFO: ReadHtmlCache Behavior ::run [ RunTime:0.000479s ]
INFO: [ app_begin ] --END-- [ RunTime:0.000530s ]
SQL: SHOW COLUMNS FROM `it_category` [ RunTime:0.003773s ]
SQL: SELECT * FROM `it_category` WHERE ( parent_id=0 )  [ RunTime:0.000646s ]
SQL: SELECT * FROM `it_category`  [ RunTime:0.000655s ]
SQL: SHOW COLUMNS FROM `it_cart` [ RunTime:0.004469s ]
SQL: SELECT * FROM `it_cart` WHERE ( user_id=6 )  [ RunTime:0.000626s ]
SQL: SHOW COLUMNS FROM `it_goods` [ RunTime:0.004245s ]
SQL: SELECT `id`,`goods_name`,`goods_thumb`,`shop_price` FROM `it_goods` WHERE ( id in (17,1,9,15,16,7,8) ) LIMIT 5   [ RunTime:0.000626s ]
NOTIC: [8] Undefined index: user_id D:\server\apache\htdocs\itshop\App\Lib\Action\Home\HomeAction.class.php 第 18 行.
SQL: update it_cart set goods_number=goods_number+1 where id=17 [ RunTime:0.000658s ]

[ 2015-05-05T00:04:45+08:00 ] 127.0.0.1 /index.php/cart/updatecart/id/17
INFO: [ app_begin ] --START--
INFO: ReadHtmlCache Behavior ::run [ RunTime:0.000629s ]
INFO: [ app_begin ] --END-- [ RunTime:0.000713s ]
SQL: SHOW COLUMNS FROM `it_category` [ RunTime:0.004527s ]
SQL: SELECT * FROM `it_category` WHERE ( parent_id=0 )  [ RunTime:0.000417s ]
SQL: SELECT * FROM `it_category`  [ RunTime:0.000293s ]
SQL: SHOW COLUMNS FROM `it_cart` [ RunTime:0.003905s ]
SQL: SELECT * FROM `it_cart` WHERE ( user_id=6 )  [ RunTime:0.000474s ]
SQL: SHOW COLUMNS FROM `it_goods` [ RunTime:0.004816s ]
SQL: SELECT `id`,`goods_name`,`goods_thumb`,`shop_price` FROM `it_goods` WHERE ( id in (17,1,9,15,16,7,8) ) LIMIT 5   [ RunTime:0.000321s ]
NOTIC: [8] Undefined index: user_id D:\server\apache\htdocs\itshop\App\Lib\Action\Home\HomeAction.class.php 第 18 行.
SQL: update it_cart set goods_number=goods_number+1 where id=17 [ RunTime:0.000489s ]

[ 2015-05-05T00:07:32+08:00 ] 127.0.0.1 /index.php/cart/updatecart/id/18
INFO: [ app_begin ] --START--
INFO: ReadHtmlCache Behavior ::run [ RunTime:0.000518s ]
INFO: [ app_begin ] --END-- [ RunTime:0.000574s ]
SQL: SHOW COLUMNS FROM `it_category` [ RunTime:0.004334s ]
SQL: SELECT * FROM `it_category` WHERE ( parent_id=0 )  [ RunTime:0.000930s ]
SQL: SELECT * FROM `it_category`  [ RunTime:0.000551s ]
SQL: SHOW COLUMNS FROM `it_cart` [ RunTime:0.030606s ]
SQL: SELECT * FROM `it_cart` WHERE ( user_id=6 )  [ RunTime:0.000843s ]
SQL: SHOW COLUMNS FROM `it_goods` [ RunTime:0.004956s ]
SQL: SELECT `id`,`goods_name`,`goods_thumb`,`shop_price` FROM `it_goods` WHERE ( id in (17,1,9,15,16,7,8) ) LIMIT 5   [ RunTime:0.000755s ]
NOTIC: [8] Undefined index: user_id D:\server\apache\htdocs\itshop\App\Lib\Action\Home\HomeAction.class.php 第 18 行.
SQL: update it_cart set goods_number=goods_number+1 where id=18 [ RunTime:0.000714s ]

[ 2015-05-05T00:24:09+08:00 ] 127.0.0.1 /index.php/cart/updatecart/id/1
INFO: [ app_begin ] --START--
INFO: ReadHtmlCache Behavior ::run [ RunTime:0.000726s ]
INFO: [ app_begin ] --END-- [ RunTime:0.000797s ]
SQL: SHOW COLUMNS FROM `it_category` [ RunTime:0.004205s ]
SQL: SELECT * FROM `it_category` WHERE ( parent_id=0 )  [ RunTime:0.000554s ]
SQL: SELECT * FROM `it_category`  [ RunTime:0.000451s ]
SQL: SHOW COLUMNS FROM `it_cart` [ RunTime:0.004040s ]
SQL: SELECT * FROM `it_cart` WHERE ( user_id=6 )  [ RunTime:0.000497s ]
SQL: SHOW COLUMNS FROM `it_goods` [ RunTime:0.004186s ]
SQL: SELECT `id`,`goods_name`,`goods_thumb`,`shop_price` FROM `it_goods` WHERE ( id in (17,1,9,15,16,7,8) ) LIMIT 5   [ RunTime:0.000522s ]
NOTIC: [8] Undefined index: user_id D:\server\apache\htdocs\itshop\App\Lib\Action\Home\HomeAction.class.php 第 18 行.
SQL: update it_cart set goods_number=goods_number+1 where id=1 [ RunTime:0.000861s ]

[ 2015-05-05T00:24:18+08:00 ] 127.0.0.1 /index.php/cart/updatecart/id/2
INFO: [ app_begin ] --START--
INFO: ReadHtmlCache Behavior ::run [ RunTime:0.000616s ]
INFO: [ app_begin ] --END-- [ RunTime:0.000693s ]
SQL: SHOW COLUMNS FROM `it_category` [ RunTime:0.003823s ]
SQL: SELECT * FROM `it_category` WHERE ( parent_id=0 )  [ RunTime:0.000823s ]
SQL: SELECT * FROM `it_category`  [ RunTime:0.000534s ]
SQL: SHOW COLUMNS FROM `it_cart` [ RunTime:0.004313s ]
SQL: SELECT * FROM `it_cart` WHERE ( user_id=6 )  [ RunTime:0.001043s ]
SQL: SHOW COLUMNS FROM `it_goods` [ RunTime:0.004493s ]
SQL: SELECT `id`,`goods_name`,`goods_thumb`,`shop_price` FROM `it_goods` WHERE ( id in (17,1,9,15,16,7,8) ) LIMIT 5   [ RunTime:0.000899s ]
NOTIC: [8] Undefined index: user_id D:\server\apache\htdocs\itshop\App\Lib\Action\Home\HomeAction.class.php 第 18 行.
SQL: update it_cart set goods_number=goods_number+1 where id=2 [ RunTime:0.000658s ]

[ 2015-05-05T00:24:19+08:00 ] 127.0.0.1 /index.php/cart/updatecart/id/2
INFO: [ app_begin ] --START--
INFO: ReadHtmlCache Behavior ::run [ RunTime:0.000598s ]
INFO: [ app_begin ] --END-- [ RunTime:0.000654s ]
SQL: SHOW COLUMNS FROM `it_category` [ RunTime:0.004363s ]
SQL: SELECT * FROM `it_category` WHERE ( parent_id=0 )  [ RunTime:0.001044s ]
SQL: SELECT * FROM `it_category`  [ RunTime:0.000649s ]
SQL: SHOW COLUMNS FROM `it_cart` [ RunTime:0.004502s ]
SQL: SELECT * FROM `it_cart` WHERE ( user_id=6 )  [ RunTime:0.000956s ]
SQL: SHOW COLUMNS FROM `it_goods` [ RunTime:0.004711s ]
SQL: SELECT `id`,`goods_name`,`goods_thumb`,`shop_price` FROM `it_goods` WHERE ( id in (17,1,9,15,16,7,8) ) LIMIT 5   [ RunTime:0.001104s ]
NOTIC: [8] Undefined index: user_id D:\server\apache\htdocs\itshop\App\Lib\Action\Home\HomeAction.class.php 第 18 行.
SQL: update it_cart set goods_number=goods_number+1 where id=2 [ RunTime:0.000572s ]

[ 2015-05-05T00:42:47+08:00 ] 127.0.0.1 /index.php/cart/updatecart/id/3
INFO: [ app_begin ] --START--
INFO: ReadHtmlCache Behavior ::run [ RunTime:0.000574s ]
INFO: [ app_begin ] --END-- [ RunTime:0.000659s ]
SQL: SHOW COLUMNS FROM `it_category` [ RunTime:0.004338s ]
SQL: SELECT * FROM `it_category` WHERE ( parent_id=0 )  [ RunTime:0.000700s ]
SQL: SELECT * FROM `it_category`  [ RunTime:0.000390s ]
SQL: SHOW COLUMNS FROM `it_cart` [ RunTime:0.004623s ]
SQL: SELECT * FROM `it_cart` WHERE ( user_id=6 )  [ RunTime:0.000860s ]
SQL: SHOW COLUMNS FROM `it_goods` [ RunTime:0.004743s ]
SQL: SELECT `id`,`goods_name`,`goods_thumb`,`shop_price` FROM `it_goods` WHERE ( id in (17,1,9,15,16,7,8) ) LIMIT 5   [ RunTime:0.000597s ]
NOTIC: [8] Undefined index: user_id D:\server\apache\htdocs\itshop\App\Lib\Action\Home\HomeAction.class.php 第 18 行.
SQL: update it_cart set goods_number=goods_number+1 where id=3 [ RunTime:0.000515s ]

[ 2015-05-05T00:42:59+08:00 ] 127.0.0.1 /index.php/cart/updatecart/id/3
INFO: [ app_begin ] --START--
INFO: ReadHtmlCache Behavior ::run [ RunTime:0.000586s ]
INFO: [ app_begin ] --END-- [ RunTime:0.000643s ]
SQL: SHOW COLUMNS FROM `it_category` [ RunTime:0.004208s ]
SQL: SELECT * FROM `it_category` WHERE ( parent_id=0 )  [ RunTime:0.000353s ]
SQL: SELECT * FROM `it_category`  [ RunTime:0.000291s ]
SQL: SHOW COLUMNS FROM `it_cart` [ RunTime:0.003979s ]
SQL: SELECT * FROM `it_cart` WHERE ( user_id=6 )  [ RunTime:0.000358s ]
SQL: SHOW COLUMNS FROM `it_goods` [ RunTime:0.004399s ]
SQL: SELECT `id`,`goods_name`,`goods_thumb`,`shop_price` FROM `it_goods` WHERE ( id in (17,1,9,15,16,7,8) ) LIMIT 5   [ RunTime:0.000301s ]
NOTIC: [8] Undefined index: user_id D:\server\apache\htdocs\itshop\App\Lib\Action\Home\HomeAction.class.php 第 18 行.
SQL: update it_cart set goods_number=goods_number+1 where id=3 [ RunTime:0.000436s ]

[ 2015-05-05T00:43:01+08:00 ] 127.0.0.1 /index.php/cart/updatecart/id/3
INFO: [ app_begin ] --START--
INFO: ReadHtmlCache Behavior ::run [ RunTime:0.000873s ]
INFO: [ app_begin ] --END-- [ RunTime:0.000983s ]
SQL: SHOW COLUMNS FROM `it_category` [ RunTime:0.004127s ]
SQL: SELECT * FROM `it_category` WHERE ( parent_id=0 )  [ RunTime:0.000513s ]
SQL: SELECT * FROM `it_category`  [ RunTime:0.000524s ]
SQL: SHOW COLUMNS FROM `it_cart` [ RunTime:0.003839s ]
SQL: SELECT * FROM `it_cart` WHERE ( user_id=6 )  [ RunTime:0.000545s ]
SQL: SHOW COLUMNS FROM `it_goods` [ RunTime:0.004335s ]
SQL: SELECT `id`,`goods_name`,`goods_thumb`,`shop_price` FROM `it_goods` WHERE ( id in (17,1,9,15,16,7,8) ) LIMIT 5   [ RunTime:0.000394s ]
NOTIC: [8] Undefined index: user_id D:\server\apache\htdocs\itshop\App\Lib\Action\Home\HomeAction.class.php 第 18 行.
SQL: update it_cart set goods_number=goods_number+1 where id=3 [ RunTime:0.000577s ]

[ 2015-05-05T01:11:43+08:00 ] 127.0.0.1 /index.php/Order/js/city.min.js
INFO: [ app_begin ] --START--
INFO: ReadHtmlCache Behavior ::run [ RunTime:0.000490s ]
INFO: [ app_begin ] --END-- [ RunTime:0.000546s ]
SQL: SHOW COLUMNS FROM `it_category` [ RunTime:0.004570s ]
SQL: SELECT * FROM `it_category` WHERE ( parent_id=0 )  [ RunTime:0.000818s ]
SQL: SELECT * FROM `it_category`  [ RunTime:0.000567s ]
SQL: SHOW COLUMNS FROM `it_cart` [ RunTime:0.005403s ]
SQL: SELECT * FROM `it_cart` WHERE ( user_id=6 )  [ RunTime:0.000701s ]
SQL: SHOW COLUMNS FROM `it_goods` [ RunTime:0.004922s ]
SQL: SELECT `id`,`goods_name`,`goods_thumb`,`shop_price` FROM `it_goods` WHERE ( id in (17,1,9,15,16,7,8) ) LIMIT 5   [ RunTime:0.000707s ]
NOTIC: [8] Undefined index: user_id D:\server\apache\htdocs\itshop\App\Lib\Action\Home\HomeAction.class.php 第 18 行.
ERR: 非法操作:js

[ 2015-05-05T01:11:45+08:00 ] 127.0.0.1 /index.php/Order/js/city.min.js
INFO: [ app_begin ] --START--
INFO: ReadHtmlCache Behavior ::run [ RunTime:0.000913s ]
INFO: [ app_begin ] --END-- [ RunTime:0.001125s ]
SQL: SHOW COLUMNS FROM `it_category` [ RunTime:0.004633s ]
SQL: SELECT * FROM `it_category` WHERE ( parent_id=0 )  [ RunTime:0.000390s ]
SQL: SELECT * FROM `it_category`  [ RunTime:0.000331s ]
SQL: SHOW COLUMNS FROM `it_cart` [ RunTime:0.006962s ]
SQL: SELECT * FROM `it_cart` WHERE ( user_id=6 )  [ RunTime:0.000391s ]
SQL: SHOW COLUMNS FROM `it_goods` [ RunTime:0.006001s ]
SQL: SELECT `id`,`goods_name`,`goods_thumb`,`shop_price` FROM `it_goods` WHERE ( id in (17,1,9,15,16,7,8) ) LIMIT 5   [ RunTime:0.000295s ]
NOTIC: [8] Undefined index: user_id D:\server\apache\htdocs\itshop\App\Lib\Action\Home\HomeAction.class.php 第 18 行.
ERR: 非法操作:js

[ 2015-05-05T01:12:35+08:00 ] 127.0.0.1 /index.php/Order/js/city.min.js
INFO: [ app_begin ] --START--
INFO: ReadHtmlCache Behavior ::run [ RunTime:0.001616s ]
INFO: [ app_begin ] --END-- [ RunTime:0.001772s ]
SQL: SHOW COLUMNS FROM `it_category` [ RunTime:0.005298s ]
SQL: SELECT * FROM `it_category` WHERE ( parent_id=0 )  [ RunTime:0.001283s ]
SQL: SELECT * FROM `it_category`  [ RunTime:0.000770s ]
SQL: SHOW COLUMNS FROM `it_cart` [ RunTime:0.006034s ]
SQL: SELECT * FROM `it_cart` WHERE ( user_id=6 )  [ RunTime:0.001247s ]
SQL: SHOW COLUMNS FROM `it_goods` [ RunTime:0.005086s ]
SQL: SELECT `id`,`goods_name`,`goods_thumb`,`shop_price` FROM `it_goods` WHERE ( id in (17,1,9,15,16,7,8) ) LIMIT 5   [ RunTime:0.000989s ]
NOTIC: [8] Undefined index: user_id D:\server\apache\htdocs\itshop\App\Lib\Action\Home\HomeAction.class.php 第 18 行.
ERR: 非法操作:js

[ 2015-05-05T01:12:36+08:00 ] 127.0.0.1 /index.php/Order/js/city.min.js
INFO: [ app_begin ] --START--
INFO: ReadHtmlCache Behavior ::run [ RunTime:0.001152s ]
INFO: [ app_begin ] --END-- [ RunTime:0.001324s ]
SQL: SHOW COLUMNS FROM `it_category` [ RunTime:0.005634s ]
SQL: SELECT * FROM `it_category` WHERE ( parent_id=0 )  [ RunTime:0.000295s ]
SQL: SELECT * FROM `it_category`  [ RunTime:0.000228s ]
SQL: SHOW COLUMNS FROM `it_cart` [ RunTime:0.005992s ]
SQL: SELECT * FROM `it_cart` WHERE ( user_id=6 )  [ RunTime:0.000323s ]
SQL: SHOW COLUMNS FROM `it_goods` [ RunTime:0.006079s ]
SQL: SELECT `id`,`goods_name`,`goods_thumb`,`shop_price` FROM `it_goods` WHERE ( id in (17,1,9,15,16,7,8) ) LIMIT 5   [ RunTime:0.000270s ]
NOTIC: [8] Undefined index: user_id D:\server\apache\htdocs\itshop\App\Lib\Action\Home\HomeAction.class.php 第 18 行.
ERR: 非法操作:js

[ 2015-05-05T01:12:36+08:00 ] 127.0.0.1 /index.php/Order/js/city.min.js
INFO: [ app_begin ] --START--
INFO: ReadHtmlCache Behavior ::run [ RunTime:0.000808s ]
INFO: [ app_begin ] --END-- [ RunTime:0.000918s ]
SQL: SHOW COLUMNS FROM `it_category` [ RunTime:0.005698s ]
SQL: SELECT * FROM `it_category` WHERE ( parent_id=0 )  [ RunTime:0.000811s ]
SQL: SELECT * FROM `it_category`  [ RunTime:0.000878s ]
SQL: SHOW COLUMNS FROM `it_cart` [ RunTime:0.006839s ]
SQL: SELECT * FROM `it_cart` WHERE ( user_id=6 )  [ RunTime:0.000898s ]
SQL: SHOW COLUMNS FROM `it_goods` [ RunTime:0.006508s ]
SQL: SELECT `id`,`goods_name`,`goods_thumb`,`shop_price` FROM `it_goods` WHERE ( id in (17,1,9,15,16,7,8) ) LIMIT 5   [ RunTime:0.000784s ]
NOTIC: [8] Undefined index: user_id D:\server\apache\htdocs\itshop\App\Lib\Action\Home\HomeAction.class.php 第 18 行.
ERR: 非法操作:js

[ 2015-05-05T01:13:57+08:00 ] 127.0.0.1 /index.php/Order/js/city.min.js
INFO: [ app_begin ] --START--
INFO: ReadHtmlCache Behavior ::run [ RunTime:0.000967s ]
INFO: [ app_begin ] --END-- [ RunTime:0.001086s ]
SQL: SHOW COLUMNS FROM `it_category` [ RunTime:0.006327s ]
SQL: SELECT * FROM `it_category` WHERE ( parent_id=0 )  [ RunTime:0.000904s ]
SQL: SELECT * FROM `it_category`  [ RunTime:0.000534s ]
SQL: SHOW COLUMNS FROM `it_cart` [ RunTime:0.006102s ]
SQL: SELECT * FROM `it_cart` WHERE ( user_id=6 )  [ RunTime:0.000830s ]
SQL: SHOW COLUMNS FROM `it_goods` [ RunTime:0.005812s ]
SQL: SELECT `id`,`goods_name`,`goods_thumb`,`shop_price` FROM `it_goods` WHERE ( id in (17,1,9,15,16,7,8) ) LIMIT 5   [ RunTime:0.001019s ]
NOTIC: [8] Undefined index: user_id D:\server\apache\htdocs\itshop\App\Lib\Action\Home\HomeAction.class.php 第 18 行.
ERR: 非法操作:js

[ 2015-05-05T01:14:10+08:00 ] 127.0.0.1 /index.php/Order/js/city.min.js
INFO: [ app_begin ] --START--
INFO: ReadHtmlCache Behavior ::run [ RunTime:0.001068s ]
INFO: [ app_begin ] --END-- [ RunTime:0.001206s ]
SQL: SHOW COLUMNS FROM `it_category` [ RunTime:0.005520s ]
SQL: SELECT * FROM `it_category` WHERE ( parent_id=0 )  [ RunTime:0.001065s ]
SQL: SELECT * FROM `it_category`  [ RunTime:0.000771s ]
SQL: SHOW COLUMNS FROM `it_cart` [ RunTime:0.005787s ]
SQL: SELECT * FROM `it_cart` WHERE ( user_id=6 )  [ RunTime:0.001100s ]
SQL: SHOW COLUMNS FROM `it_goods` [ RunTime:0.007036s ]
SQL: SELECT `id`,`goods_name`,`goods_thumb`,`shop_price` FROM `it_goods` WHERE ( id in (17,1,9,15,16,7,8) ) LIMIT 5   [ RunTime:0.001291s ]
NOTIC: [8] Undefined index: user_id D:\server\apache\htdocs\itshop\App\Lib\Action\Home\HomeAction.class.php 第 18 行.
ERR: 非法操作:js

[ 2015-05-05T01:14:13+08:00 ] 127.0.0.1 /index.php/Order/js/city.min.js
INFO: [ app_begin ] --START--
INFO: ReadHtmlCache Behavior ::run [ RunTime:0.001075s ]
INFO: [ app_begin ] --END-- [ RunTime:0.001184s ]
SQL: SHOW COLUMNS FROM `it_category` [ RunTime:0.005403s ]
SQL: SELECT * FROM `it_category` WHERE ( parent_id=0 )  [ RunTime:0.001638s ]
SQL: SELECT * FROM `it_category`  [ RunTime:0.001401s ]
SQL: SHOW COLUMNS FROM `it_cart` [ RunTime:0.006116s ]
SQL: SELECT * FROM `it_cart` WHERE ( user_id=6 )  [ RunTime:0.001252s ]
SQL: SHOW COLUMNS FROM `it_goods` [ RunTime:0.005511s ]
SQL: SELECT `id`,`goods_name`,`goods_thumb`,`shop_price` FROM `it_goods` WHERE ( id in (17,1,9,15,16,7,8) ) LIMIT 5   [ RunTime:0.001334s ]
NOTIC: [8] Undefined index: user_id D:\server\apache\htdocs\itshop\App\Lib\Action\Home\HomeAction.class.php 第 18 行.
ERR: 非法操作:js

[ 2015-05-05T01:16:14+08:00 ] 127.0.0.1 /index.php/Order/js/city.min.js
INFO: [ app_begin ] --START--
INFO: ReadHtmlCache Behavior ::run [ RunTime:0.001077s ]
INFO: [ app_begin ] --END-- [ RunTime:0.001183s ]
SQL: SHOW COLUMNS FROM `it_category` [ RunTime:0.005249s ]
SQL: SELECT * FROM `it_category` WHERE ( parent_id=0 )  [ RunTime:0.000998s ]
SQL: SELECT * FROM `it_category`  [ RunTime:0.000623s ]
SQL: SHOW COLUMNS FROM `it_cart` [ RunTime:0.006355s ]
SQL: SELECT * FROM `it_cart` WHERE ( user_id=6 )  [ RunTime:0.001112s ]
SQL: SHOW COLUMNS FROM `it_goods` [ RunTime:0.005607s ]
SQL: SELECT `id`,`goods_name`,`goods_thumb`,`shop_price` FROM `it_goods` WHERE ( id in (17,1,9,15,16,7,8) ) LIMIT 5   [ RunTime:0.001266s ]
NOTIC: [8] Undefined index: user_id D:\server\apache\htdocs\itshop\App\Lib\Action\Home\HomeAction.class.php 第 18 行.
ERR: 非法操作:js

[ 2015-05-05T01:16:25+08:00 ] 127.0.0.1 /index.php/Order/js/city.min.js
INFO: [ app_begin ] --START--
INFO: ReadHtmlCache Behavior ::run [ RunTime:0.001083s ]
INFO: [ app_begin ] --END-- [ RunTime:0.001211s ]
SQL: SHOW COLUMNS FROM `it_category` [ RunTime:0.004239s ]
SQL: SELECT * FROM `it_category` WHERE ( parent_id=0 )  [ RunTime:0.000385s ]
SQL: SELECT * FROM `it_category`  [ RunTime:0.000276s ]
SQL: SHOW COLUMNS FROM `it_cart` [ RunTime:0.006082s ]
SQL: SELECT * FROM `it_cart` WHERE ( user_id=6 )  [ RunTime:0.000427s ]
SQL: SHOW COLUMNS FROM `it_goods` [ RunTime:0.004701s ]
SQL: SELECT `id`,`goods_name`,`goods_thumb`,`shop_price` FROM `it_goods` WHERE ( id in (17,1,9,15,16,7,8) ) LIMIT 5   [ RunTime:0.000413s ]
NOTIC: [8] Undefined index: user_id D:\server\apache\htdocs\itshop\App\Lib\Action\Home\HomeAction.class.php 第 18 行.
ERR: 非法操作:js

[ 2015-05-05T01:17:03+08:00 ] 127.0.0.1 /index.php/Order/js/city.min.js
INFO: [ app_begin ] --START--
INFO: ReadHtmlCache Behavior ::run [ RunTime:0.001032s ]
INFO: [ app_begin ] --END-- [ RunTime:0.001144s ]
SQL: SHOW COLUMNS FROM `it_category` [ RunTime:0.006274s ]
SQL: SELECT * FROM `it_category` WHERE ( parent_id=0 )  [ RunTime:0.000761s ]
SQL: SELECT * FROM `it_category`  [ RunTime:0.000755s ]
SQL: SHOW COLUMNS FROM `it_cart` [ RunTime:0.006551s ]
SQL: SELECT * FROM `it_cart` WHERE ( user_id=6 )  [ RunTime:0.000860s ]
SQL: SHOW COLUMNS FROM `it_goods` [ RunTime:0.006410s ]
SQL: SELECT `id`,`goods_name`,`goods_thumb`,`shop_price` FROM `it_goods` WHERE ( id in (17,1,9,15,16,7,8) ) LIMIT 5   [ RunTime:0.000622s ]
NOTIC: [8] Undefined index: user_id D:\server\apache\htdocs\itshop\App\Lib\Action\Home\HomeAction.class.php 第 18 行.
ERR: 非法操作:js

[ 2015-05-05T01:17:08+08:00 ] 127.0.0.1 /index.php/Order/js/city.min.js
INFO: [ app_begin ] --START--
INFO: ReadHtmlCache Behavior ::run [ RunTime:0.001241s ]
INFO: [ app_begin ] --END-- [ RunTime:0.001465s ]
SQL: SHOW COLUMNS FROM `it_category` [ RunTime:0.006612s ]
SQL: SELECT * FROM `it_category` WHERE ( parent_id=0 )  [ RunTime:0.000934s ]
SQL: SELECT * FROM `it_category`  [ RunTime:0.000683s ]
SQL: SHOW COLUMNS FROM `it_cart` [ RunTime:0.005934s ]
SQL: SELECT * FROM `it_cart` WHERE ( user_id=6 )  [ RunTime:0.000609s ]
SQL: SHOW COLUMNS FROM `it_goods` [ RunTime:0.006355s ]
SQL: SELECT `id`,`goods_name`,`goods_thumb`,`shop_price` FROM `it_goods` WHERE ( id in (17,1,9,15,16,7,8) ) LIMIT 5   [ RunTime:0.000398s ]
NOTIC: [8] Undefined index: user_id D:\server\apache\htdocs\itshop\App\Lib\Action\Home\HomeAction.class.php 第 18 行.
ERR: 非法操作:js

[ 2015-05-05T01:17:23+08:00 ] 127.0.0.1 /index.php/Order/js/city.min.js
INFO: [ app_begin ] --START--
INFO: ReadHtmlCache Behavior ::run [ RunTime:0.001099s ]
INFO: [ app_begin ] --END-- [ RunTime:0.001244s ]
SQL: SHOW COLUMNS FROM `it_category` [ RunTime:0.005612s ]
SQL: SELECT * FROM `it_category` WHERE ( parent_id=0 )  [ RunTime:0.001351s ]
SQL: SELECT * FROM `it_category`  [ RunTime:0.001282s ]
SQL: SHOW COLUMNS FROM `it_cart` [ RunTime:0.007429s ]
SQL: SELECT * FROM `it_cart` WHERE ( user_id=6 )  [ RunTime:0.001270s ]
SQL: SHOW COLUMNS FROM `it_goods` [ RunTime:0.006413s ]
SQL: SELECT `id`,`goods_name`,`goods_thumb`,`shop_price` FROM `it_goods` WHERE ( id in (17,1,9,15,16,7,8) ) LIMIT 5   [ RunTime:0.001216s ]
NOTIC: [8] Undefined index: user_id D:\server\apache\htdocs\itshop\App\Lib\Action\Home\HomeAction.class.php 第 18 行.
ERR: 非法操作:js

[ 2015-05-05T01:17:29+08:00 ] 127.0.0.1 /index.php/Order/js/city.min.js
INFO: [ app_begin ] --START--
INFO: ReadHtmlCache Behavior ::run [ RunTime:0.000910s ]
INFO: [ app_begin ] --END-- [ RunTime:0.001004s ]
SQL: SHOW COLUMNS FROM `it_category` [ RunTime:0.007270s ]
SQL: SELECT * FROM `it_category` WHERE ( parent_id=0 )  [ RunTime:0.000912s ]
SQL: SELECT * FROM `it_category`  [ RunTime:0.000473s ]
SQL: SHOW COLUMNS FROM `it_cart` [ RunTime:0.005664s ]
SQL: SELECT * FROM `it_cart` WHERE ( user_id=6 )  [ RunTime:0.000699s ]
SQL: SHOW COLUMNS FROM `it_goods` [ RunTime:0.007137s ]
SQL: SELECT `id`,`goods_name`,`goods_thumb`,`shop_price` FROM `it_goods` WHERE ( id in (17,1,9,15,16,7,8) ) LIMIT 5   [ RunTime:0.000562s ]
NOTIC: [8] Undefined index: user_id D:\server\apache\htdocs\itshop\App\Lib\Action\Home\HomeAction.class.php 第 18 行.
ERR: 非法操作:js

[ 2015-05-05T01:17:30+08:00 ] 127.0.0.1 /index.php/Order/js/city.min.js
INFO: [ app_begin ] --START--
INFO: ReadHtmlCache Behavior ::run [ RunTime:0.000828s ]
INFO: [ app_begin ] --END-- [ RunTime:0.000925s ]
SQL: SHOW COLUMNS FROM `it_category` [ RunTime:0.008497s ]
SQL: SELECT * FROM `it_category` WHERE ( parent_id=0 )  [ RunTime:0.002090s ]
SQL: SELECT * FROM `it_category`  [ RunTime:0.001498s ]
SQL: SHOW COLUMNS FROM `it_cart` [ RunTime:0.008312s ]
SQL: SELECT * FROM `it_cart` WHERE ( user_id=6 )  [ RunTime:0.001599s ]
SQL: SHOW COLUMNS FROM `it_goods` [ RunTime:0.005571s ]
SQL: SELECT `id`,`goods_name`,`goods_thumb`,`shop_price` FROM `it_goods` WHERE ( id in (17,1,9,15,16,7,8) ) LIMIT 5   [ RunTime:0.001536s ]
NOTIC: [8] Undefined index: user_id D:\server\apache\htdocs\itshop\App\Lib\Action\Home\HomeAction.class.php 第 18 行.
ERR: 非法操作:js

[ 2015-05-05T01:19:46+08:00 ] 127.0.0.1 /index.php/Order/city.min.js
INFO: [ app_begin ] --START--
INFO: ReadHtmlCache Behavior ::run [ RunTime:0.001263s ]
INFO: [ app_begin ] --END-- [ RunTime:0.001443s ]
SQL: SHOW COLUMNS FROM `it_category` [ RunTime:0.005686s ]
SQL: SELECT * FROM `it_category` WHERE ( parent_id=0 )  [ RunTime:0.000914s ]
SQL: SELECT * FROM `it_category`  [ RunTime:0.000511s ]
SQL: SHOW COLUMNS FROM `it_cart` [ RunTime:0.005246s ]
SQL: SELECT * FROM `it_cart` WHERE ( user_id=6 )  [ RunTime:0.000874s ]
SQL: SHOW COLUMNS FROM `it_goods` [ RunTime:0.006935s ]
SQL: SELECT `id`,`goods_name`,`goods_thumb`,`shop_price` FROM `it_goods` WHERE ( id in (17,1,9,15,16,7,8) ) LIMIT 5   [ RunTime:0.001606s ]
NOTIC: [8] Undefined index: user_id D:\server\apache\htdocs\itshop\App\Lib\Action\Home\HomeAction.class.php 第 18 行.
ERR: 非法操作:city.min.js

[ 2015-05-05T01:20:18+08:00 ] 127.0.0.1 /index.php/Order/__JS__/city.min.js
INFO: [ app_begin ] --START--
INFO: ReadHtmlCache Behavior ::run [ RunTime:0.000943s ]
INFO: [ app_begin ] --END-- [ RunTime:0.001067s ]
SQL: SHOW COLUMNS FROM `it_category` [ RunTime:0.005618s ]
SQL: SELECT * FROM `it_category` WHERE ( parent_id=0 )  [ RunTime:0.000723s ]
SQL: SELECT * FROM `it_category`  [ RunTime:0.000432s ]
SQL: SHOW COLUMNS FROM `it_cart` [ RunTime:0.004605s ]
SQL: SELECT * FROM `it_cart` WHERE ( user_id=6 )  [ RunTime:0.000592s ]
SQL: SHOW COLUMNS FROM `it_goods` [ RunTime:0.004616s ]
SQL: SELECT `id`,`goods_name`,`goods_thumb`,`shop_price` FROM `it_goods` WHERE ( id in (17,1,9,15,16,7,8) ) LIMIT 5   [ RunTime:0.000433s ]
NOTIC: [8] Undefined index: user_id D:\server\apache\htdocs\itshop\App\Lib\Action\Home\HomeAction.class.php 第 18 行.
ERR: 非法操作:__js__

[ 2015-05-05T01:21:35+08:00 ] 127.0.0.1 /index.php/Order/Public/js/city.min.js
INFO: [ app_begin ] --START--
INFO: ReadHtmlCache Behavior ::run [ RunTime:0.001052s ]
INFO: [ app_begin ] --END-- [ RunTime:0.001185s ]
SQL: SHOW COLUMNS FROM `it_category` [ RunTime:0.006219s ]
SQL: SELECT * FROM `it_category` WHERE ( parent_id=0 )  [ RunTime:0.001295s ]
SQL: SELECT * FROM `it_category`  [ RunTime:0.000804s ]
SQL: SHOW COLUMNS FROM `it_cart` [ RunTime:0.006330s ]
SQL: SELECT * FROM `it_cart` WHERE ( user_id=6 )  [ RunTime:0.000952s ]
SQL: SHOW COLUMNS FROM `it_goods` [ RunTime:0.006456s ]
SQL: SELECT `id`,`goods_name`,`goods_thumb`,`shop_price` FROM `it_goods` WHERE ( id in (17,1,9,15,16,7,8) ) LIMIT 5   [ RunTime:0.000918s ]
NOTIC: [8] Undefined index: user_id D:\server\apache\htdocs\itshop\App\Lib\Action\Home\HomeAction.class.php 第 18 行.
ERR: 非法操作:public

[ 2015-05-05T01:21:36+08:00 ] 127.0.0.1 /index.php/Order/Public/js/city.min.js
INFO: [ app_begin ] --START--
INFO: ReadHtmlCache Behavior ::run [ RunTime:0.001359s ]
INFO: [ app_begin ] --END-- [ RunTime:0.001558s ]
SQL: SHOW COLUMNS FROM `it_category` [ RunTime:0.005601s ]
SQL: SELECT * FROM `it_category` WHERE ( parent_id=0 )  [ RunTime:0.000686s ]
SQL: SELECT * FROM `it_category`  [ RunTime:0.000462s ]
SQL: SHOW COLUMNS FROM `it_cart` [ RunTime:0.006105s ]
SQL: SELECT * FROM `it_cart` WHERE ( user_id=6 )  [ RunTime:0.000829s ]
SQL: SHOW COLUMNS FROM `it_goods` [ RunTime:0.006238s ]
SQL: SELECT `id`,`goods_name`,`goods_thumb`,`shop_price` FROM `it_goods` WHERE ( id in (17,1,9,15,16,7,8) ) LIMIT 5   [ RunTime:0.000646s ]
NOTIC: [8] Undefined index: user_id D:\server\apache\htdocs\itshop\App\Lib\Action\Home\HomeAction.class.php 第 18 行.
ERR: 非法操作:public

[ 2015-05-05T01:29:27+08:00 ] 127.0.0.1 /index.php/cart/updatecart/id/2
INFO: [ app_begin ] --START--
INFO: ReadHtmlCache Behavior ::run [ RunTime:0.000594s ]
INFO: [ app_begin ] --END-- [ RunTime:0.000652s ]
SQL: SHOW COLUMNS FROM `it_category` [ RunTime:0.003513s ]
SQL: SELECT * FROM `it_category` WHERE ( parent_id=0 )  [ RunTime:0.000326s ]
SQL: SELECT * FROM `it_category`  [ RunTime:0.000263s ]
SQL: SHOW COLUMNS FROM `it_cart` [ RunTime:0.004910s ]
SQL: SELECT * FROM `it_cart` WHERE ( user_id=6 )  [ RunTime:0.000317s ]
SQL: SHOW COLUMNS FROM `it_goods` [ RunTime:0.004411s ]
SQL: SELECT `id`,`goods_name`,`goods_thumb`,`shop_price` FROM `it_goods` WHERE ( id in (17,1,9,15,16,7,8) ) LIMIT 5   [ RunTime:0.000312s ]
NOTIC: [8] Undefined index: user_id D:\server\apache\htdocs\itshop\App\Lib\Action\Home\HomeAction.class.php 第 18 行.
SQL: update it_cart set goods_number=goods_number+1 where id=2 [ RunTime:0.000562s ]

[ 2015-05-05T01:30:19+08:00 ] 127.0.0.1 /index.php/cart/updatecart/id/3
INFO: [ app_begin ] --START--
INFO: ReadHtmlCache Behavior ::run [ RunTime:0.000812s ]
INFO: [ app_begin ] --END-- [ RunTime:0.000880s ]
SQL: SHOW COLUMNS FROM `it_category` [ RunTime:0.004461s ]
SQL: SELECT * FROM `it_category` WHERE ( parent_id=0 )  [ RunTime:0.000942s ]
SQL: SELECT * FROM `it_category`  [ RunTime:0.000649s ]
SQL: SHOW COLUMNS FROM `it_cart` [ RunTime:0.004138s ]
SQL: SELECT * FROM `it_cart` WHERE ( user_id=6 )  [ RunTime:0.000879s ]
SQL: SHOW COLUMNS FROM `it_goods` [ RunTime:0.004783s ]
SQL: SELECT `id`,`goods_name`,`goods_thumb`,`shop_price` FROM `it_goods` WHERE ( id in (17,1,9,15,16,7,8) ) LIMIT 5   [ RunTime:0.000911s ]
NOTIC: [8] Undefined index: user_id D:\server\apache\htdocs\itshop\App\Lib\Action\Home\HomeAction.class.php 第 18 行.
SQL: update it_cart set goods_number=goods_number+1 where id=3 [ RunTime:0.000809s ]

[ 2015-05-05T16:54:18+08:00 ] 127.0.0.1 /index.php/admin/index/Js/global.js
ERR: 非法操作:js

[ 2015-05-05T16:54:18+08:00 ] 127.0.0.1 /index.php/admin/index/Js/utils.js
ERR: 非法操作:js

[ 2015-05-05T16:54:18+08:00 ] 127.0.0.1 /index.php/admin/index/Js/transport.js
ERR: 非法操作:js

[ 2015-05-05T17:15:39+08:00 ] 127.0.0.1 /index.php/admin/manager/login
ERR: 模板不存在[./App/Tpl/Admin/Manager/login.html]

[ 2015-05-05T17:17:22+08:00 ] 127.0.0.1 /index.php/admin/manager/verify
ERR: 非法操作:verify

[ 2015-05-05T17:17:38+08:00 ] 127.0.0.1 /index.php/admin/manager/verify
ERR: 非法操作:verify

[ 2015-05-05T17:17:39+08:00 ] 127.0.0.1 /index.php/admin/manager/verify
ERR: 非法操作:verify

[ 2015-05-05T17:17:53+08:00 ] 127.0.0.1 /index.php/admin/manager/verify
ERR: 非法操作:verify

[ 2015-05-05T17:17:54+08:00 ] 127.0.0.1 /index.php/admin/manager/verify
ERR: 非法操作:verify

[ 2015-05-05T17:17:54+08:00 ] 127.0.0.1 /index.php/admin/manager/verify
ERR: 非法操作:verify

[ 2015-05-05T17:17:54+08:00 ] 127.0.0.1 /index.php/admin/manager/verify
ERR: 非法操作:verify

[ 2015-05-05T17:17:55+08:00 ] 127.0.0.1 /index.php/admin/manager/verify
ERR: 非法操作:verify

[ 2015-05-05T17:18:13+08:00 ] 127.0.0.1 /index.php/admin/manager/verify
ERR: 非法操作:verify

[ 2015-05-05T17:18:13+08:00 ] 127.0.0.1 /index.php/admin/manager/verify
ERR: 非法操作:verify

[ 2015-05-05T17:18:14+08:00 ] 127.0.0.1 /index.php/admin/manager/verify
ERR: 非法操作:verify

[ 2015-05-05T17:20:11+08:00 ] 127.0.0.1 /index.php/admin/manager/verify
ERR: 非法操作:verify

[ 2015-05-05T17:21:19+08:00 ] 127.0.0.1 /index.php/admin/manager/verify
ERR: 非法操作:verify

[ 2015-05-05T17:21:51+08:00 ] 127.0.0.1 /index.php/admin/manager/verify
ERR: 非法操作:verify

[ 2015-05-05T17:24:12+08:00 ] 127.0.0.1 /index.php/admin/manager/verify
ERR: 非法操作:verify

[ 2015-05-05T17:24:19+08:00 ] 127.0.0.1 /index.php/Manager/login
ERR: 无法加载模块:Manager

[ 2015-05-05T17:24:36+08:00 ] 127.0.0.1 /index.php/Manager/login
ERR: 无法加载模块:Manager

[ 2015-05-05T17:24:46+08:00 ] 127.0.0.1 /index.php/admin/manager/verify
ERR: 非法操作:verify

[ 2015-05-05T17:27:17+08:00 ] 127.0.0.1 /index.php/admin/index/bug
ERR: 非法操作:bug

[ 2015-05-05T17:27:44+08:00 ] 127.0.0.1 /index.php/admin/index/bug
ERR: 非法操作:bug

[ 2015-05-05T17:28:56+08:00 ] 127.0.0.1 /index.php/admin/Manager/loginPro
ERR: 非法操作:loginpro

[ 2015-05-05T23:36:23+08:00 ] 127.0.0.1 /index.php/bug
ERR: 无法加载模块:Bug

[ 2015-05-05T23:37:43+08:00 ] 127.0.0.1 /index.php/bug
ERR: 无法加载模块:Bug

[ 2015-05-05T23:37:55+08:00 ] 127.0.0.1 /index.php/bug
ERR: 无法加载模块:Bug

[ 2015-05-05T23:59:53+08:00 ] 127.0.0.1 /index.php/admin/index/Js/global.js
ERR: 非法操作:js

[ 2015-05-05T23:59:53+08:00 ] 127.0.0.1 /index.php/admin/index/Js/utils.js
ERR: 非法操作:js

[ 2015-05-05T23:59:53+08:00 ] 127.0.0.1 /index.php/admin/index/Js/transport.js
ERR: 非法操作:js

