[ 2015-05-22T10:44:56+08:00 ] 127.0.0.1 /
INFO: [ app_begin ] --START--
INFO: ReadHtmlCache Behavior ::run [ RunTime:0.001539s ]
INFO: [ app_begin ] --END-- [ RunTime:0.094934s ]
SQL: SHOW COLUMNS FROM `it_category` [ RunTime:1.027027s ]
SQL: SELECT * FROM `it_category` WHERE ( parent_id=0 )  [ RunTime:0.263652s ]
SQL: SELECT * FROM `it_category`  [ RunTime:0.001403s ]
NOTIC: [8] Undefined index: user_id D:\server\apache\htdocs\itshop\App\Lib\Action\Home\HomeAction.class.php 第 55 行.
NOTIC: [8] Undefined variable: cartdata D:\server\apache\htdocs\itshop\App\Lib\Action\Home\HomeAction.class.php 第 60 行.
NOTIC: [8] Undefined variable: cartdata D:\server\apache\htdocs\itshop\App\Lib\Action\Home\HomeAction.class.php 第 62 行.
NOTIC: [2] Invalid argument supplied for foreach() D:\server\apache\htdocs\itshop\App\Lib\Action\Home\HomeAction.class.php 第 62 行.
SQL: SHOW COLUMNS FROM `it_goods` [ RunTime:0.127147s ]
SQL: SELECT `id`,`goods_name`,`goods_thumb`,`shop_price` FROM `it_goods` WHERE ( id in (20,19,21,9,2,15,8,11,24,25,32,33,7,1,17,14) ) LIMIT 5   [ RunTime:0.024900s ]
NOTIC: [8] Undefined index: user_id D:\server\apache\htdocs\itshop\App\Lib\Action\Home\HomeAction.class.php 第 18 行.
SQL: SHOW COLUMNS FROM `it_advert` [ RunTime:0.075651s ]
SQL: SELECT * FROM `it_advert` ORDER BY add_time  desc LIMIT 10   [ RunTime:0.041119s ]
SQL: select * from it_goods where is_hot = 1 and is_sale = 1 and  is_delete=0 order by sort desc limit 3 [ RunTime:0.002089s ]
SQL: select * from it_goods where is_new = 1 and is_sale = 1 and  is_delete=0 order by sort desc limit 3 [ RunTime:0.001849s ]
SQL: select * from it_goods where is_best = 1 and is_sale = 1 and  is_delete=0 order by sort desc limit 3 [ RunTime:0.001942s ]
SQL: SELECT * FROM `it_goods` WHERE ( is_hot=1 and is_delete=0 and is_sale=1 ) ORDER BY sort asc LIMIT 3   [ RunTime:0.001879s ]
SQL: SELECT * FROM `it_goods` WHERE ( is_sale=1 and  is_delete=0 ) LIMIT 5   [ RunTime:0.001175s ]
INFO: [ view_parse ] --START--
INFO: ParseTemplate Behavior ::run [ RunTime:0.167604s ]
INFO: [ view_parse ] --END-- [ RunTime:0.167688s ]
INFO: [ view_filter ] --START--
INFO: ContentReplace Behavior ::run [ RunTime:0.001601s ]
INFO: TokenBuild Behavior ::run [ RunTime:0.000872s ]
INFO: WriteHtmlCache Behavior ::run [ RunTime:0.000387s ]
INFO: ShowRuntime Behavior ::run [ RunTime:0.000585s ]
INFO: [ view_filter ] --END-- [ RunTime:0.003612s ]
INFO: [ view_end ] --START--
INFO: ShowPageTrace Behavior ::run [ RunTime:0.000930s ]
INFO: [ view_end ] --END-- [ RunTime:0.001000s ]

[ 2015-05-22T10:44:56+08:00 ] 127.0.0.1 /
INFO: [ app_begin ] --START--
INFO: ReadHtmlCache Behavior ::run [ RunTime:0.001266s ]
INFO: [ app_begin ] --END-- [ RunTime:0.001408s ]
SQL: SHOW COLUMNS FROM `it_category` [ RunTime:0.006593s ]
SQL: SELECT * FROM `it_category` WHERE ( parent_id=0 )  [ RunTime:0.000402s ]
SQL: SELECT * FROM `it_category`  [ RunTime:0.000255s ]
NOTIC: [8] Undefined index: user_id D:\server\apache\htdocs\itshop\App\Lib\Action\Home\HomeAction.class.php 第 55 行.
NOTIC: [8] Undefined variable: cartdata D:\server\apache\htdocs\itshop\App\Lib\Action\Home\HomeAction.class.php 第 60 行.
NOTIC: [8] Undefined variable: cartdata D:\server\apache\htdocs\itshop\App\Lib\Action\Home\HomeAction.class.php 第 62 行.
NOTIC: [2] Invalid argument supplied for foreach() D:\server\apache\htdocs\itshop\App\Lib\Action\Home\HomeAction.class.php 第 62 行.
SQL: SHOW COLUMNS FROM `it_goods` [ RunTime:0.049616s ]
SQL: SELECT `id`,`goods_name`,`goods_thumb`,`shop_price` FROM `it_goods` WHERE ( id in (20,19,21,9,2,15,8,11,24,25,32,33,7,1,17,14) ) LIMIT 5   [ RunTime:0.000446s ]
NOTIC: [8] Undefined index: user_id D:\server\apache\htdocs\itshop\App\Lib\Action\Home\HomeAction.class.php 第 18 行.
SQL: SHOW COLUMNS FROM `it_advert` [ RunTime:0.016564s ]
SQL: SELECT * FROM `it_advert` ORDER BY add_time  desc LIMIT 10   [ RunTime:0.000739s ]
SQL: select * from it_goods where is_hot = 1 and is_sale = 1 and  is_delete=0 order by sort desc limit 3 [ RunTime:0.000998s ]
SQL: select * from it_goods where is_new = 1 and is_sale = 1 and  is_delete=0 order by sort desc limit 3 [ RunTime:0.001116s ]
SQL: select * from it_goods where is_best = 1 and is_sale = 1 and  is_delete=0 order by sort desc limit 3 [ RunTime:0.001048s ]
SQL: SELECT * FROM `it_goods` WHERE ( is_hot=1 and is_delete=0 and is_sale=1 ) ORDER BY sort asc LIMIT 3   [ RunTime:0.001561s ]
SQL: SELECT * FROM `it_goods` WHERE ( is_sale=1 and  is_delete=0 ) LIMIT 5   [ RunTime:0.001234s ]
INFO: [ view_parse ] --START--
INFO: ParseTemplate Behavior ::run [ RunTime:0.165038s ]
INFO: [ view_parse ] --END-- [ RunTime:0.165252s ]
INFO: [ view_filter ] --START--
INFO: ContentReplace Behavior ::run [ RunTime:0.002055s ]
INFO: TokenBuild Behavior ::run [ RunTime:0.001436s ]
INFO: WriteHtmlCache Behavior ::run [ RunTime:0.000594s ]
INFO: ShowRuntime Behavior ::run [ RunTime:0.000902s ]
INFO: [ view_filter ] --END-- [ RunTime:0.005249s ]
INFO: [ view_end ] --START--
INFO: ShowPageTrace Behavior ::run [ RunTime:0.001070s ]
INFO: [ view_end ] --END-- [ RunTime:0.001161s ]

[ 2015-05-22T10:45:00+08:00 ] 127.0.0.1 /index.php/Goods/detail/id/1
INFO: [ route_check ] --START--
INFO: CheckRoute Behavior ::run [ RunTime:0.001892s ]
INFO: [ route_check ] --END-- [ RunTime:0.002047s ]
INFO: [ app_begin ] --START--
INFO: ReadHtmlCache Behavior ::run [ RunTime:0.001066s ]
INFO: [ app_begin ] --END-- [ RunTime:0.001184s ]
SQL: SHOW COLUMNS FROM `it_category` [ RunTime:0.008623s ]
SQL: SELECT * FROM `it_category` WHERE ( parent_id=0 )  [ RunTime:0.001458s ]
SQL: SELECT * FROM `it_category`  [ RunTime:0.000819s ]
NOTIC: [8] Undefined index: user_id D:\server\apache\htdocs\itshop\App\Lib\Action\Home\HomeAction.class.php 第 55 行.
NOTIC: [8] Undefined variable: cartdata D:\server\apache\htdocs\itshop\App\Lib\Action\Home\HomeAction.class.php 第 60 行.
NOTIC: [8] Undefined variable: cartdata D:\server\apache\htdocs\itshop\App\Lib\Action\Home\HomeAction.class.php 第 62 行.
NOTIC: [2] Invalid argument supplied for foreach() D:\server\apache\htdocs\itshop\App\Lib\Action\Home\HomeAction.class.php 第 62 行.
SQL: SHOW COLUMNS FROM `it_goods` [ RunTime:0.011467s ]
SQL: SELECT `id`,`goods_name`,`goods_thumb`,`shop_price` FROM `it_goods` WHERE ( id in (20,19,21,9,2,15,8,11,24,25,32,33,7,1,17,14) ) LIMIT 5   [ RunTime:0.001133s ]
NOTIC: [8] Undefined index: user_id D:\server\apache\htdocs\itshop\App\Lib\Action\Home\HomeAction.class.php 第 18 行.
SQL: SHOW COLUMNS FROM `it_brand` [ RunTime:0.072468s ]
SQL: SELECT * FROM `it_brand`  [ RunTime:0.002591s ]
SQL: SELECT * FROM `it_goods` WHERE ( `id` = 1 ) LIMIT 1   [ RunTime:0.004689s ]
SQL: select a.level_name,ifnull(b.level_price,920.00*a.rate/100) price  from it_member_level a 
				 left  join it_member_price b on a.id=b.level_id and b.goods_id=1 [ RunTime:0.092165s ]
SQL: select a.*,b.attr_name from it_goods_attr a left join it_attribute b on a.attr_id=b.id where a.goods_id=1 and b.attr_type=1 [ RunTime:0.073769s ]
SQL: SELECT * FROM `it_category`  [ RunTime:0.001187s ]
INFO: [ view_parse ] --START--
INFO: ParseTemplate Behavior ::run [ RunTime:0.029631s ]
INFO: [ view_parse ] --END-- [ RunTime:0.029730s ]
INFO: [ view_filter ] --START--
INFO: ContentReplace Behavior ::run [ RunTime:0.000930s ]
INFO: TokenBuild Behavior ::run [ RunTime:0.000504s ]
INFO: WriteHtmlCache Behavior ::run [ RunTime:0.000352s ]
INFO: ShowRuntime Behavior ::run [ RunTime:0.000586s ]
INFO: [ view_filter ] --END-- [ RunTime:0.002518s ]
INFO: [ view_end ] --START--
INFO: ShowPageTrace Behavior ::run [ RunTime:0.000910s ]
INFO: [ view_end ] --END-- [ RunTime:0.001009s ]

[ 2015-05-22T10:45:09+08:00 ] 127.0.0.1 /index.php/Cart/addCart
INFO: [ route_check ] --START--
INFO: CheckRoute Behavior ::run [ RunTime:0.000925s ]
INFO: [ route_check ] --END-- [ RunTime:0.001007s ]
INFO: [ app_begin ] --START--
INFO: ReadHtmlCache Behavior ::run [ RunTime:0.000773s ]
INFO: [ app_begin ] --END-- [ RunTime:0.000873s ]
SQL: SHOW COLUMNS FROM `it_category` [ RunTime:0.008136s ]
SQL: SELECT * FROM `it_category` WHERE ( parent_id=0 )  [ RunTime:0.000324s ]
SQL: SELECT * FROM `it_category`  [ RunTime:0.000343s ]
NOTIC: [8] Undefined index: user_id D:\server\apache\htdocs\itshop\App\Lib\Action\Home\HomeAction.class.php 第 55 行.
NOTIC: [8] Undefined variable: cartdata D:\server\apache\htdocs\itshop\App\Lib\Action\Home\HomeAction.class.php 第 60 行.
NOTIC: [8] Undefined variable: cartdata D:\server\apache\htdocs\itshop\App\Lib\Action\Home\HomeAction.class.php 第 62 行.
NOTIC: [2] Invalid argument supplied for foreach() D:\server\apache\htdocs\itshop\App\Lib\Action\Home\HomeAction.class.php 第 62 行.
SQL: SHOW COLUMNS FROM `it_goods` [ RunTime:0.008111s ]
SQL: SELECT `id`,`goods_name`,`goods_thumb`,`shop_price` FROM `it_goods` WHERE ( id in (20,19,21,9,2,15,8,11,24,25,32,33,7,1,17,14) ) LIMIT 5   [ RunTime:0.000429s ]
NOTIC: [8] Undefined index: user_id D:\server\apache\htdocs\itshop\App\Lib\Action\Home\HomeAction.class.php 第 18 行.
NOTIC: [8] Undefined index: user_id D:\server\apache\htdocs\itshop\App\Lib\Action\Home\CartAction.class.php 第 6 行.
INFO: [ view_parse ] --START--
INFO: ParseTemplate Behavior ::run [ RunTime:0.044176s ]
INFO: [ view_parse ] --END-- [ RunTime:0.044262s ]
INFO: [ view_filter ] --START--
INFO: ContentReplace Behavior ::run [ RunTime:0.000560s ]
INFO: TokenBuild Behavior ::run [ RunTime:0.000438s ]
INFO: WriteHtmlCache Behavior ::run [ RunTime:0.000483s ]
INFO: ShowRuntime Behavior ::run [ RunTime:0.000509s ]
INFO: [ view_filter ] --END-- [ RunTime:0.002128s ]
INFO: [ view_end ] --START--
INFO: ShowPageTrace Behavior ::run [ RunTime:0.000845s ]
INFO: [ view_end ] --END-- [ RunTime:0.000896s ]

[ 2015-05-22T10:45:11+08:00 ] 127.0.0.1 /index.php/user/login.html
INFO: [ route_check ] --START--
INFO: CheckRoute Behavior ::run [ RunTime:0.000743s ]
INFO: [ route_check ] --END-- [ RunTime:0.000821s ]
INFO: [ app_begin ] --START--
INFO: ReadHtmlCache Behavior ::run [ RunTime:0.001651s ]
INFO: [ app_begin ] --END-- [ RunTime:0.001723s ]
SQL: SHOW COLUMNS FROM `it_category` [ RunTime:0.006249s ]
SQL: SELECT * FROM `it_category` WHERE ( parent_id=0 )  [ RunTime:0.000291s ]
SQL: SELECT * FROM `it_category`  [ RunTime:0.000414s ]
NOTIC: [8] Undefined index: user_id D:\server\apache\htdocs\itshop\App\Lib\Action\Home\HomeAction.class.php 第 55 行.
NOTIC: [8] Undefined variable: cartdata D:\server\apache\htdocs\itshop\App\Lib\Action\Home\HomeAction.class.php 第 60 行.
NOTIC: [8] Undefined variable: cartdata D:\server\apache\htdocs\itshop\App\Lib\Action\Home\HomeAction.class.php 第 62 行.
NOTIC: [2] Invalid argument supplied for foreach() D:\server\apache\htdocs\itshop\App\Lib\Action\Home\HomeAction.class.php 第 62 行.
SQL: SHOW COLUMNS FROM `it_goods` [ RunTime:0.008703s ]
SQL: SELECT `id`,`goods_name`,`goods_thumb`,`shop_price` FROM `it_goods` WHERE ( id in (20,19,21,9,2,15,8,11,24,25,32,33,7,1,17,14) ) LIMIT 5   [ RunTime:0.000417s ]
NOTIC: [8] Undefined index: user_id D:\server\apache\htdocs\itshop\App\Lib\Action\Home\HomeAction.class.php 第 18 行.
INFO: [ view_parse ] --START--
INFO: ParseTemplate Behavior ::run [ RunTime:0.029804s ]
INFO: [ view_parse ] --END-- [ RunTime:0.029913s ]
INFO: [ view_filter ] --START--
INFO: ContentReplace Behavior ::run [ RunTime:0.000785s ]
INFO: TokenBuild Behavior ::run [ RunTime:0.000381s ]
INFO: WriteHtmlCache Behavior ::run [ RunTime:0.000246s ]
INFO: ShowRuntime Behavior ::run [ RunTime:0.000418s ]
INFO: [ view_filter ] --END-- [ RunTime:0.001992s ]
INFO: [ view_end ] --START--
INFO: ShowPageTrace Behavior ::run [ RunTime:0.000850s ]
INFO: [ view_end ] --END-- [ RunTime:0.000958s ]

[ 2015-05-22T10:45:20+08:00 ] 127.0.0.1 /index.php/user/login
INFO: [ route_check ] --START--
INFO: CheckRoute Behavior ::run [ RunTime:0.001135s ]
INFO: [ route_check ] --END-- [ RunTime:0.001269s ]
INFO: [ app_begin ] --START--
INFO: ReadHtmlCache Behavior ::run [ RunTime:0.000860s ]
INFO: [ app_begin ] --END-- [ RunTime:0.000976s ]
SQL: SHOW COLUMNS FROM `it_category` [ RunTime:0.006269s ]
SQL: SELECT * FROM `it_category` WHERE ( parent_id=0 )  [ RunTime:0.000348s ]
SQL: SELECT * FROM `it_category`  [ RunTime:0.000386s ]
NOTIC: [8] Undefined index: user_id D:\server\apache\htdocs\itshop\App\Lib\Action\Home\HomeAction.class.php 第 55 行.
NOTIC: [8] Undefined variable: cartdata D:\server\apache\htdocs\itshop\App\Lib\Action\Home\HomeAction.class.php 第 60 行.
NOTIC: [8] Undefined variable: cartdata D:\server\apache\htdocs\itshop\App\Lib\Action\Home\HomeAction.class.php 第 62 行.
NOTIC: [2] Invalid argument supplied for foreach() D:\server\apache\htdocs\itshop\App\Lib\Action\Home\HomeAction.class.php 第 62 行.
SQL: SHOW COLUMNS FROM `it_goods` [ RunTime:0.007089s ]
SQL: SELECT `id`,`goods_name`,`goods_thumb`,`shop_price` FROM `it_goods` WHERE ( id in (20,19,21,9,2,15,8,11,24,25,32,33,7,1,17,14) ) LIMIT 5   [ RunTime:0.000356s ]
NOTIC: [8] Undefined index: user_id D:\server\apache\htdocs\itshop\App\Lib\Action\Home\HomeAction.class.php 第 18 行.
SQL: SHOW COLUMNS FROM `it_member` [ RunTime:0.094025s ]
NOTIC: [8] Undefined index: c D:\server\apache\htdocs\itshop\App\Lib\Action\Home\UserAction.class.php 第 31 行.
NOTIC: [8] Undefined index: act D:\server\apache\htdocs\itshop\App\Lib\Action\Home\UserAction.class.php 第 32 行.
SQL: SELECT * FROM `it_member` WHERE ( username='test2' ) LIMIT 1   [ RunTime:0.043941s ]
SQL: UPDATE `it_member` SET `last_time`=1432262720,`last_ip`='127.0.0.1' WHERE ( id=6 ) [ RunTime:0.165173s ]
NOTIC: [8] Undefined index: remember D:\server\apache\htdocs\itshop\App\Lib\Action\Home\UserAction.class.php 第 43 行.
INFO: [ view_parse ] --START--
INFO: ParseTemplate Behavior ::run [ RunTime:0.009137s ]
INFO: [ view_parse ] --END-- [ RunTime:0.009246s ]
INFO: [ view_filter ] --START--
INFO: ContentReplace Behavior ::run [ RunTime:0.000520s ]
INFO: TokenBuild Behavior ::run [ RunTime:0.000491s ]
INFO: WriteHtmlCache Behavior ::run [ RunTime:0.000342s ]
INFO: ShowRuntime Behavior ::run [ RunTime:0.000542s ]
INFO: [ view_filter ] --END-- [ RunTime:0.002031s ]
INFO: [ view_end ] --START--
INFO: ShowPageTrace Behavior ::run [ RunTime:0.000674s ]
INFO: [ view_end ] --END-- [ RunTime:0.000768s ]

[ 2015-05-22T10:45:21+08:00 ] 127.0.0.1 /index.php/Index/index
INFO: [ route_check ] --START--
INFO: CheckRoute Behavior ::run [ RunTime:0.000908s ]
INFO: [ route_check ] --END-- [ RunTime:0.000998s ]
INFO: [ app_begin ] --START--
INFO: ReadHtmlCache Behavior ::run [ RunTime:0.000559s ]
INFO: [ app_begin ] --END-- [ RunTime:0.000617s ]
SQL: SHOW COLUMNS FROM `it_category` [ RunTime:0.007513s ]
SQL: SELECT * FROM `it_category` WHERE ( parent_id=0 )  [ RunTime:0.001077s ]
SQL: SELECT * FROM `it_category`  [ RunTime:0.000614s ]
SQL: SHOW COLUMNS FROM `it_cart` [ RunTime:0.032299s ]
SQL: SELECT * FROM `it_cart` WHERE ( user_id=6 )  [ RunTime:0.001770s ]
SQL: SHOW COLUMNS FROM `it_goods` [ RunTime:0.008913s ]
SQL: SELECT `id`,`goods_name`,`goods_thumb`,`shop_price` FROM `it_goods` WHERE ( id in (20,19,21,9,2,15,8,11,24,25,32,33,7,1,17,14) ) LIMIT 5   [ RunTime:0.001719s ]
NOTIC: [8] Undefined index: user_id D:\server\apache\htdocs\itshop\App\Lib\Action\Home\HomeAction.class.php 第 18 行.
SQL: SHOW COLUMNS FROM `it_advert` [ RunTime:0.014060s ]
SQL: SELECT * FROM `it_advert` ORDER BY add_time  desc LIMIT 10   [ RunTime:0.001234s ]
SQL: select * from it_goods where is_hot = 1 and is_sale = 1 and  is_delete=0 order by sort desc limit 3 [ RunTime:0.001153s ]
SQL: select * from it_goods where is_new = 1 and is_sale = 1 and  is_delete=0 order by sort desc limit 3 [ RunTime:0.001295s ]
SQL: select * from it_goods where is_best = 1 and is_sale = 1 and  is_delete=0 order by sort desc limit 3 [ RunTime:0.000946s ]
SQL: SELECT * FROM `it_goods` WHERE ( is_hot=1 and is_delete=0 and is_sale=1 ) ORDER BY sort asc LIMIT 3   [ RunTime:0.000942s ]
SQL: SELECT * FROM `it_goods` WHERE ( is_sale=1 and  is_delete=0 ) LIMIT 5   [ RunTime:0.000958s ]
INFO: [ view_parse ] --START--
INFO: ParseTemplate Behavior ::run [ RunTime:0.021510s ]
INFO: [ view_parse ] --END-- [ RunTime:0.021611s ]
INFO: [ view_filter ] --START--
INFO: ContentReplace Behavior ::run [ RunTime:0.001077s ]
INFO: TokenBuild Behavior ::run [ RunTime:0.000596s ]
INFO: WriteHtmlCache Behavior ::run [ RunTime:0.000361s ]
INFO: ShowRuntime Behavior ::run [ RunTime:0.000684s ]
INFO: [ view_filter ] --END-- [ RunTime:0.002911s ]
INFO: [ view_end ] --START--
INFO: ShowPageTrace Behavior ::run [ RunTime:0.001583s ]
INFO: [ view_end ] --END-- [ RunTime:0.001710s ]

[ 2015-05-22T10:45:22+08:00 ] 127.0.0.1 /index.php/Goods/detail/id/1
INFO: [ route_check ] --START--
INFO: CheckRoute Behavior ::run [ RunTime:0.000916s ]
INFO: [ route_check ] --END-- [ RunTime:0.001078s ]
INFO: [ app_begin ] --START--
INFO: ReadHtmlCache Behavior ::run [ RunTime:0.000557s ]
INFO: [ app_begin ] --END-- [ RunTime:0.000657s ]
SQL: SHOW COLUMNS FROM `it_category` [ RunTime:0.005932s ]
SQL: SELECT * FROM `it_category` WHERE ( parent_id=0 )  [ RunTime:0.000408s ]
SQL: SELECT * FROM `it_category`  [ RunTime:0.000331s ]
SQL: SHOW COLUMNS FROM `it_cart` [ RunTime:0.007419s ]
SQL: SELECT * FROM `it_cart` WHERE ( user_id=6 )  [ RunTime:0.000443s ]
SQL: SHOW COLUMNS FROM `it_goods` [ RunTime:0.006930s ]
SQL: SELECT `id`,`goods_name`,`goods_thumb`,`shop_price` FROM `it_goods` WHERE ( id in (20,19,21,9,2,15,8,11,24,25,32,33,7,1,17,14) ) LIMIT 5   [ RunTime:0.000350s ]
NOTIC: [8] Undefined index: user_id D:\server\apache\htdocs\itshop\App\Lib\Action\Home\HomeAction.class.php 第 18 行.
SQL: SHOW COLUMNS FROM `it_brand` [ RunTime:0.006915s ]
SQL: SELECT * FROM `it_brand`  [ RunTime:0.000413s ]
SQL: SELECT * FROM `it_goods` WHERE ( `id` = 1 ) LIMIT 1   [ RunTime:0.000373s ]
SQL: select a.level_name,ifnull(b.level_price,920.00*a.rate/100) price  from it_member_level a 
				 left  join it_member_price b on a.id=b.level_id and b.goods_id=1 [ RunTime:0.000246s ]
SQL: select a.*,b.attr_name from it_goods_attr a left join it_attribute b on a.attr_id=b.id where a.goods_id=1 and b.attr_type=1 [ RunTime:0.000279s ]
SQL: SELECT * FROM `it_category`  [ RunTime:0.000250s ]
INFO: [ view_parse ] --START--
INFO: ParseTemplate Behavior ::run [ RunTime:0.018667s ]
INFO: [ view_parse ] --END-- [ RunTime:0.018748s ]
INFO: [ view_filter ] --START--
INFO: ContentReplace Behavior ::run [ RunTime:0.001047s ]
INFO: TokenBuild Behavior ::run [ RunTime:0.000594s ]
INFO: WriteHtmlCache Behavior ::run [ RunTime:0.000267s ]
INFO: ShowRuntime Behavior ::run [ RunTime:0.000848s ]
INFO: [ view_filter ] --END-- [ RunTime:0.002952s ]
INFO: [ view_end ] --START--
INFO: ShowPageTrace Behavior ::run [ RunTime:0.000832s ]
INFO: [ view_end ] --END-- [ RunTime:0.000914s ]

[ 2015-05-22T10:45:25+08:00 ] 127.0.0.1 /index.php/Cart/addCart
INFO: [ route_check ] --START--
INFO: CheckRoute Behavior ::run [ RunTime:0.001460s ]
INFO: [ route_check ] --END-- [ RunTime:0.001644s ]
INFO: [ app_begin ] --START--
INFO: ReadHtmlCache Behavior ::run [ RunTime:0.000934s ]
INFO: [ app_begin ] --END-- [ RunTime:0.001075s ]
SQL: SHOW COLUMNS FROM `it_category` [ RunTime:0.008846s ]
SQL: SELECT * FROM `it_category` WHERE ( parent_id=0 )  [ RunTime:0.001628s ]
SQL: SELECT * FROM `it_category`  [ RunTime:0.000810s ]
SQL: SHOW COLUMNS FROM `it_cart` [ RunTime:0.007742s ]
SQL: SELECT * FROM `it_cart` WHERE ( user_id=6 )  [ RunTime:0.001333s ]
SQL: SHOW COLUMNS FROM `it_goods` [ RunTime:0.008090s ]
SQL: SELECT `id`,`goods_name`,`goods_thumb`,`shop_price` FROM `it_goods` WHERE ( id in (20,19,21,9,2,15,8,11,24,25,32,33,7,1,17,14) ) LIMIT 5   [ RunTime:0.001623s ]
NOTIC: [8] Undefined index: user_id D:\server\apache\htdocs\itshop\App\Lib\Action\Home\HomeAction.class.php 第 18 行.
SQL: SELECT `shop_price` FROM `it_goods` WHERE ( id=1 ) LIMIT 1   [ RunTime:0.000923s ]
SQL: SHOW COLUMNS FROM `it_attribute` [ RunTime:0.007752s ]
SQL: SELECT * FROM `it_attribute`  [ RunTime:0.001830s ]
SQL: select attr_price from it_goods_attr where goods_id=1 and attr_value='黑色' [ RunTime:0.000945s ]
SQL: select attr_price from it_goods_attr where goods_id=1 and attr_value='32G' [ RunTime:0.000954s ]
SQL: SELECT * FROM `it_cart` WHERE ( goods_id=1 and goods_attr='颜色:黑色[0]<br/>内存:32G[30]' and session_id='hgpqgve7o6heil414cai3ah926' )  [ RunTime:0.000836s ]
SQL: insert into it_cart (goods_id,user_id,session_id,goods_name,shop_price,goods_number,goods_attr,goods_attr_price,goods_attr_id) values(1,6,'hgpqgve7o6heil414cai3ah926','华为c8812','920.00','1','颜色:黑色[0]<br/>内存:32G[30]','30','1,2') [ RunTime:0.006931s ]
INFO: [ view_parse ] --START--
INFO: ParseTemplate Behavior ::run [ RunTime:0.008935s ]
INFO: [ view_parse ] --END-- [ RunTime:0.009046s ]
INFO: [ view_filter ] --START--
INFO: ContentReplace Behavior ::run [ RunTime:0.000416s ]
INFO: TokenBuild Behavior ::run [ RunTime:0.000355s ]
INFO: WriteHtmlCache Behavior ::run [ RunTime:0.000246s ]
INFO: ShowRuntime Behavior ::run [ RunTime:0.000434s ]
INFO: [ view_filter ] --END-- [ RunTime:0.001596s ]
INFO: [ view_end ] --START--
INFO: ShowPageTrace Behavior ::run [ RunTime:0.000565s ]
INFO: [ view_end ] --END-- [ RunTime:0.000612s ]

[ 2015-05-22T10:45:26+08:00 ] 127.0.0.1 /index.php/Cart/showCart
INFO: [ route_check ] --START--
INFO: CheckRoute Behavior ::run [ RunTime:0.002140s ]
INFO: [ route_check ] --END-- [ RunTime:0.002356s ]
INFO: [ app_begin ] --START--
INFO: ReadHtmlCache Behavior ::run [ RunTime:0.000958s ]
INFO: [ app_begin ] --END-- [ RunTime:0.001041s ]
SQL: SHOW COLUMNS FROM `it_category` [ RunTime:0.006759s ]
SQL: SELECT * FROM `it_category` WHERE ( parent_id=0 )  [ RunTime:0.001473s ]
SQL: SELECT * FROM `it_category`  [ RunTime:0.001058s ]
SQL: SHOW COLUMNS FROM `it_cart` [ RunTime:0.007794s ]
SQL: SELECT * FROM `it_cart` WHERE ( user_id=6 )  [ RunTime:0.001629s ]
SQL: SHOW COLUMNS FROM `it_goods` [ RunTime:0.007344s ]
SQL: SELECT `id`,`goods_name`,`goods_thumb`,`shop_price` FROM `it_goods` WHERE ( id in (20,19,21,9,2,15,8,11,24,25,32,33,7,1,17,14) ) LIMIT 5   [ RunTime:0.001438s ]
NOTIC: [8] Undefined index: user_id D:\server\apache\htdocs\itshop\App\Lib\Action\Home\HomeAction.class.php 第 18 行.
SQL: SHOW COLUMNS FROM `it_cart` [ RunTime:0.007132s ]
SQL: SELECT * FROM `it_cart` WHERE ( user_id=6  )  [ RunTime:0.001966s ]
SQL: SELECT `goods_thumb` FROM `it_goods` WHERE ( id=17 ) LIMIT 1   [ RunTime:0.001109s ]
SQL: SELECT `goods_thumb` FROM `it_goods` WHERE ( id=1 ) LIMIT 1   [ RunTime:0.000883s ]
INFO: [ view_parse ] --START--
INFO: ParseTemplate Behavior ::run [ RunTime:0.013641s ]
INFO: [ view_parse ] --END-- [ RunTime:0.013749s ]
INFO: [ view_filter ] --START--
INFO: ContentReplace Behavior ::run [ RunTime:0.000885s ]
INFO: TokenBuild Behavior ::run [ RunTime:0.000575s ]
INFO: WriteHtmlCache Behavior ::run [ RunTime:0.000504s ]
INFO: ShowRuntime Behavior ::run [ RunTime:0.000482s ]
INFO: [ view_filter ] --END-- [ RunTime:0.002684s ]
INFO: [ view_end ] --START--
INFO: ShowPageTrace Behavior ::run [ RunTime:0.001894s ]
INFO: [ view_end ] --END-- [ RunTime:0.001988s ]

[ 2015-05-22T10:50:37+08:00 ] 127.0.0.1 /index.php/Goods/detail/id/17
INFO: [ route_check ] --START--
INFO: CheckRoute Behavior ::run [ RunTime:0.001326s ]
INFO: [ route_check ] --END-- [ RunTime:0.001436s ]
INFO: [ app_begin ] --START--
INFO: ReadHtmlCache Behavior ::run [ RunTime:0.000690s ]
INFO: [ app_begin ] --END-- [ RunTime:0.000748s ]
SQL: SHOW COLUMNS FROM `it_category` [ RunTime:0.012056s ]
SQL: SELECT * FROM `it_category` WHERE ( parent_id=0 )  [ RunTime:0.000497s ]
SQL: SELECT * FROM `it_category`  [ RunTime:0.000335s ]
SQL: SHOW COLUMNS FROM `it_cart` [ RunTime:0.006931s ]
SQL: SELECT * FROM `it_cart` WHERE ( user_id=6 )  [ RunTime:0.000388s ]
SQL: SHOW COLUMNS FROM `it_goods` [ RunTime:0.009649s ]
SQL: SELECT `id`,`goods_name`,`goods_thumb`,`shop_price` FROM `it_goods` WHERE ( id in (20,19,21,9,2,15,8,11,24,25,32,33,7,1,17,14) ) LIMIT 5   [ RunTime:0.001362s ]
NOTIC: [8] Undefined index: user_id D:\server\apache\htdocs\itshop\App\Lib\Action\Home\HomeAction.class.php 第 18 行.
SQL: SHOW COLUMNS FROM `it_brand` [ RunTime:0.009120s ]
SQL: SELECT * FROM `it_brand`  [ RunTime:0.000568s ]
SQL: SELECT * FROM `it_goods` WHERE ( `id` = 17 ) LIMIT 1   [ RunTime:0.001519s ]
SQL: select a.level_name,ifnull(b.level_price,3800.00*a.rate/100) price  from it_member_level a 
				 left  join it_member_price b on a.id=b.level_id and b.goods_id=17 [ RunTime:0.001252s ]
SQL: select a.*,b.attr_name from it_goods_attr a left join it_attribute b on a.attr_id=b.id where a.goods_id=17 and b.attr_type=1 [ RunTime:0.001045s ]
SQL: SELECT * FROM `it_category`  [ RunTime:0.000374s ]
INFO: [ view_parse ] --START--
INFO: ParseTemplate Behavior ::run [ RunTime:0.018995s ]
INFO: [ view_parse ] --END-- [ RunTime:0.019126s ]
INFO: [ view_filter ] --START--
INFO: ContentReplace Behavior ::run [ RunTime:0.001227s ]
INFO: TokenBuild Behavior ::run [ RunTime:0.000608s ]
INFO: WriteHtmlCache Behavior ::run [ RunTime:0.000400s ]
INFO: ShowRuntime Behavior ::run [ RunTime:0.000771s ]
INFO: [ view_filter ] --END-- [ RunTime:0.003193s ]
INFO: [ view_end ] --START--
INFO: ShowPageTrace Behavior ::run [ RunTime:0.000900s ]
INFO: [ view_end ] --END-- [ RunTime:0.000989s ]

